<?xml version="1.0" encoding="UTF-8"?>
<Site BuildName="(empty)"
	BuildStamp="20260731-1904-Experimental"
	Name="work"
	Generator="ctest-3.22.1"
	CompilerName="/usr/bin/c++"
	CompilerVersion="11.4.0"
	OSName="Linux"
	Hostname="work"
	OSRelease="6.8.0-124-generic"
	OSVersion="#124~22.04.1-Ubuntu SMP PREEMPT_DYNAMIC Tue May 26 21:05:19 UTC "
	OSPlatform="x86_64"
	Is64Bits="1"
	VendorString="AuthenticAMD"
	VendorID="Advanced Micro Devices"
	FamilyID="23"
	ModelID="96"
	ProcessorCacheSize="512"
	NumberOfLogicalCPU="12"
	NumberOfPhysicalCPU="6"
	TotalVirtualMemory="2047"
	TotalPhysicalMemory="15208"
	LogicalProcessorsPerPhysical="2"
	ProcessorClockFrequency="1769.12"
	>
	<Testing>
		<StartDateTime>Aug 01 02:04 +07</StartDateTime>
		<StartTestTime>1785524679</StartTestTime>
		<TestList>
			<Test>./cppcheck_rosidl_generated_c</Test>
			<Test>./cpplint_rosidl_generated_c</Test>
			<Test>./uncrustify_rosidl_generated_c</Test>
			<Test>./cppcheck_rosidl_typesupport_fastrtps_c</Test>
			<Test>./cpplint_rosidl_typesupport_fastrtps_c</Test>
			<Test>./uncrustify_rosidl_typesupport_fastrtps_c</Test>
			<Test>./cppcheck_rosidl_generated_cpp</Test>
			<Test>./cpplint_rosidl_generated_cpp</Test>
			<Test>./uncrustify_rosidl_generated_cpp</Test>
			<Test>./cppcheck_rosidl_typesupport_fastrtps_cpp</Test>
			<Test>./cpplint_rosidl_typesupport_fastrtps_cpp</Test>
			<Test>./uncrustify_rosidl_typesupport_fastrtps_cpp</Test>
			<Test>./cppcheck_rosidl_typesupport_introspection_c</Test>
			<Test>./cpplint_rosidl_typesupport_introspection_c</Test>
			<Test>./uncrustify_rosidl_typesupport_introspection_c</Test>
			<Test>./cppcheck_rosidl_typesupport_c</Test>
			<Test>./cpplint_rosidl_typesupport_c</Test>
			<Test>./uncrustify_rosidl_typesupport_c</Test>
			<Test>./cppcheck_rosidl_typesupport_introspection_cpp</Test>
			<Test>./cpplint_rosidl_typesupport_introspection_cpp</Test>
			<Test>./uncrustify_rosidl_typesupport_introspection_cpp</Test>
			<Test>./cppcheck_rosidl_typesupport_cpp</Test>
			<Test>./cpplint_rosidl_typesupport_cpp</Test>
			<Test>./uncrustify_rosidl_typesupport_cpp</Test>
			<Test>./cppcheck_rosidl_generated_py</Test>
			<Test>./cpplint_rosidl_generated_py</Test>
			<Test>./flake8_rosidl_generated_py</Test>
			<Test>./pep257_rosidl_generated_py</Test>
			<Test>./uncrustify_rosidl_generated_py</Test>
		</TestList>
		<Test Status="passed">
			<Name>cppcheck_rosidl_generated_c</Name>
			<Path>.</Path>
			<FullName>./cppcheck_rosidl_generated_c</FullName>
			<FullCommandLine>/usr/bin/python3.10 "-u" "/opt/ros/iron/share/ament_cmake_test/cmake/run_test.py" "/home/duong/Arduino/ROS2_ServiceRobot/uros_ws/build/drive_base_msgs/test_results/drive_base_msgs/cppcheck_rosidl_generated_c.xunit.xml" "--package-name" "drive_base_msgs" "--output-file" "/home/duong/Arduino/ROS2_ServiceRobot/uros_ws/build/drive_base_msgs/ament_cppcheck/cppcheck_rosidl_generated_c.txt" "--command" "/opt/ros/iron/bin/ament_cppcheck" "--xunit-file" "/home/duong/Arduino/ROS2_ServiceRobot/uros_ws/build/drive_base_msgs/test_results/drive_base_msgs/cppcheck_rosidl_generated_c.xunit.xml" "/home/duong/Arduino/ROS2_ServiceRobot/uros_ws/build/drive_base_msgs/rosidl_generator_c/drive_base_msgs"</FullCommandLine>
			<Results>
				<NamedMeasurement type="numeric/double" name="Execution Time">
					<Value>0.2512</Value>
				</NamedMeasurement>
				<NamedMeasurement type="numeric/double" name="Processors">
					<Value>1</Value>
				</NamedMeasurement>
				<NamedMeasurement type="text/string" name="Completion Status">
					<Value>Completed</Value>
				</NamedMeasurement>
				<NamedMeasurement type="text/string" name="Command Line">
					<Value>/usr/bin/python3.10 "-u" "/opt/ros/iron/share/ament_cmake_test/cmake/run_test.py" "/home/duong/Arduino/ROS2_ServiceRobot/uros_ws/build/drive_base_msgs/test_results/drive_base_msgs/cppcheck_rosidl_generated_c.xunit.xml" "--package-name" "drive_base_msgs" "--output-file" "/home/duong/Arduino/ROS2_ServiceRobot/uros_ws/build/drive_base_msgs/ament_cppcheck/cppcheck_rosidl_generated_c.txt" "--command" "/opt/ros/iron/bin/ament_cppcheck" "--xunit-file" "/home/duong/Arduino/ROS2_ServiceRobot/uros_ws/build/drive_base_msgs/test_results/drive_base_msgs/cppcheck_rosidl_generated_c.xunit.xml" "/home/duong/Arduino/ROS2_ServiceRobot/uros_ws/build/drive_base_msgs/rosidl_generator_c/drive_base_msgs"</Value>
				</NamedMeasurement>
				<NamedMeasurement type="text/string" name="Environment">
					<Value>#CTEST_RESOURCE_GROUP_COUNT=</Value>
				</NamedMeasurement>
				<Measurement>
					<Value>-- run_test.py: invoking following command in '/home/duong/Arduino/ROS2_ServiceRobot/uros_ws/src/uros/drive_base/drive_base_msgs':
 - /opt/ros/iron/bin/ament_cppcheck --xunit-file /home/duong/Arduino/ROS2_ServiceRobot/uros_ws/build/drive_base_msgs/test_results/drive_base_msgs/cppcheck_rosidl_generated_c.xunit.xml /home/duong/Arduino/ROS2_ServiceRobot/uros_ws/build/drive_base_msgs/rosidl_generator_c/drive_base_msgs
cppcheck 2.7 has known performance issues and therefore will not be used, set the AMENT_CPPCHECK_ALLOW_SLOW_VERSIONS environment variable to override this.
-- run_test.py: return code 0
-- run_test.py: verify result file '/home/duong/Arduino/ROS2_ServiceRobot/uros_ws/build/drive_base_msgs/test_results/drive_base_msgs/cppcheck_rosidl_generated_c.xunit.xml'
</Value>
				</Measurement>
			</Results>
			<Labels>
				<Label>cppcheck</Label>
				<Label>linter</Label>
			</Labels>
		</Test>
		<Test Status="passed">
			<Name>cpplint_rosidl_generated_c</Name>
			<Path>.</Path>
			<FullName>./cpplint_rosidl_generated_c</FullName>
			<FullCommandLine>/usr/bin/python3.10 "-u" "/opt/ros/iron/share/ament_cmake_test/cmake/run_test.py" "/home/duong/Arduino/ROS2_ServiceRobot/uros_ws/build/drive_base_msgs/test_results/drive_base_msgs/cpplint_rosidl_generated_c.xunit.xml" "--package-name" "drive_base_msgs" "--output-file" "/home/duong/Arduino/ROS2_ServiceRobot/uros_ws/build/drive_base_msgs/ament_cpplint/cpplint_rosidl_generated_c.txt" "--command" "/opt/ros/iron/bin/ament_cpplint" "--xunit-file" "/home/duong/Arduino/ROS2_ServiceRobot/uros_ws/build/drive_base_msgs/test_results/drive_base_msgs/cpplint_rosidl_generated_c.xunit.xml" "--linelength" "999" "--root" "/home/duong/Arduino/ROS2_ServiceRobot/uros_ws/build/drive_base_msgs/rosidl_generator_c" "/home/duong/Arduino/ROS2_ServiceRobot/uros_ws/build/drive_base_msgs/rosidl_generator_c/drive_base_msgs"</FullCommandLine>
			<Results>
				<NamedMeasurement type="numeric/double" name="Execution Time">
					<Value>1.5442</Value>
				</NamedMeasurement>
				<NamedMeasurement type="numeric/double" name="Processors">
					<Value>1</Value>
				</NamedMeasurement>
				<NamedMeasurement type="text/string" name="Completion Status">
					<Value>Completed</Value>
				</NamedMeasurement>
				<NamedMeasurement type="text/string" name="Command Line">
					<Value>/usr/bin/python3.10 "-u" "/opt/ros/iron/share/ament_cmake_test/cmake/run_test.py" "/home/duong/Arduino/ROS2_ServiceRobot/uros_ws/build/drive_base_msgs/test_results/drive_base_msgs/cpplint_rosidl_generated_c.xunit.xml" "--package-name" "drive_base_msgs" "--output-file" "/home/duong/Arduino/ROS2_ServiceRobot/uros_ws/build/drive_base_msgs/ament_cpplint/cpplint_rosidl_generated_c.txt" "--command" "/opt/ros/iron/bin/ament_cpplint" "--xunit-file" "/home/duong/Arduino/ROS2_ServiceRobot/uros_ws/build/drive_base_msgs/test_results/drive_base_msgs/cpplint_rosidl_generated_c.xunit.xml" "--linelength" "999" "--root" "/home/duong/Arduino/ROS2_ServiceRobot/uros_ws/build/drive_base_msgs/rosidl_generator_c" "/home/duong/Arduino/ROS2_ServiceRobot/uros_ws/build/drive_base_msgs/rosidl_generator_c/drive_base_msgs"</Value>
				</NamedMeasurement>
				<NamedMeasurement type="text/string" name="Environment">
					<Value>#CTEST_RESOURCE_GROUP_COUNT=</Value>
				</NamedMeasurement>
				<Measurement>
					<Value>-- run_test.py: invoking following command in '/home/duong/Arduino/ROS2_ServiceRobot/uros_ws/src/uros/drive_base/drive_base_msgs':
 - /opt/ros/iron/bin/ament_cpplint --xunit-file /home/duong/Arduino/ROS2_ServiceRobot/uros_ws/build/drive_base_msgs/test_results/drive_base_msgs/cpplint_rosidl_generated_c.xunit.xml --linelength 999 --root /home/duong/Arduino/ROS2_ServiceRobot/uros_ws/build/drive_base_msgs/rosidl_generator_c /home/duong/Arduino/ROS2_ServiceRobot/uros_ws/build/drive_base_msgs/rosidl_generator_c/drive_base_msgs
Using '--root=/home/duong/Arduino/ROS2_ServiceRobot/uros_ws/build/drive_base_msgs/rosidl_generator_c' argument

Done processing /home/duong/Arduino/ROS2_ServiceRobot/uros_ws/build/drive_base_msgs/rosidl_generator_c/drive_base_msgs/msg/base_info.h

Done processing /home/duong/Arduino/ROS2_ServiceRobot/uros_ws/build/drive_base_msgs/rosidl_generator_c/drive_base_msgs/msg/command_header.h

Done processing /home/duong/Arduino/ROS2_ServiceRobot/uros_ws/build/drive_base_msgs/rosidl_generator_c/drive_base_msgs/msg/command_status.h

Done processing /home/duong/Arduino/ROS2_ServiceRobot/uros_ws/build/drive_base_msgs/rosidl_generator_c/drive_base_msgs/msg/detail/base_info__description.c

Done processing /home/duong/Arduino/ROS2_ServiceRobot/uros_ws/build/drive_base_msgs/rosidl_generator_c/drive_base_msgs/msg/detail/base_info__functions.c

Done processing /home/duong/Arduino/ROS2_ServiceRobot/uros_ws/build/drive_base_msgs/rosidl_generator_c/drive_base_msgs/msg/detail/base_info__functions.h

Done processing /home/duong/Arduino/ROS2_ServiceRobot/uros_ws/build/drive_base_msgs/rosidl_generator_c/drive_base_msgs/msg/detail/base_info__struct.h

Done processing /home/duong/Arduino/ROS2_ServiceRobot/uros_ws/build/drive_base_msgs/rosidl_generator_c/drive_base_msgs/msg/detail/base_info__type_support.c

Done processing /home/duong/Arduino/ROS2_ServiceRobot/uros_ws/build/drive_base_msgs/rosidl_generator_c/drive_base_msgs/msg/detail/base_info__type_support.h

Done processing /home/duong/Arduino/ROS2_ServiceRobot/uros_ws/build/drive_base_msgs/rosidl_generator_c/drive_base_msgs/msg/detail/command_header__description.c

Done processing /home/duong/Arduino/ROS2_ServiceRobot/uros_ws/build/drive_base_msgs/rosidl_generator_c/drive_base_msgs/msg/detail/command_header__functions.c

Done processing /home/duong/Arduino/ROS2_ServiceRobot/uros_ws/build/drive_base_msgs/rosidl_generator_c/drive_base_msgs/msg/detail/command_header__functions.h

Done processing /home/duong/Arduino/ROS2_ServiceRobot/uros_ws/build/drive_base_msgs/rosidl_generator_c/drive_base_msgs/msg/detail/command_header__struct.h

Done processing /home/duong/Arduino/ROS2_ServiceRobot/uros_ws/build/drive_base_msgs/rosidl_generator_c/drive_base_msgs/msg/detail/command_header__type_support.c

Done processing /home/duong/Arduino/ROS2_ServiceRobot/uros_ws/build/drive_base_msgs/rosidl_generator_c/drive_base_msgs/msg/detail/command_header__type_support.h

Done processing /home/duong/Arduino/ROS2_ServiceRobot/uros_ws/build/drive_base_msgs/rosidl_generator_c/drive_base_msgs/msg/detail/command_status__description.c

Done processing /home/duong/Arduino/ROS2_ServiceRobot/uros_ws/build/drive_base_msgs/rosidl_generator_c/drive_base_msgs/msg/detail/command_status__functions.c

Done processing /home/duong/Arduino/ROS2_ServiceRobot/uros_ws/build/drive_base_msgs/rosidl_generator_c/drive_base_msgs/msg/detail/command_status__functions.h

Done processing /home/duong/Arduino/ROS2_ServiceRobot/uros_ws/build/drive_base_msgs/rosidl_generator_c/drive_base_msgs/msg/detail/command_status__struct.h

Done processing /home/duong/Arduino/ROS2_ServiceRobot/uros_ws/build/drive_base_msgs/rosidl_generator_c/drive_base_msgs/msg/detail/command_status__type_support.c

Done processing /home/duong/Arduino/ROS2_ServiceRobot/uros_ws/build/drive_base_msgs/rosidl_generator_c/drive_base_msgs/msg/detail/command_status__type_support.h

Done processing /home/duong/Arduino/ROS2_ServiceRobot/uros_ws/build/drive_base_msgs/rosidl_generator_c/drive_base_msgs/msg/detail/trv_command__description.c

Done processing /home/duong/Arduino/ROS2_ServiceRobot/uros_ws/build/drive_base_msgs/rosidl_generator_c/drive_base_msgs/msg/detail/trv_command__functions.c

Done processing /home/duong/Arduino/ROS2_ServiceRobot/uros_ws/build/drive_base_msgs/rosidl_generator_c/drive_base_msgs/msg/detail/trv_command__functions.h

Done processing /home/duong/Arduino/ROS2_ServiceRobot/uros_ws/build/drive_base_msgs/rosidl_generator_c/drive_base_msgs/msg/detail/trv_command__struct.h

Done processing /home/duong/Arduino/ROS2_ServiceRobot/uros_ws/build/drive_base_msgs/rosidl_generator_c/drive_base_msgs/msg/detail/trv_command__type_support.c

Done processing /home/duong/Arduino/ROS2_ServiceRobot/uros_ws/build/drive_base_msgs/rosidl_generator_c/drive_base_msgs/msg/detail/trv_command__type_support.h

Done processing /home/duong/Arduino/ROS2_ServiceRobot/uros_ws/build/drive_base_msgs/rosidl_generator_c/drive_base_msgs/msg/rosidl_generator_c__visibility_control.h

Done processing /home/duong/Arduino/ROS2_ServiceRobot/uros_ws/build/drive_base_msgs/rosidl_generator_c/drive_base_msgs/msg/trv_command.h

No problems found
-- run_test.py: return code 0
-- run_test.py: verify result file '/home/duong/Arduino/ROS2_ServiceRobot/uros_ws/build/drive_base_msgs/test_results/drive_base_msgs/cpplint_rosidl_generated_c.xunit.xml'
</Value>
				</Measurement>
			</Results>
			<Labels>
				<Label>cpplint</Label>
				<Label>linter</Label>
			</Labels>
		</Test>
		<Test Status="passed">
			<Name>uncrustify_rosidl_generated_c</Name>
			<Path>.</Path>
			<FullName>./uncrustify_rosidl_generated_c</FullName>
			<FullCommandLine>/usr/bin/python3.10 "-u" "/opt/ros/iron/share/ament_cmake_test/cmake/run_test.py" "/home/duong/Arduino/ROS2_ServiceRobot/uros_ws/build/drive_base_msgs/test_results/drive_base_msgs/uncrustify_rosidl_generated_c.xunit.xml" "--package-name" "drive_base_msgs" "--output-file" "/home/duong/Arduino/ROS2_ServiceRobot/uros_ws/build/drive_base_msgs/ament_uncrustify/uncrustify_rosidl_generated_c.txt" "--command" "/opt/ros/iron/bin/ament_uncrustify" "--xunit-file" "/home/duong/Arduino/ROS2_ServiceRobot/uros_ws/build/drive_base_msgs/test_results/drive_base_msgs/uncrustify_rosidl_generated_c.xunit.xml" "--linelength" "0" "/home/duong/Arduino/ROS2_ServiceRobot/uros_ws/build/drive_base_msgs/rosidl_generator_c/drive_base_msgs"</FullCommandLine>
			<Results>
				<NamedMeasurement type="numeric/double" name="Execution Time">
					<Value>0.389445</Value>
				</NamedMeasurement>
				<NamedMeasurement type="numeric/double" name="Processors">
					<Value>1</Value>
				</NamedMeasurement>
				<NamedMeasurement type="text/string" name="Completion Status">
					<Value>Completed</Value>
				</NamedMeasurement>
				<NamedMeasurement type="text/string" name="Command Line">
					<Value>/usr/bin/python3.10 "-u" "/opt/ros/iron/share/ament_cmake_test/cmake/run_test.py" "/home/duong/Arduino/ROS2_ServiceRobot/uros_ws/build/drive_base_msgs/test_results/drive_base_msgs/uncrustify_rosidl_generated_c.xunit.xml" "--package-name" "drive_base_msgs" "--output-file" "/home/duong/Arduino/ROS2_ServiceRobot/uros_ws/build/drive_base_msgs/ament_uncrustify/uncrustify_rosidl_generated_c.txt" "--command" "/opt/ros/iron/bin/ament_uncrustify" "--xunit-file" "/home/duong/Arduino/ROS2_ServiceRobot/uros_ws/build/drive_base_msgs/test_results/drive_base_msgs/uncrustify_rosidl_generated_c.xunit.xml" "--linelength" "0" "/home/duong/Arduino/ROS2_ServiceRobot/uros_ws/build/drive_base_msgs/rosidl_generator_c/drive_base_msgs"</Value>
				</NamedMeasurement>
				<NamedMeasurement type="text/string" name="Environment">
					<Value>#CTEST_RESOURCE_GROUP_COUNT=</Value>
				</NamedMeasurement>
				<Measurement>
					<Value>-- run_test.py: invoking following command in '/home/duong/Arduino/ROS2_ServiceRobot/uros_ws/src/uros/drive_base/drive_base_msgs':
 - /opt/ros/iron/bin/ament_uncrustify --xunit-file /home/duong/Arduino/ROS2_ServiceRobot/uros_ws/build/drive_base_msgs/test_results/drive_base_msgs/uncrustify_rosidl_generated_c.xunit.xml --linelength 0 /home/duong/Arduino/ROS2_ServiceRobot/uros_ws/build/drive_base_msgs/rosidl_generator_c/drive_base_msgs
No code style divergence in file '/home/duong/Arduino/ROS2_ServiceRobot/uros_ws/build/drive_base_msgs/rosidl_generator_c/drive_base_msgs/msg/base_info.h'

No code style divergence in file '/home/duong/Arduino/ROS2_ServiceRobot/uros_ws/build/drive_base_msgs/rosidl_generator_c/drive_base_msgs/msg/command_header.h'

No code style divergence in file '/home/duong/Arduino/ROS2_ServiceRobot/uros_ws/build/drive_base_msgs/rosidl_generator_c/drive_base_msgs/msg/command_status.h'

No code style divergence in file '/home/duong/Arduino/ROS2_ServiceRobot/uros_ws/build/drive_base_msgs/rosidl_generator_c/drive_base_msgs/msg/detail/base_info__description.c'

No code style divergence in file '/home/duong/Arduino/ROS2_ServiceRobot/uros_ws/build/drive_base_msgs/rosidl_generator_c/drive_base_msgs/msg/detail/base_info__functions.c'

No code style divergence in file '/home/duong/Arduino/ROS2_ServiceRobot/uros_ws/build/drive_base_msgs/rosidl_generator_c/drive_base_msgs/msg/detail/base_info__functions.h'

No code style divergence in file '/home/duong/Arduino/ROS2_ServiceRobot/uros_ws/build/drive_base_msgs/rosidl_generator_c/drive_base_msgs/msg/detail/base_info__struct.h'

No code style divergence in file '/home/duong/Arduino/ROS2_ServiceRobot/uros_ws/build/drive_base_msgs/rosidl_generator_c/drive_base_msgs/msg/detail/base_info__type_support.c'

No code style divergence in file '/home/duong/Arduino/ROS2_ServiceRobot/uros_ws/build/drive_base_msgs/rosidl_generator_c/drive_base_msgs/msg/detail/base_info__type_support.h'

No code style divergence in file '/home/duong/Arduino/ROS2_ServiceRobot/uros_ws/build/drive_base_msgs/rosidl_generator_c/drive_base_msgs/msg/detail/command_header__description.c'

No code style divergence in file '/home/duong/Arduino/ROS2_ServiceRobot/uros_ws/build/drive_base_msgs/rosidl_generator_c/drive_base_msgs/msg/detail/command_header__functions.c'

No code style divergence in file '/home/duong/Arduino/ROS2_ServiceRobot/uros_ws/build/drive_base_msgs/rosidl_generator_c/drive_base_msgs/msg/detail/command_header__functions.h'

No code style divergence in file '/home/duong/Arduino/ROS2_ServiceRobot/uros_ws/build/drive_base_msgs/rosidl_generator_c/drive_base_msgs/msg/detail/command_header__struct.h'

No code style divergence in file '/home/duong/Arduino/ROS2_ServiceRobot/uros_ws/build/drive_base_msgs/rosidl_generator_c/drive_base_msgs/msg/detail/command_header__type_support.c'

No code style divergence in file '/home/duong/Arduino/ROS2_ServiceRobot/uros_ws/build/drive_base_msgs/rosidl_generator_c/drive_base_msgs/msg/detail/command_header__type_support.h'

No code style divergence in file '/home/duong/Arduino/ROS2_ServiceRobot/uros_ws/build/drive_base_msgs/rosidl_generator_c/drive_base_msgs/msg/detail/command_status__description.c'

No code style divergence in file '/home/duong/Arduino/ROS2_ServiceRobot/uros_ws/build/drive_base_msgs/rosidl_generator_c/drive_base_msgs/msg/detail/command_status__functions.c'

No code style divergence in file '/home/duong/Arduino/ROS2_ServiceRobot/uros_ws/build/drive_base_msgs/rosidl_generator_c/drive_base_msgs/msg/detail/command_status__functions.h'

No code style divergence in file '/home/duong/Arduino/ROS2_ServiceRobot/uros_ws/build/drive_base_msgs/rosidl_generator_c/drive_base_msgs/msg/detail/command_status__struct.h'

No code style divergence in file '/home/duong/Arduino/ROS2_ServiceRobot/uros_ws/build/drive_base_msgs/rosidl_generator_c/drive_base_msgs/msg/detail/command_status__type_support.c'

No code style divergence in file '/home/duong/Arduino/ROS2_ServiceRobot/uros_ws/build/drive_base_msgs/rosidl_generator_c/drive_base_msgs/msg/detail/command_status__type_support.h'

No code style divergence in file '/home/duong/Arduino/ROS2_ServiceRobot/uros_ws/build/drive_base_msgs/rosidl_generator_c/drive_base_msgs/msg/detail/trv_command__description.c'

No code style divergence in file '/home/duong/Arduino/ROS2_ServiceRobot/uros_ws/build/drive_base_msgs/rosidl_generator_c/drive_base_msgs/msg/detail/trv_command__functions.c'

No code style divergence in file '/home/duong/Arduino/ROS2_ServiceRobot/uros_ws/build/drive_base_msgs/rosidl_generator_c/drive_base_msgs/msg/detail/trv_command__functions.h'

No code style divergence in file '/home/duong/Arduino/ROS2_ServiceRobot/uros_ws/build/drive_base_msgs/rosidl_generator_c/drive_base_msgs/msg/detail/trv_command__struct.h'

No code style divergence in file '/home/duong/Arduino/ROS2_ServiceRobot/uros_ws/build/drive_base_msgs/rosidl_generator_c/drive_base_msgs/msg/detail/trv_command__type_support.c'

No code style divergence in file '/home/duong/Arduino/ROS2_ServiceRobot/uros_ws/build/drive_base_msgs/rosidl_generator_c/drive_base_msgs/msg/detail/trv_command__type_support.h'

No code style divergence in file '/home/duong/Arduino/ROS2_ServiceRobot/uros_ws/build/drive_base_msgs/rosidl_generator_c/drive_base_msgs/msg/rosidl_generator_c__visibility_control.h'

No code style divergence in file '/home/duong/Arduino/ROS2_ServiceRobot/uros_ws/build/drive_base_msgs/rosidl_generator_c/drive_base_msgs/msg/trv_command.h'

No problems found
-- run_test.py: return code 0
-- run_test.py: verify result file '/home/duong/Arduino/ROS2_ServiceRobot/uros_ws/build/drive_base_msgs/test_results/drive_base_msgs/uncrustify_rosidl_generated_c.xunit.xml'
</Value>
				</Measurement>
			</Results>
			<Labels>
				<Label>linter</Label>
				<Label>uncrustify</Label>
			</Labels>
		</Test>
		<Test Status="passed">
			<Name>cppcheck_rosidl_typesupport_fastrtps_c</Name>
			<Path>.</Path>
			<FullName>./cppcheck_rosidl_typesupport_fastrtps_c</FullName>
			<FullCommandLine>/usr/bin/python3.10 "-u" "/opt/ros/iron/share/ament_cmake_test/cmake/run_test.py" "/home/duong/Arduino/ROS2_ServiceRobot/uros_ws/build/drive_base_msgs/test_results/drive_base_msgs/cppcheck_rosidl_typesupport_fastrtps_c.xunit.xml" "--package-name" "drive_base_msgs" "--output-file" "/home/duong/Arduino/ROS2_ServiceRobot/uros_ws/build/drive_base_msgs/ament_cppcheck/cppcheck_rosidl_typesupport_fastrtps_c.txt" "--command" "/opt/ros/iron/bin/ament_cppcheck" "--xunit-file" "/home/duong/Arduino/ROS2_ServiceRobot/uros_ws/build/drive_base_msgs/test_results/drive_base_msgs/cppcheck_rosidl_typesupport_fastrtps_c.xunit.xml" "/home/duong/Arduino/ROS2_ServiceRobot/uros_ws/build/drive_base_msgs/rosidl_typesupport_fastrtps_c/drive_base_msgs/msg/detail/command_header__rosidl_typesupport_fastrtps_c.h" "/home/duong/Arduino/ROS2_ServiceRobot/uros_ws/build/drive_base_msgs/rosidl_typesupport_fastrtps_c/drive_base_msgs/msg/detail/command_header__type_support_c.cpp" "/home/duong/Arduino/ROS2_ServiceRobot/uros_ws/build/drive_base_msgs/rosidl_typesupport_fastrtps_c/drive_base_msgs/msg/detail/base_info__rosidl_typesupport_fastrtps_c.h" "/home/duong/Arduino/ROS2_ServiceRobot/uros_ws/build/drive_base_msgs/rosidl_typesupport_fastrtps_c/drive_base_msgs/msg/detail/base_info__type_support_c.cpp" "/home/duong/Arduino/ROS2_ServiceRobot/uros_ws/build/drive_base_msgs/rosidl_typesupport_fastrtps_c/drive_base_msgs/msg/detail/command_status__rosidl_typesupport_fastrtps_c.h" "/home/duong/Arduino/ROS2_ServiceRobot/uros_ws/build/drive_base_msgs/rosidl_typesupport_fastrtps_c/drive_base_msgs/msg/detail/command_status__type_support_c.cpp" "/home/duong/Arduino/ROS2_ServiceRobot/uros_ws/build/drive_base_msgs/rosidl_typesupport_fastrtps_c/drive_base_msgs/msg/detail/trv_command__rosidl_typesupport_fastrtps_c.h" "/home/duong/Arduino/ROS2_ServiceRobot/uros_ws/build/drive_base_msgs/rosidl_typesupport_fastrtps_c/drive_base_msgs/msg/detail/trv_command__type_support_c.cpp"</FullCommandLine>
			<Results>
				<NamedMeasurement type="numeric/double" name="Execution Time">
					<Value>0.274178</Value>
				</NamedMeasurement>
				<NamedMeasurement type="numeric/double" name="Processors">
					<Value>1</Value>
				</NamedMeasurement>
				<NamedMeasurement type="text/string" name="Completion Status">
					<Value>Completed</Value>
				</NamedMeasurement>
				<NamedMeasurement type="text/string" name="Command Line">
					<Value>/usr/bin/python3.10 "-u" "/opt/ros/iron/share/ament_cmake_test/cmake/run_test.py" "/home/duong/Arduino/ROS2_ServiceRobot/uros_ws/build/drive_base_msgs/test_results/drive_base_msgs/cppcheck_rosidl_typesupport_fastrtps_c.xunit.xml" "--package-name" "drive_base_msgs" "--output-file" "/home/duong/Arduino/ROS2_ServiceRobot/uros_ws/build/drive_base_msgs/ament_cppcheck/cppcheck_rosidl_typesupport_fastrtps_c.txt" "--command" "/opt/ros/iron/bin/ament_cppcheck" "--xunit-file" "/home/duong/Arduino/ROS2_ServiceRobot/uros_ws/build/drive_base_msgs/test_results/drive_base_msgs/cppcheck_rosidl_typesupport_fastrtps_c.xunit.xml" "/home/duong/Arduino/ROS2_ServiceRobot/uros_ws/build/drive_base_msgs/rosidl_typesupport_fastrtps_c/drive_base_msgs/msg/detail/command_header__rosidl_typesupport_fastrtps_c.h" "/home/duong/Arduino/ROS2_ServiceRobot/uros_ws/build/drive_base_msgs/rosidl_typesupport_fastrtps_c/drive_base_msgs/msg/detail/command_header__type_support_c.cpp" "/home/duong/Arduino/ROS2_ServiceRobot/uros_ws/build/drive_base_msgs/rosidl_typesupport_fastrtps_c/drive_base_msgs/msg/detail/base_info__rosidl_typesupport_fastrtps_c.h" "/home/duong/Arduino/ROS2_ServiceRobot/uros_ws/build/drive_base_msgs/rosidl_typesupport_fastrtps_c/drive_base_msgs/msg/detail/base_info__type_support_c.cpp" "/home/duong/Arduino/ROS2_ServiceRobot/uros_ws/build/drive_base_msgs/rosidl_typesupport_fastrtps_c/drive_base_msgs/msg/detail/command_status__rosidl_typesupport_fastrtps_c.h" "/home/duong/Arduino/ROS2_ServiceRobot/uros_ws/build/drive_base_msgs/rosidl_typesupport_fastrtps_c/drive_base_msgs/msg/detail/command_status__type_support_c.cpp" "/home/duong/Arduino/ROS2_ServiceRobot/uros_ws/build/drive_base_msgs/rosidl_typesupport_fastrtps_c/drive_base_msgs/msg/detail/trv_command__rosidl_typesupport_fastrtps_c.h" "/home/duong/Arduino/ROS2_ServiceRobot/uros_ws/build/drive_base_msgs/rosidl_typesupport_fastrtps_c/drive_base_msgs/msg/detail/trv_command__type_support_c.cpp"</Value>
				</NamedMeasurement>
				<NamedMeasurement type="text/string" name="Environment">
					<Value>#CTEST_RESOURCE_GROUP_COUNT=</Value>
				</NamedMeasurement>
				<Measurement>
					<Value>-- run_test.py: invoking following command in '/home/duong/Arduino/ROS2_ServiceRobot/uros_ws/src/uros/drive_base/drive_base_msgs':
 - /opt/ros/iron/bin/ament_cppcheck --xunit-file /home/duong/Arduino/ROS2_ServiceRobot/uros_ws/build/drive_base_msgs/test_results/drive_base_msgs/cppcheck_rosidl_typesupport_fastrtps_c.xunit.xml /home/duong/Arduino/ROS2_ServiceRobot/uros_ws/build/drive_base_msgs/rosidl_typesupport_fastrtps_c/drive_base_msgs/msg/detail/command_header__rosidl_typesupport_fastrtps_c.h /home/duong/Arduino/ROS2_ServiceRobot/uros_ws/build/drive_base_msgs/rosidl_typesupport_fastrtps_c/drive_base_msgs/msg/detail/command_header__type_support_c.cpp /home/duong/Arduino/ROS2_ServiceRobot/uros_ws/build/drive_base_msgs/rosidl_typesupport_fastrtps_c/drive_base_msgs/msg/detail/base_info__rosidl_typesupport_fastrtps_c.h /home/duong/Arduino/ROS2_ServiceRobot/uros_ws/build/drive_base_msgs/rosidl_typesupport_fastrtps_c/drive_base_msgs/msg/detail/base_info__type_support_c.cpp /home/duong/Arduino/ROS2_ServiceRobot/uros_ws/build/drive_base_msgs/rosidl_typesupport_fastrtps_c/drive_base_msgs/msg/detail/command_status__rosidl_typesupport_fastrtps_c.h /home/duong/Arduino/ROS2_ServiceRobot/uros_ws/build/drive_base_msgs/rosidl_typesupport_fastrtps_c/drive_base_msgs/msg/detail/command_status__type_support_c.cpp /home/duong/Arduino/ROS2_ServiceRobot/uros_ws/build/drive_base_msgs/rosidl_typesupport_fastrtps_c/drive_base_msgs/msg/detail/trv_command__rosidl_typesupport_fastrtps_c.h /home/duong/Arduino/ROS2_ServiceRobot/uros_ws/build/drive_base_msgs/rosidl_typesupport_fastrtps_c/drive_base_msgs/msg/detail/trv_command__type_support_c.cpp
cppcheck 2.7 has known performance issues and therefore will not be used, set the AMENT_CPPCHECK_ALLOW_SLOW_VERSIONS environment variable to override this.
-- run_test.py: return code 0
-- run_test.py: verify result file '/home/duong/Arduino/ROS2_ServiceRobot/uros_ws/build/drive_base_msgs/test_results/drive_base_msgs/cppcheck_rosidl_typesupport_fastrtps_c.xunit.xml'
</Value>
				</Measurement>
			</Results>
			<Labels>
				<Label>cppcheck</Label>
				<Label>linter</Label>
			</Labels>
		</Test>
		<Test Status="passed">
			<Name>cpplint_rosidl_typesupport_fastrtps_c</Name>
			<Path>.</Path>
			<FullName>./cpplint_rosidl_typesupport_fastrtps_c</FullName>
			<FullCommandLine>/usr/bin/python3.10 "-u" "/opt/ros/iron/share/ament_cmake_test/cmake/run_test.py" "/home/duong/Arduino/ROS2_ServiceRobot/uros_ws/build/drive_base_msgs/test_results/drive_base_msgs/cpplint_rosidl_typesupport_fastrtps_c.xunit.xml" "--package-name" "drive_base_msgs" "--output-file" "/home/duong/Arduino/ROS2_ServiceRobot/uros_ws/build/drive_base_msgs/ament_cpplint/cpplint_rosidl_typesupport_fastrtps_c.txt" "--command" "/opt/ros/iron/bin/ament_cpplint" "--xunit-file" "/home/duong/Arduino/ROS2_ServiceRobot/uros_ws/build/drive_base_msgs/test_results/drive_base_msgs/cpplint_rosidl_typesupport_fastrtps_c.xunit.xml" "--linelength" "999" "--root" "/home/duong/Arduino/ROS2_ServiceRobot/uros_ws/build/drive_base_msgs/rosidl_typesupport_fastrtps_c" "/home/duong/Arduino/ROS2_ServiceRobot/uros_ws/build/drive_base_msgs/rosidl_typesupport_fastrtps_c/drive_base_msgs/msg/detail/command_header__rosidl_typesupport_fastrtps_c.h" "/home/duong/Arduino/ROS2_ServiceRobot/uros_ws/build/drive_base_msgs/rosidl_typesupport_fastrtps_c/drive_base_msgs/msg/detail/command_header__type_support_c.cpp" "/home/duong/Arduino/ROS2_ServiceRobot/uros_ws/build/drive_base_msgs/rosidl_typesupport_fastrtps_c/drive_base_msgs/msg/detail/base_info__rosidl_typesupport_fastrtps_c.h" "/home/duong/Arduino/ROS2_ServiceRobot/uros_ws/build/drive_base_msgs/rosidl_typesupport_fastrtps_c/drive_base_msgs/msg/detail/base_info__type_support_c.cpp" "/home/duong/Arduino/ROS2_ServiceRobot/uros_ws/build/drive_base_msgs/rosidl_typesupport_fastrtps_c/drive_base_msgs/msg/detail/command_status__rosidl_typesupport_fastrtps_c.h" "/home/duong/Arduino/ROS2_ServiceRobot/uros_ws/build/drive_base_msgs/rosidl_typesupport_fastrtps_c/drive_base_msgs/msg/detail/command_status__type_support_c.cpp" "/home/duong/Arduino/ROS2_ServiceRobot/uros_ws/build/drive_base_msgs/rosidl_typesupport_fastrtps_c/drive_base_msgs/msg/detail/trv_command__rosidl_typesupport_fastrtps_c.h" "/home/duong/Arduino/ROS2_ServiceRobot/uros_ws/build/drive_base_msgs/rosidl_typesupport_fastrtps_c/drive_base_msgs/msg/detail/trv_command__type_support_c.cpp"</FullCommandLine>
			<Results>
				<NamedMeasurement type="numeric/double" name="Execution Time">
					<Value>0.875457</Value>
				</NamedMeasurement>
				<NamedMeasurement type="numeric/double" name="Processors">
					<Value>1</Value>
				</NamedMeasurement>
				<NamedMeasurement type="text/string" name="Completion Status">
					<Value>Completed</Value>
				</NamedMeasurement>
				<NamedMeasurement type="text/string" name="Command Line">
					<Value>/usr/bin/python3.10 "-u" "/opt/ros/iron/share/ament_cmake_test/cmake/run_test.py" "/home/duong/Arduino/ROS2_ServiceRobot/uros_ws/build/drive_base_msgs/test_results/drive_base_msgs/cpplint_rosidl_typesupport_fastrtps_c.xunit.xml" "--package-name" "drive_base_msgs" "--output-file" "/home/duong/Arduino/ROS2_ServiceRobot/uros_ws/build/drive_base_msgs/ament_cpplint/cpplint_rosidl_typesupport_fastrtps_c.txt" "--command" "/opt/ros/iron/bin/ament_cpplint" "--xunit-file" "/home/duong/Arduino/ROS2_ServiceRobot/uros_ws/build/drive_base_msgs/test_results/drive_base_msgs/cpplint_rosidl_typesupport_fastrtps_c.xunit.xml" "--linelength" "999" "--root" "/home/duong/Arduino/ROS2_ServiceRobot/uros_ws/build/drive_base_msgs/rosidl_typesupport_fastrtps_c" "/home/duong/Arduino/ROS2_ServiceRobot/uros_ws/build/drive_base_msgs/rosidl_typesupport_fastrtps_c/drive_base_msgs/msg/detail/command_header__rosidl_typesupport_fastrtps_c.h" "/home/duong/Arduino/ROS2_ServiceRobot/uros_ws/build/drive_base_msgs/rosidl_typesupport_fastrtps_c/drive_base_msgs/msg/detail/command_header__type_support_c.cpp" "/home/duong/Arduino/ROS2_ServiceRobot/uros_ws/build/drive_base_msgs/rosidl_typesupport_fastrtps_c/drive_base_msgs/msg/detail/base_info__rosidl_typesupport_fastrtps_c.h" "/home/duong/Arduino/ROS2_ServiceRobot/uros_ws/build/drive_base_msgs/rosidl_typesupport_fastrtps_c/drive_base_msgs/msg/detail/base_info__type_support_c.cpp" "/home/duong/Arduino/ROS2_ServiceRobot/uros_ws/build/drive_base_msgs/rosidl_typesupport_fastrtps_c/drive_base_msgs/msg/detail/command_status__rosidl_typesupport_fastrtps_c.h" "/home/duong/Arduino/ROS2_ServiceRobot/uros_ws/build/drive_base_msgs/rosidl_typesupport_fastrtps_c/drive_base_msgs/msg/detail/command_status__type_support_c.cpp" "/home/duong/Arduino/ROS2_ServiceRobot/uros_ws/build/drive_base_msgs/rosidl_typesupport_fastrtps_c/drive_base_msgs/msg/detail/trv_command__rosidl_typesupport_fastrtps_c.h" "/home/duong/Arduino/ROS2_ServiceRobot/uros_ws/build/drive_base_msgs/rosidl_typesupport_fastrtps_c/drive_base_msgs/msg/detail/trv_command__type_support_c.cpp"</Value>
				</NamedMeasurement>
				<NamedMeasurement type="text/string" name="Environment">
					<Value>#CTEST_RESOURCE_GROUP_COUNT=</Value>
				</NamedMeasurement>
				<Measurement>
					<Value>-- run_test.py: invoking following command in '/home/duong/Arduino/ROS2_ServiceRobot/uros_ws/src/uros/drive_base/drive_base_msgs':
 - /opt/ros/iron/bin/ament_cpplint --xunit-file /home/duong/Arduino/ROS2_ServiceRobot/uros_ws/build/drive_base_msgs/test_results/drive_base_msgs/cpplint_rosidl_typesupport_fastrtps_c.xunit.xml --linelength 999 --root /home/duong/Arduino/ROS2_ServiceRobot/uros_ws/build/drive_base_msgs/rosidl_typesupport_fastrtps_c /home/duong/Arduino/ROS2_ServiceRobot/uros_ws/build/drive_base_msgs/rosidl_typesupport_fastrtps_c/drive_base_msgs/msg/detail/command_header__rosidl_typesupport_fastrtps_c.h /home/duong/Arduino/ROS2_ServiceRobot/uros_ws/build/drive_base_msgs/rosidl_typesupport_fastrtps_c/drive_base_msgs/msg/detail/command_header__type_support_c.cpp /home/duong/Arduino/ROS2_ServiceRobot/uros_ws/build/drive_base_msgs/rosidl_typesupport_fastrtps_c/drive_base_msgs/msg/detail/base_info__rosidl_typesupport_fastrtps_c.h /home/duong/Arduino/ROS2_ServiceRobot/uros_ws/build/drive_base_msgs/rosidl_typesupport_fastrtps_c/drive_base_msgs/msg/detail/base_info__type_support_c.cpp /home/duong/Arduino/ROS2_ServiceRobot/uros_ws/build/drive_base_msgs/rosidl_typesupport_fastrtps_c/drive_base_msgs/msg/detail/command_status__rosidl_typesupport_fastrtps_c.h /home/duong/Arduino/ROS2_ServiceRobot/uros_ws/build/drive_base_msgs/rosidl_typesupport_fastrtps_c/drive_base_msgs/msg/detail/command_status__type_support_c.cpp /home/duong/Arduino/ROS2_ServiceRobot/uros_ws/build/drive_base_msgs/rosidl_typesupport_fastrtps_c/drive_base_msgs/msg/detail/trv_command__rosidl_typesupport_fastrtps_c.h /home/duong/Arduino/ROS2_ServiceRobot/uros_ws/build/drive_base_msgs/rosidl_typesupport_fastrtps_c/drive_base_msgs/msg/detail/trv_command__type_support_c.cpp
Using '--root=/home/duong/Arduino/ROS2_ServiceRobot/uros_ws/build/drive_base_msgs/rosidl_typesupport_fastrtps_c' argument

Done processing /home/duong/Arduino/ROS2_ServiceRobot/uros_ws/build/drive_base_msgs/rosidl_typesupport_fastrtps_c/drive_base_msgs/msg/detail/base_info__rosidl_typesupport_fastrtps_c.h

Done processing /home/duong/Arduino/ROS2_ServiceRobot/uros_ws/build/drive_base_msgs/rosidl_typesupport_fastrtps_c/drive_base_msgs/msg/detail/base_info__type_support_c.cpp

Done processing /home/duong/Arduino/ROS2_ServiceRobot/uros_ws/build/drive_base_msgs/rosidl_typesupport_fastrtps_c/drive_base_msgs/msg/detail/command_header__rosidl_typesupport_fastrtps_c.h

Done processing /home/duong/Arduino/ROS2_ServiceRobot/uros_ws/build/drive_base_msgs/rosidl_typesupport_fastrtps_c/drive_base_msgs/msg/detail/command_header__type_support_c.cpp

Done processing /home/duong/Arduino/ROS2_ServiceRobot/uros_ws/build/drive_base_msgs/rosidl_typesupport_fastrtps_c/drive_base_msgs/msg/detail/command_status__rosidl_typesupport_fastrtps_c.h

Done processing /home/duong/Arduino/ROS2_ServiceRobot/uros_ws/build/drive_base_msgs/rosidl_typesupport_fastrtps_c/drive_base_msgs/msg/detail/command_status__type_support_c.cpp

Done processing /home/duong/Arduino/ROS2_ServiceRobot/uros_ws/build/drive_base_msgs/rosidl_typesupport_fastrtps_c/drive_base_msgs/msg/detail/trv_command__rosidl_typesupport_fastrtps_c.h

Done processing /home/duong/Arduino/ROS2_ServiceRobot/uros_ws/build/drive_base_msgs/rosidl_typesupport_fastrtps_c/drive_base_msgs/msg/detail/trv_command__type_support_c.cpp

No problems found
-- run_test.py: return code 0
-- run_test.py: verify result file '/home/duong/Arduino/ROS2_ServiceRobot/uros_ws/build/drive_base_msgs/test_results/drive_base_msgs/cpplint_rosidl_typesupport_fastrtps_c.xunit.xml'
</Value>
				</Measurement>
			</Results>
			<Labels>
				<Label>cpplint</Label>
				<Label>linter</Label>
			</Labels>
		</Test>
		<Test Status="passed">
			<Name>uncrustify_rosidl_typesupport_fastrtps_c</Name>
			<Path>.</Path>
			<FullName>./uncrustify_rosidl_typesupport_fastrtps_c</FullName>
			<FullCommandLine>/usr/bin/python3.10 "-u" "/opt/ros/iron/share/ament_cmake_test/cmake/run_test.py" "/home/duong/Arduino/ROS2_ServiceRobot/uros_ws/build/drive_base_msgs/test_results/drive_base_msgs/uncrustify_rosidl_typesupport_fastrtps_c.xunit.xml" "--package-name" "drive_base_msgs" "--output-file" "/home/duong/Arduino/ROS2_ServiceRobot/uros_ws/build/drive_base_msgs/ament_uncrustify/uncrustify_rosidl_typesupport_fastrtps_c.txt" "--command" "/opt/ros/iron/bin/ament_uncrustify" "--xunit-file" "/home/duong/Arduino/ROS2_ServiceRobot/uros_ws/build/drive_base_msgs/test_results/drive_base_msgs/uncrustify_rosidl_typesupport_fastrtps_c.xunit.xml" "--linelength" "0" "/home/duong/Arduino/ROS2_ServiceRobot/uros_ws/build/drive_base_msgs/rosidl_typesupport_fastrtps_c/drive_base_msgs/msg/detail/command_header__rosidl_typesupport_fastrtps_c.h" "/home/duong/Arduino/ROS2_ServiceRobot/uros_ws/build/drive_base_msgs/rosidl_typesupport_fastrtps_c/drive_base_msgs/msg/detail/command_header__type_support_c.cpp" "/home/duong/Arduino/ROS2_ServiceRobot/uros_ws/build/drive_base_msgs/rosidl_typesupport_fastrtps_c/drive_base_msgs/msg/detail/base_info__rosidl_typesupport_fastrtps_c.h" "/home/duong/Arduino/ROS2_ServiceRobot/uros_ws/build/drive_base_msgs/rosidl_typesupport_fastrtps_c/drive_base_msgs/msg/detail/base_info__type_support_c.cpp" "/home/duong/Arduino/ROS2_ServiceRobot/uros_ws/build/drive_base_msgs/rosidl_typesupport_fastrtps_c/drive_base_msgs/msg/detail/command_status__rosidl_typesupport_fastrtps_c.h" "/home/duong/Arduino/ROS2_ServiceRobot/uros_ws/build/drive_base_msgs/rosidl_typesupport_fastrtps_c/drive_base_msgs/msg/detail/command_status__type_support_c.cpp" "/home/duong/Arduino/ROS2_ServiceRobot/uros_ws/build/drive_base_msgs/rosidl_typesupport_fastrtps_c/drive_base_msgs/msg/detail/trv_command__rosidl_typesupport_fastrtps_c.h" "/home/duong/Arduino/ROS2_ServiceRobot/uros_ws/build/drive_base_msgs/rosidl_typesupport_fastrtps_c/drive_base_msgs/msg/detail/trv_command__type_support_c.cpp"</FullCommandLine>
			<Results>
				<NamedMeasurement type="numeric/double" name="Execution Time">
					<Value>0.283916</Value>
				</NamedMeasurement>
				<NamedMeasurement type="numeric/double" name="Processors">
					<Value>1</Value>
				</NamedMeasurement>
				<NamedMeasurement type="text/string" name="Completion Status">
					<Value>Completed</Value>
				</NamedMeasurement>
				<NamedMeasurement type="text/string" name="Command Line">
					<Value>/usr/bin/python3.10 "-u" "/opt/ros/iron/share/ament_cmake_test/cmake/run_test.py" "/home/duong/Arduino/ROS2_ServiceRobot/uros_ws/build/drive_base_msgs/test_results/drive_base_msgs/uncrustify_rosidl_typesupport_fastrtps_c.xunit.xml" "--package-name" "drive_base_msgs" "--output-file" "/home/duong/Arduino/ROS2_ServiceRobot/uros_ws/build/drive_base_msgs/ament_uncrustify/uncrustify_rosidl_typesupport_fastrtps_c.txt" "--command" "/opt/ros/iron/bin/ament_uncrustify" "--xunit-file" "/home/duong/Arduino/ROS2_ServiceRobot/uros_ws/build/drive_base_msgs/test_results/drive_base_msgs/uncrustify_rosidl_typesupport_fastrtps_c.xunit.xml" "--linelength" "0" "/home/duong/Arduino/ROS2_ServiceRobot/uros_ws/build/drive_base_msgs/rosidl_typesupport_fastrtps_c/drive_base_msgs/msg/detail/command_header__rosidl_typesupport_fastrtps_c.h" "/home/duong/Arduino/ROS2_ServiceRobot/uros_ws/build/drive_base_msgs/rosidl_typesupport_fastrtps_c/drive_base_msgs/msg/detail/command_header__type_support_c.cpp" "/home/duong/Arduino/ROS2_ServiceRobot/uros_ws/build/drive_base_msgs/rosidl_typesupport_fastrtps_c/drive_base_msgs/msg/detail/base_info__rosidl_typesupport_fastrtps_c.h" "/home/duong/Arduino/ROS2_ServiceRobot/uros_ws/build/drive_base_msgs/rosidl_typesupport_fastrtps_c/drive_base_msgs/msg/detail/base_info__type_support_c.cpp" "/home/duong/Arduino/ROS2_ServiceRobot/uros_ws/build/drive_base_msgs/rosidl_typesupport_fastrtps_c/drive_base_msgs/msg/detail/command_status__rosidl_typesupport_fastrtps_c.h" "/home/duong/Arduino/ROS2_ServiceRobot/uros_ws/build/drive_base_msgs/rosidl_typesupport_fastrtps_c/drive_base_msgs/msg/detail/command_status__type_support_c.cpp" "/home/duong/Arduino/ROS2_ServiceRobot/uros_ws/build/drive_base_msgs/rosidl_typesupport_fastrtps_c/drive_base_msgs/msg/detail/trv_command__rosidl_typesupport_fastrtps_c.h" "/home/duong/Arduino/ROS2_ServiceRobot/uros_ws/build/drive_base_msgs/rosidl_typesupport_fastrtps_c/drive_base_msgs/msg/detail/trv_command__type_support_c.cpp"</Value>
				</NamedMeasurement>
				<NamedMeasurement type="text/string" name="Environment">
					<Value>#CTEST_RESOURCE_GROUP_COUNT=</Value>
				</NamedMeasurement>
				<Measurement>
					<Value>-- run_test.py: invoking following command in '/home/duong/Arduino/ROS2_ServiceRobot/uros_ws/src/uros/drive_base/drive_base_msgs':
 - /opt/ros/iron/bin/ament_uncrustify --xunit-file /home/duong/Arduino/ROS2_ServiceRobot/uros_ws/build/drive_base_msgs/test_results/drive_base_msgs/uncrustify_rosidl_typesupport_fastrtps_c.xunit.xml --linelength 0 /home/duong/Arduino/ROS2_ServiceRobot/uros_ws/build/drive_base_msgs/rosidl_typesupport_fastrtps_c/drive_base_msgs/msg/detail/command_header__rosidl_typesupport_fastrtps_c.h /home/duong/Arduino/ROS2_ServiceRobot/uros_ws/build/drive_base_msgs/rosidl_typesupport_fastrtps_c/drive_base_msgs/msg/detail/command_header__type_support_c.cpp /home/duong/Arduino/ROS2_ServiceRobot/uros_ws/build/drive_base_msgs/rosidl_typesupport_fastrtps_c/drive_base_msgs/msg/detail/base_info__rosidl_typesupport_fastrtps_c.h /home/duong/Arduino/ROS2_ServiceRobot/uros_ws/build/drive_base_msgs/rosidl_typesupport_fastrtps_c/drive_base_msgs/msg/detail/base_info__type_support_c.cpp /home/duong/Arduino/ROS2_ServiceRobot/uros_ws/build/drive_base_msgs/rosidl_typesupport_fastrtps_c/drive_base_msgs/msg/detail/command_status__rosidl_typesupport_fastrtps_c.h /home/duong/Arduino/ROS2_ServiceRobot/uros_ws/build/drive_base_msgs/rosidl_typesupport_fastrtps_c/drive_base_msgs/msg/detail/command_status__type_support_c.cpp /home/duong/Arduino/ROS2_ServiceRobot/uros_ws/build/drive_base_msgs/rosidl_typesupport_fastrtps_c/drive_base_msgs/msg/detail/trv_command__rosidl_typesupport_fastrtps_c.h /home/duong/Arduino/ROS2_ServiceRobot/uros_ws/build/drive_base_msgs/rosidl_typesupport_fastrtps_c/drive_base_msgs/msg/detail/trv_command__type_support_c.cpp
No code style divergence in file '/home/duong/Arduino/ROS2_ServiceRobot/uros_ws/build/drive_base_msgs/rosidl_typesupport_fastrtps_c/drive_base_msgs/msg/detail/base_info__rosidl_typesupport_fastrtps_c.h'

No code style divergence in file '/home/duong/Arduino/ROS2_ServiceRobot/uros_ws/build/drive_base_msgs/rosidl_typesupport_fastrtps_c/drive_base_msgs/msg/detail/base_info__type_support_c.cpp'

No code style divergence in file '/home/duong/Arduino/ROS2_ServiceRobot/uros_ws/build/drive_base_msgs/rosidl_typesupport_fastrtps_c/drive_base_msgs/msg/detail/command_header__rosidl_typesupport_fastrtps_c.h'

No code style divergence in file '/home/duong/Arduino/ROS2_ServiceRobot/uros_ws/build/drive_base_msgs/rosidl_typesupport_fastrtps_c/drive_base_msgs/msg/detail/command_header__type_support_c.cpp'

No code style divergence in file '/home/duong/Arduino/ROS2_ServiceRobot/uros_ws/build/drive_base_msgs/rosidl_typesupport_fastrtps_c/drive_base_msgs/msg/detail/command_status__rosidl_typesupport_fastrtps_c.h'

No code style divergence in file '/home/duong/Arduino/ROS2_ServiceRobot/uros_ws/build/drive_base_msgs/rosidl_typesupport_fastrtps_c/drive_base_msgs/msg/detail/command_status__type_support_c.cpp'

No code style divergence in file '/home/duong/Arduino/ROS2_ServiceRobot/uros_ws/build/drive_base_msgs/rosidl_typesupport_fastrtps_c/drive_base_msgs/msg/detail/trv_command__rosidl_typesupport_fastrtps_c.h'

No code style divergence in file '/home/duong/Arduino/ROS2_ServiceRobot/uros_ws/build/drive_base_msgs/rosidl_typesupport_fastrtps_c/drive_base_msgs/msg/detail/trv_command__type_support_c.cpp'

No problems found
-- run_test.py: return code 0
-- run_test.py: verify result file '/home/duong/Arduino/ROS2_ServiceRobot/uros_ws/build/drive_base_msgs/test_results/drive_base_msgs/uncrustify_rosidl_typesupport_fastrtps_c.xunit.xml'
</Value>
				</Measurement>
			</Results>
			<Labels>
				<Label>linter</Label>
				<Label>uncrustify</Label>
			</Labels>
		</Test>
		<Test Status="passed">
			<Name>cppcheck_rosidl_generated_cpp</Name>
			<Path>.</Path>
			<FullName>./cppcheck_rosidl_generated_cpp</FullName>
			<FullCommandLine>/usr/bin/python3.10 "-u" "/opt/ros/iron/share/ament_cmake_test/cmake/run_test.py" "/home/duong/Arduino/ROS2_ServiceRobot/uros_ws/build/drive_base_msgs/test_results/drive_base_msgs/cppcheck_rosidl_generated_cpp.xunit.xml" "--package-name" "drive_base_msgs" "--output-file" "/home/duong/Arduino/ROS2_ServiceRobot/uros_ws/build/drive_base_msgs/ament_cppcheck/cppcheck_rosidl_generated_cpp.txt" "--command" "/opt/ros/iron/bin/ament_cppcheck" "--xunit-file" "/home/duong/Arduino/ROS2_ServiceRobot/uros_ws/build/drive_base_msgs/test_results/drive_base_msgs/cppcheck_rosidl_generated_cpp.xunit.xml" "/home/duong/Arduino/ROS2_ServiceRobot/uros_ws/build/drive_base_msgs/rosidl_generator_cpp/drive_base_msgs"</FullCommandLine>
			<Results>
				<NamedMeasurement type="numeric/double" name="Execution Time">
					<Value>0.246549</Value>
				</NamedMeasurement>
				<NamedMeasurement type="numeric/double" name="Processors">
					<Value>1</Value>
				</NamedMeasurement>
				<NamedMeasurement type="text/string" name="Completion Status">
					<Value>Completed</Value>
				</NamedMeasurement>
				<NamedMeasurement type="text/string" name="Command Line">
					<Value>/usr/bin/python3.10 "-u" "/opt/ros/iron/share/ament_cmake_test/cmake/run_test.py" "/home/duong/Arduino/ROS2_ServiceRobot/uros_ws/build/drive_base_msgs/test_results/drive_base_msgs/cppcheck_rosidl_generated_cpp.xunit.xml" "--package-name" "drive_base_msgs" "--output-file" "/home/duong/Arduino/ROS2_ServiceRobot/uros_ws/build/drive_base_msgs/ament_cppcheck/cppcheck_rosidl_generated_cpp.txt" "--command" "/opt/ros/iron/bin/ament_cppcheck" "--xunit-file" "/home/duong/Arduino/ROS2_ServiceRobot/uros_ws/build/drive_base_msgs/test_results/drive_base_msgs/cppcheck_rosidl_generated_cpp.xunit.xml" "/home/duong/Arduino/ROS2_ServiceRobot/uros_ws/build/drive_base_msgs/rosidl_generator_cpp/drive_base_msgs"</Value>
				</NamedMeasurement>
				<NamedMeasurement type="text/string" name="Environment">
					<Value>#CTEST_RESOURCE_GROUP_COUNT=</Value>
				</NamedMeasurement>
				<Measurement>
					<Value>-- run_test.py: invoking following command in '/home/duong/Arduino/ROS2_ServiceRobot/uros_ws/src/uros/drive_base/drive_base_msgs':
 - /opt/ros/iron/bin/ament_cppcheck --xunit-file /home/duong/Arduino/ROS2_ServiceRobot/uros_ws/build/drive_base_msgs/test_results/drive_base_msgs/cppcheck_rosidl_generated_cpp.xunit.xml /home/duong/Arduino/ROS2_ServiceRobot/uros_ws/build/drive_base_msgs/rosidl_generator_cpp/drive_base_msgs
cppcheck 2.7 has known performance issues and therefore will not be used, set the AMENT_CPPCHECK_ALLOW_SLOW_VERSIONS environment variable to override this.
-- run_test.py: return code 0
-- run_test.py: verify result file '/home/duong/Arduino/ROS2_ServiceRobot/uros_ws/build/drive_base_msgs/test_results/drive_base_msgs/cppcheck_rosidl_generated_cpp.xunit.xml'
</Value>
				</Measurement>
			</Results>
			<Labels>
				<Label>cppcheck</Label>
				<Label>linter</Label>
			</Labels>
		</Test>
		<Test Status="passed">
			<Name>cpplint_rosidl_generated_cpp</Name>
			<Path>.</Path>
			<FullName>./cpplint_rosidl_generated_cpp</FullName>
			<FullCommandLine>/usr/bin/python3.10 "-u" "/opt/ros/iron/share/ament_cmake_test/cmake/run_test.py" "/home/duong/Arduino/ROS2_ServiceRobot/uros_ws/build/drive_base_msgs/test_results/drive_base_msgs/cpplint_rosidl_generated_cpp.xunit.xml" "--package-name" "drive_base_msgs" "--output-file" "/home/duong/Arduino/ROS2_ServiceRobot/uros_ws/build/drive_base_msgs/ament_cpplint/cpplint_rosidl_generated_cpp.txt" "--command" "/opt/ros/iron/bin/ament_cpplint" "--xunit-file" "/home/duong/Arduino/ROS2_ServiceRobot/uros_ws/build/drive_base_msgs/test_results/drive_base_msgs/cpplint_rosidl_generated_cpp.xunit.xml" "--linelength" "999" "--root" "/home/duong/Arduino/ROS2_ServiceRobot/uros_ws/build/drive_base_msgs/rosidl_generator_cpp" "/home/duong/Arduino/ROS2_ServiceRobot/uros_ws/build/drive_base_msgs/rosidl_generator_cpp/drive_base_msgs"</FullCommandLine>
			<Results>
				<NamedMeasurement type="numeric/double" name="Execution Time">
					<Value>1.41611</Value>
				</NamedMeasurement>
				<NamedMeasurement type="numeric/double" name="Processors">
					<Value>1</Value>
				</NamedMeasurement>
				<NamedMeasurement type="text/string" name="Completion Status">
					<Value>Completed</Value>
				</NamedMeasurement>
				<NamedMeasurement type="text/string" name="Command Line">
					<Value>/usr/bin/python3.10 "-u" "/opt/ros/iron/share/ament_cmake_test/cmake/run_test.py" "/home/duong/Arduino/ROS2_ServiceRobot/uros_ws/build/drive_base_msgs/test_results/drive_base_msgs/cpplint_rosidl_generated_cpp.xunit.xml" "--package-name" "drive_base_msgs" "--output-file" "/home/duong/Arduino/ROS2_ServiceRobot/uros_ws/build/drive_base_msgs/ament_cpplint/cpplint_rosidl_generated_cpp.txt" "--command" "/opt/ros/iron/bin/ament_cpplint" "--xunit-file" "/home/duong/Arduino/ROS2_ServiceRobot/uros_ws/build/drive_base_msgs/test_results/drive_base_msgs/cpplint_rosidl_generated_cpp.xunit.xml" "--linelength" "999" "--root" "/home/duong/Arduino/ROS2_ServiceRobot/uros_ws/build/drive_base_msgs/rosidl_generator_cpp" "/home/duong/Arduino/ROS2_ServiceRobot/uros_ws/build/drive_base_msgs/rosidl_generator_cpp/drive_base_msgs"</Value>
				</NamedMeasurement>
				<NamedMeasurement type="text/string" name="Environment">
					<Value>#CTEST_RESOURCE_GROUP_COUNT=</Value>
				</NamedMeasurement>
				<Measurement>
					<Value>-- run_test.py: invoking following command in '/home/duong/Arduino/ROS2_ServiceRobot/uros_ws/src/uros/drive_base/drive_base_msgs':
 - /opt/ros/iron/bin/ament_cpplint --xunit-file /home/duong/Arduino/ROS2_ServiceRobot/uros_ws/build/drive_base_msgs/test_results/drive_base_msgs/cpplint_rosidl_generated_cpp.xunit.xml --linelength 999 --root /home/duong/Arduino/ROS2_ServiceRobot/uros_ws/build/drive_base_msgs/rosidl_generator_cpp /home/duong/Arduino/ROS2_ServiceRobot/uros_ws/build/drive_base_msgs/rosidl_generator_cpp/drive_base_msgs
Using '--root=/home/duong/Arduino/ROS2_ServiceRobot/uros_ws/build/drive_base_msgs/rosidl_generator_cpp' argument

Done processing /home/duong/Arduino/ROS2_ServiceRobot/uros_ws/build/drive_base_msgs/rosidl_generator_cpp/drive_base_msgs/msg/base_info.hpp

Done processing /home/duong/Arduino/ROS2_ServiceRobot/uros_ws/build/drive_base_msgs/rosidl_generator_cpp/drive_base_msgs/msg/command_header.hpp

Done processing /home/duong/Arduino/ROS2_ServiceRobot/uros_ws/build/drive_base_msgs/rosidl_generator_cpp/drive_base_msgs/msg/command_status.hpp

Done processing /home/duong/Arduino/ROS2_ServiceRobot/uros_ws/build/drive_base_msgs/rosidl_generator_cpp/drive_base_msgs/msg/detail/base_info__builder.hpp

Done processing /home/duong/Arduino/ROS2_ServiceRobot/uros_ws/build/drive_base_msgs/rosidl_generator_cpp/drive_base_msgs/msg/detail/base_info__struct.hpp

Done processing /home/duong/Arduino/ROS2_ServiceRobot/uros_ws/build/drive_base_msgs/rosidl_generator_cpp/drive_base_msgs/msg/detail/base_info__traits.hpp

Done processing /home/duong/Arduino/ROS2_ServiceRobot/uros_ws/build/drive_base_msgs/rosidl_generator_cpp/drive_base_msgs/msg/detail/command_header__builder.hpp

Done processing /home/duong/Arduino/ROS2_ServiceRobot/uros_ws/build/drive_base_msgs/rosidl_generator_cpp/drive_base_msgs/msg/detail/command_header__struct.hpp

Done processing /home/duong/Arduino/ROS2_ServiceRobot/uros_ws/build/drive_base_msgs/rosidl_generator_cpp/drive_base_msgs/msg/detail/command_header__traits.hpp

Done processing /home/duong/Arduino/ROS2_ServiceRobot/uros_ws/build/drive_base_msgs/rosidl_generator_cpp/drive_base_msgs/msg/detail/command_status__builder.hpp

Done processing /home/duong/Arduino/ROS2_ServiceRobot/uros_ws/build/drive_base_msgs/rosidl_generator_cpp/drive_base_msgs/msg/detail/command_status__struct.hpp

Done processing /home/duong/Arduino/ROS2_ServiceRobot/uros_ws/build/drive_base_msgs/rosidl_generator_cpp/drive_base_msgs/msg/detail/command_status__traits.hpp

Done processing /home/duong/Arduino/ROS2_ServiceRobot/uros_ws/build/drive_base_msgs/rosidl_generator_cpp/drive_base_msgs/msg/detail/trv_command__builder.hpp

Done processing /home/duong/Arduino/ROS2_ServiceRobot/uros_ws/build/drive_base_msgs/rosidl_generator_cpp/drive_base_msgs/msg/detail/trv_command__struct.hpp

Done processing /home/duong/Arduino/ROS2_ServiceRobot/uros_ws/build/drive_base_msgs/rosidl_generator_cpp/drive_base_msgs/msg/detail/trv_command__traits.hpp

Done processing /home/duong/Arduino/ROS2_ServiceRobot/uros_ws/build/drive_base_msgs/rosidl_generator_cpp/drive_base_msgs/msg/trv_command.hpp

No problems found
-- run_test.py: return code 0
-- run_test.py: verify result file '/home/duong/Arduino/ROS2_ServiceRobot/uros_ws/build/drive_base_msgs/test_results/drive_base_msgs/cpplint_rosidl_generated_cpp.xunit.xml'
</Value>
				</Measurement>
			</Results>
			<Labels>
				<Label>cpplint</Label>
				<Label>linter</Label>
			</Labels>
		</Test>
		<Test Status="passed">
			<Name>uncrustify_rosidl_generated_cpp</Name>
			<Path>.</Path>
			<FullName>./uncrustify_rosidl_generated_cpp</FullName>
			<FullCommandLine>/usr/bin/python3.10 "-u" "/opt/ros/iron/share/ament_cmake_test/cmake/run_test.py" "/home/duong/Arduino/ROS2_ServiceRobot/uros_ws/build/drive_base_msgs/test_results/drive_base_msgs/uncrustify_rosidl_generated_cpp.xunit.xml" "--package-name" "drive_base_msgs" "--output-file" "/home/duong/Arduino/ROS2_ServiceRobot/uros_ws/build/drive_base_msgs/ament_uncrustify/uncrustify_rosidl_generated_cpp.txt" "--command" "/opt/ros/iron/bin/ament_uncrustify" "--xunit-file" "/home/duong/Arduino/ROS2_ServiceRobot/uros_ws/build/drive_base_msgs/test_results/drive_base_msgs/uncrustify_rosidl_generated_cpp.xunit.xml" "--linelength" "0" "/home/duong/Arduino/ROS2_ServiceRobot/uros_ws/build/drive_base_msgs/rosidl_generator_cpp/drive_base_msgs"</FullCommandLine>
			<Results>
				<NamedMeasurement type="numeric/double" name="Execution Time">
					<Value>0.322507</Value>
				</NamedMeasurement>
				<NamedMeasurement type="numeric/double" name="Processors">
					<Value>1</Value>
				</NamedMeasurement>
				<NamedMeasurement type="text/string" name="Completion Status">
					<Value>Completed</Value>
				</NamedMeasurement>
				<NamedMeasurement type="text/string" name="Command Line">
					<Value>/usr/bin/python3.10 "-u" "/opt/ros/iron/share/ament_cmake_test/cmake/run_test.py" "/home/duong/Arduino/ROS2_ServiceRobot/uros_ws/build/drive_base_msgs/test_results/drive_base_msgs/uncrustify_rosidl_generated_cpp.xunit.xml" "--package-name" "drive_base_msgs" "--output-file" "/home/duong/Arduino/ROS2_ServiceRobot/uros_ws/build/drive_base_msgs/ament_uncrustify/uncrustify_rosidl_generated_cpp.txt" "--command" "/opt/ros/iron/bin/ament_uncrustify" "--xunit-file" "/home/duong/Arduino/ROS2_ServiceRobot/uros_ws/build/drive_base_msgs/test_results/drive_base_msgs/uncrustify_rosidl_generated_cpp.xunit.xml" "--linelength" "0" "/home/duong/Arduino/ROS2_ServiceRobot/uros_ws/build/drive_base_msgs/rosidl_generator_cpp/drive_base_msgs"</Value>
				</NamedMeasurement>
				<NamedMeasurement type="text/string" name="Environment">
					<Value>#CTEST_RESOURCE_GROUP_COUNT=</Value>
				</NamedMeasurement>
				<Measurement>
					<Value>-- run_test.py: invoking following command in '/home/duong/Arduino/ROS2_ServiceRobot/uros_ws/src/uros/drive_base/drive_base_msgs':
 - /opt/ros/iron/bin/ament_uncrustify --xunit-file /home/duong/Arduino/ROS2_ServiceRobot/uros_ws/build/drive_base_msgs/test_results/drive_base_msgs/uncrustify_rosidl_generated_cpp.xunit.xml --linelength 0 /home/duong/Arduino/ROS2_ServiceRobot/uros_ws/build/drive_base_msgs/rosidl_generator_cpp/drive_base_msgs
No code style divergence in file '/home/duong/Arduino/ROS2_ServiceRobot/uros_ws/build/drive_base_msgs/rosidl_generator_cpp/drive_base_msgs/msg/base_info.hpp'

No code style divergence in file '/home/duong/Arduino/ROS2_ServiceRobot/uros_ws/build/drive_base_msgs/rosidl_generator_cpp/drive_base_msgs/msg/command_header.hpp'

No code style divergence in file '/home/duong/Arduino/ROS2_ServiceRobot/uros_ws/build/drive_base_msgs/rosidl_generator_cpp/drive_base_msgs/msg/command_status.hpp'

No code style divergence in file '/home/duong/Arduino/ROS2_ServiceRobot/uros_ws/build/drive_base_msgs/rosidl_generator_cpp/drive_base_msgs/msg/detail/base_info__builder.hpp'

No code style divergence in file '/home/duong/Arduino/ROS2_ServiceRobot/uros_ws/build/drive_base_msgs/rosidl_generator_cpp/drive_base_msgs/msg/detail/base_info__struct.hpp'

No code style divergence in file '/home/duong/Arduino/ROS2_ServiceRobot/uros_ws/build/drive_base_msgs/rosidl_generator_cpp/drive_base_msgs/msg/detail/base_info__traits.hpp'

No code style divergence in file '/home/duong/Arduino/ROS2_ServiceRobot/uros_ws/build/drive_base_msgs/rosidl_generator_cpp/drive_base_msgs/msg/detail/command_header__builder.hpp'

No code style divergence in file '/home/duong/Arduino/ROS2_ServiceRobot/uros_ws/build/drive_base_msgs/rosidl_generator_cpp/drive_base_msgs/msg/detail/command_header__struct.hpp'

No code style divergence in file '/home/duong/Arduino/ROS2_ServiceRobot/uros_ws/build/drive_base_msgs/rosidl_generator_cpp/drive_base_msgs/msg/detail/command_header__traits.hpp'

No code style divergence in file '/home/duong/Arduino/ROS2_ServiceRobot/uros_ws/build/drive_base_msgs/rosidl_generator_cpp/drive_base_msgs/msg/detail/command_status__builder.hpp'

No code style divergence in file '/home/duong/Arduino/ROS2_ServiceRobot/uros_ws/build/drive_base_msgs/rosidl_generator_cpp/drive_base_msgs/msg/detail/command_status__struct.hpp'

No code style divergence in file '/home/duong/Arduino/ROS2_ServiceRobot/uros_ws/build/drive_base_msgs/rosidl_generator_cpp/drive_base_msgs/msg/detail/command_status__traits.hpp'

No code style divergence in file '/home/duong/Arduino/ROS2_ServiceRobot/uros_ws/build/drive_base_msgs/rosidl_generator_cpp/drive_base_msgs/msg/detail/trv_command__builder.hpp'

No code style divergence in file '/home/duong/Arduino/ROS2_ServiceRobot/uros_ws/build/drive_base_msgs/rosidl_generator_cpp/drive_base_msgs/msg/detail/trv_command__struct.hpp'

No code style divergence in file '/home/duong/Arduino/ROS2_ServiceRobot/uros_ws/build/drive_base_msgs/rosidl_generator_cpp/drive_base_msgs/msg/detail/trv_command__traits.hpp'

No code style divergence in file '/home/duong/Arduino/ROS2_ServiceRobot/uros_ws/build/drive_base_msgs/rosidl_generator_cpp/drive_base_msgs/msg/trv_command.hpp'

No problems found
-- run_test.py: return code 0
-- run_test.py: verify result file '/home/duong/Arduino/ROS2_ServiceRobot/uros_ws/build/drive_base_msgs/test_results/drive_base_msgs/uncrustify_rosidl_generated_cpp.xunit.xml'
</Value>
				</Measurement>
			</Results>
			<Labels>
				<Label>linter</Label>
				<Label>uncrustify</Label>
			</Labels>
		</Test>
		<Test Status="passed">
			<Name>cppcheck_rosidl_typesupport_fastrtps_cpp</Name>
			<Path>.</Path>
			<FullName>./cppcheck_rosidl_typesupport_fastrtps_cpp</FullName>
			<FullCommandLine>/usr/bin/python3.10 "-u" "/opt/ros/iron/share/ament_cmake_test/cmake/run_test.py" "/home/duong/Arduino/ROS2_ServiceRobot/uros_ws/build/drive_base_msgs/test_results/drive_base_msgs/cppcheck_rosidl_typesupport_fastrtps_cpp.xunit.xml" "--package-name" "drive_base_msgs" "--output-file" "/home/duong/Arduino/ROS2_ServiceRobot/uros_ws/build/drive_base_msgs/ament_cppcheck/cppcheck_rosidl_typesupport_fastrtps_cpp.txt" "--command" "/opt/ros/iron/bin/ament_cppcheck" "--xunit-file" "/home/duong/Arduino/ROS2_ServiceRobot/uros_ws/build/drive_base_msgs/test_results/drive_base_msgs/cppcheck_rosidl_typesupport_fastrtps_cpp.xunit.xml" "/home/duong/Arduino/ROS2_ServiceRobot/uros_ws/build/drive_base_msgs/rosidl_typesupport_fastrtps_cpp/drive_base_msgs/msg/detail/dds_fastrtps/command_header__type_support.cpp" "/home/duong/Arduino/ROS2_ServiceRobot/uros_ws/build/drive_base_msgs/rosidl_typesupport_fastrtps_cpp/drive_base_msgs/msg/detail/command_header__rosidl_typesupport_fastrtps_cpp.hpp" "/home/duong/Arduino/ROS2_ServiceRobot/uros_ws/build/drive_base_msgs/rosidl_typesupport_fastrtps_cpp/drive_base_msgs/msg/detail/dds_fastrtps/base_info__type_support.cpp" "/home/duong/Arduino/ROS2_ServiceRobot/uros_ws/build/drive_base_msgs/rosidl_typesupport_fastrtps_cpp/drive_base_msgs/msg/detail/base_info__rosidl_typesupport_fastrtps_cpp.hpp" "/home/duong/Arduino/ROS2_ServiceRobot/uros_ws/build/drive_base_msgs/rosidl_typesupport_fastrtps_cpp/drive_base_msgs/msg/detail/dds_fastrtps/command_status__type_support.cpp" "/home/duong/Arduino/ROS2_ServiceRobot/uros_ws/build/drive_base_msgs/rosidl_typesupport_fastrtps_cpp/drive_base_msgs/msg/detail/command_status__rosidl_typesupport_fastrtps_cpp.hpp" "/home/duong/Arduino/ROS2_ServiceRobot/uros_ws/build/drive_base_msgs/rosidl_typesupport_fastrtps_cpp/drive_base_msgs/msg/detail/dds_fastrtps/trv_command__type_support.cpp" "/home/duong/Arduino/ROS2_ServiceRobot/uros_ws/build/drive_base_msgs/rosidl_typesupport_fastrtps_cpp/drive_base_msgs/msg/detail/trv_command__rosidl_typesupport_fastrtps_cpp.hpp"</FullCommandLine>
			<Results>
				<NamedMeasurement type="numeric/double" name="Execution Time">
					<Value>0.286956</Value>
				</NamedMeasurement>
				<NamedMeasurement type="numeric/double" name="Processors">
					<Value>1</Value>
				</NamedMeasurement>
				<NamedMeasurement type="text/string" name="Completion Status">
					<Value>Completed</Value>
				</NamedMeasurement>
				<NamedMeasurement type="text/string" name="Command Line">
					<Value>/usr/bin/python3.10 "-u" "/opt/ros/iron/share/ament_cmake_test/cmake/run_test.py" "/home/duong/Arduino/ROS2_ServiceRobot/uros_ws/build/drive_base_msgs/test_results/drive_base_msgs/cppcheck_rosidl_typesupport_fastrtps_cpp.xunit.xml" "--package-name" "drive_base_msgs" "--output-file" "/home/duong/Arduino/ROS2_ServiceRobot/uros_ws/build/drive_base_msgs/ament_cppcheck/cppcheck_rosidl_typesupport_fastrtps_cpp.txt" "--command" "/opt/ros/iron/bin/ament_cppcheck" "--xunit-file" "/home/duong/Arduino/ROS2_ServiceRobot/uros_ws/build/drive_base_msgs/test_results/drive_base_msgs/cppcheck_rosidl_typesupport_fastrtps_cpp.xunit.xml" "/home/duong/Arduino/ROS2_ServiceRobot/uros_ws/build/drive_base_msgs/rosidl_typesupport_fastrtps_cpp/drive_base_msgs/msg/detail/dds_fastrtps/command_header__type_support.cpp" "/home/duong/Arduino/ROS2_ServiceRobot/uros_ws/build/drive_base_msgs/rosidl_typesupport_fastrtps_cpp/drive_base_msgs/msg/detail/command_header__rosidl_typesupport_fastrtps_cpp.hpp" "/home/duong/Arduino/ROS2_ServiceRobot/uros_ws/build/drive_base_msgs/rosidl_typesupport_fastrtps_cpp/drive_base_msgs/msg/detail/dds_fastrtps/base_info__type_support.cpp" "/home/duong/Arduino/ROS2_ServiceRobot/uros_ws/build/drive_base_msgs/rosidl_typesupport_fastrtps_cpp/drive_base_msgs/msg/detail/base_info__rosidl_typesupport_fastrtps_cpp.hpp" "/home/duong/Arduino/ROS2_ServiceRobot/uros_ws/build/drive_base_msgs/rosidl_typesupport_fastrtps_cpp/drive_base_msgs/msg/detail/dds_fastrtps/command_status__type_support.cpp" "/home/duong/Arduino/ROS2_ServiceRobot/uros_ws/build/drive_base_msgs/rosidl_typesupport_fastrtps_cpp/drive_base_msgs/msg/detail/command_status__rosidl_typesupport_fastrtps_cpp.hpp" "/home/duong/Arduino/ROS2_ServiceRobot/uros_ws/build/drive_base_msgs/rosidl_typesupport_fastrtps_cpp/drive_base_msgs/msg/detail/dds_fastrtps/trv_command__type_support.cpp" "/home/duong/Arduino/ROS2_ServiceRobot/uros_ws/build/drive_base_msgs/rosidl_typesupport_fastrtps_cpp/drive_base_msgs/msg/detail/trv_command__rosidl_typesupport_fastrtps_cpp.hpp"</Value>
				</NamedMeasurement>
				<NamedMeasurement type="text/string" name="Environment">
					<Value>#CTEST_RESOURCE_GROUP_COUNT=</Value>
				</NamedMeasurement>
				<Measurement>
					<Value>-- run_test.py: invoking following command in '/home/duong/Arduino/ROS2_ServiceRobot/uros_ws/src/uros/drive_base/drive_base_msgs':
 - /opt/ros/iron/bin/ament_cppcheck --xunit-file /home/duong/Arduino/ROS2_ServiceRobot/uros_ws/build/drive_base_msgs/test_results/drive_base_msgs/cppcheck_rosidl_typesupport_fastrtps_cpp.xunit.xml /home/duong/Arduino/ROS2_ServiceRobot/uros_ws/build/drive_base_msgs/rosidl_typesupport_fastrtps_cpp/drive_base_msgs/msg/detail/dds_fastrtps/command_header__type_support.cpp /home/duong/Arduino/ROS2_ServiceRobot/uros_ws/build/drive_base_msgs/rosidl_typesupport_fastrtps_cpp/drive_base_msgs/msg/detail/command_header__rosidl_typesupport_fastrtps_cpp.hpp /home/duong/Arduino/ROS2_ServiceRobot/uros_ws/build/drive_base_msgs/rosidl_typesupport_fastrtps_cpp/drive_base_msgs/msg/detail/dds_fastrtps/base_info__type_support.cpp /home/duong/Arduino/ROS2_ServiceRobot/uros_ws/build/drive_base_msgs/rosidl_typesupport_fastrtps_cpp/drive_base_msgs/msg/detail/base_info__rosidl_typesupport_fastrtps_cpp.hpp /home/duong/Arduino/ROS2_ServiceRobot/uros_ws/build/drive_base_msgs/rosidl_typesupport_fastrtps_cpp/drive_base_msgs/msg/detail/dds_fastrtps/command_status__type_support.cpp /home/duong/Arduino/ROS2_ServiceRobot/uros_ws/build/drive_base_msgs/rosidl_typesupport_fastrtps_cpp/drive_base_msgs/msg/detail/command_status__rosidl_typesupport_fastrtps_cpp.hpp /home/duong/Arduino/ROS2_ServiceRobot/uros_ws/build/drive_base_msgs/rosidl_typesupport_fastrtps_cpp/drive_base_msgs/msg/detail/dds_fastrtps/trv_command__type_support.cpp /home/duong/Arduino/ROS2_ServiceRobot/uros_ws/build/drive_base_msgs/rosidl_typesupport_fastrtps_cpp/drive_base_msgs/msg/detail/trv_command__rosidl_typesupport_fastrtps_cpp.hpp
cppcheck 2.7 has known performance issues and therefore will not be used, set the AMENT_CPPCHECK_ALLOW_SLOW_VERSIONS environment variable to override this.
-- run_test.py: return code 0
-- run_test.py: verify result file '/home/duong/Arduino/ROS2_ServiceRobot/uros_ws/build/drive_base_msgs/test_results/drive_base_msgs/cppcheck_rosidl_typesupport_fastrtps_cpp.xunit.xml'
</Value>
				</Measurement>
			</Results>
			<Labels>
				<Label>cppcheck</Label>
				<Label>linter</Label>
			</Labels>
		</Test>
		<Test Status="passed">
			<Name>cpplint_rosidl_typesupport_fastrtps_cpp</Name>
			<Path>.</Path>
			<FullName>./cpplint_rosidl_typesupport_fastrtps_cpp</FullName>
			<FullCommandLine>/usr/bin/python3.10 "-u" "/opt/ros/iron/share/ament_cmake_test/cmake/run_test.py" "/home/duong/Arduino/ROS2_ServiceRobot/uros_ws/build/drive_base_msgs/test_results/drive_base_msgs/cpplint_rosidl_typesupport_fastrtps_cpp.xunit.xml" "--package-name" "drive_base_msgs" "--output-file" "/home/duong/Arduino/ROS2_ServiceRobot/uros_ws/build/drive_base_msgs/ament_cpplint/cpplint_rosidl_typesupport_fastrtps_cpp.txt" "--command" "/opt/ros/iron/bin/ament_cpplint" "--xunit-file" "/home/duong/Arduino/ROS2_ServiceRobot/uros_ws/build/drive_base_msgs/test_results/drive_base_msgs/cpplint_rosidl_typesupport_fastrtps_cpp.xunit.xml" "--linelength" "999" "--root" "/home/duong/Arduino/ROS2_ServiceRobot/uros_ws/build/drive_base_msgs/rosidl_typesupport_fastrtps_cpp" "/home/duong/Arduino/ROS2_ServiceRobot/uros_ws/build/drive_base_msgs/rosidl_typesupport_fastrtps_cpp/drive_base_msgs/msg/detail/dds_fastrtps/command_header__type_support.cpp" "/home/duong/Arduino/ROS2_ServiceRobot/uros_ws/build/drive_base_msgs/rosidl_typesupport_fastrtps_cpp/drive_base_msgs/msg/detail/command_header__rosidl_typesupport_fastrtps_cpp.hpp" "/home/duong/Arduino/ROS2_ServiceRobot/uros_ws/build/drive_base_msgs/rosidl_typesupport_fastrtps_cpp/drive_base_msgs/msg/detail/dds_fastrtps/base_info__type_support.cpp" "/home/duong/Arduino/ROS2_ServiceRobot/uros_ws/build/drive_base_msgs/rosidl_typesupport_fastrtps_cpp/drive_base_msgs/msg/detail/base_info__rosidl_typesupport_fastrtps_cpp.hpp" "/home/duong/Arduino/ROS2_ServiceRobot/uros_ws/build/drive_base_msgs/rosidl_typesupport_fastrtps_cpp/drive_base_msgs/msg/detail/dds_fastrtps/command_status__type_support.cpp" "/home/duong/Arduino/ROS2_ServiceRobot/uros_ws/build/drive_base_msgs/rosidl_typesupport_fastrtps_cpp/drive_base_msgs/msg/detail/command_status__rosidl_typesupport_fastrtps_cpp.hpp" "/home/duong/Arduino/ROS2_ServiceRobot/uros_ws/build/drive_base_msgs/rosidl_typesupport_fastrtps_cpp/drive_base_msgs/msg/detail/dds_fastrtps/trv_command__type_support.cpp" "/home/duong/Arduino/ROS2_ServiceRobot/uros_ws/build/drive_base_msgs/rosidl_typesupport_fastrtps_cpp/drive_base_msgs/msg/detail/trv_command__rosidl_typesupport_fastrtps_cpp.hpp"</FullCommandLine>
			<Results>
				<NamedMeasurement type="numeric/double" name="Execution Time">
					<Value>0.814649</Value>
				</NamedMeasurement>
				<NamedMeasurement type="numeric/double" name="Processors">
					<Value>1</Value>
				</NamedMeasurement>
				<NamedMeasurement type="text/string" name="Completion Status">
					<Value>Completed</Value>
				</NamedMeasurement>
				<NamedMeasurement type="text/string" name="Command Line">
					<Value>/usr/bin/python3.10 "-u" "/opt/ros/iron/share/ament_cmake_test/cmake/run_test.py" "/home/duong/Arduino/ROS2_ServiceRobot/uros_ws/build/drive_base_msgs/test_results/drive_base_msgs/cpplint_rosidl_typesupport_fastrtps_cpp.xunit.xml" "--package-name" "drive_base_msgs" "--output-file" "/home/duong/Arduino/ROS2_ServiceRobot/uros_ws/build/drive_base_msgs/ament_cpplint/cpplint_rosidl_typesupport_fastrtps_cpp.txt" "--command" "/opt/ros/iron/bin/ament_cpplint" "--xunit-file" "/home/duong/Arduino/ROS2_ServiceRobot/uros_ws/build/drive_base_msgs/test_results/drive_base_msgs/cpplint_rosidl_typesupport_fastrtps_cpp.xunit.xml" "--linelength" "999" "--root" "/home/duong/Arduino/ROS2_ServiceRobot/uros_ws/build/drive_base_msgs/rosidl_typesupport_fastrtps_cpp" "/home/duong/Arduino/ROS2_ServiceRobot/uros_ws/build/drive_base_msgs/rosidl_typesupport_fastrtps_cpp/drive_base_msgs/msg/detail/dds_fastrtps/command_header__type_support.cpp" "/home/duong/Arduino/ROS2_ServiceRobot/uros_ws/build/drive_base_msgs/rosidl_typesupport_fastrtps_cpp/drive_base_msgs/msg/detail/command_header__rosidl_typesupport_fastrtps_cpp.hpp" "/home/duong/Arduino/ROS2_ServiceRobot/uros_ws/build/drive_base_msgs/rosidl_typesupport_fastrtps_cpp/drive_base_msgs/msg/detail/dds_fastrtps/base_info__type_support.cpp" "/home/duong/Arduino/ROS2_ServiceRobot/uros_ws/build/drive_base_msgs/rosidl_typesupport_fastrtps_cpp/drive_base_msgs/msg/detail/base_info__rosidl_typesupport_fastrtps_cpp.hpp" "/home/duong/Arduino/ROS2_ServiceRobot/uros_ws/build/drive_base_msgs/rosidl_typesupport_fastrtps_cpp/drive_base_msgs/msg/detail/dds_fastrtps/command_status__type_support.cpp" "/home/duong/Arduino/ROS2_ServiceRobot/uros_ws/build/drive_base_msgs/rosidl_typesupport_fastrtps_cpp/drive_base_msgs/msg/detail/command_status__rosidl_typesupport_fastrtps_cpp.hpp" "/home/duong/Arduino/ROS2_ServiceRobot/uros_ws/build/drive_base_msgs/rosidl_typesupport_fastrtps_cpp/drive_base_msgs/msg/detail/dds_fastrtps/trv_command__type_support.cpp" "/home/duong/Arduino/ROS2_ServiceRobot/uros_ws/build/drive_base_msgs/rosidl_typesupport_fastrtps_cpp/drive_base_msgs/msg/detail/trv_command__rosidl_typesupport_fastrtps_cpp.hpp"</Value>
				</NamedMeasurement>
				<NamedMeasurement type="text/string" name="Environment">
					<Value>#CTEST_RESOURCE_GROUP_COUNT=</Value>
				</NamedMeasurement>
				<Measurement>
					<Value>-- run_test.py: invoking following command in '/home/duong/Arduino/ROS2_ServiceRobot/uros_ws/src/uros/drive_base/drive_base_msgs':
 - /opt/ros/iron/bin/ament_cpplint --xunit-file /home/duong/Arduino/ROS2_ServiceRobot/uros_ws/build/drive_base_msgs/test_results/drive_base_msgs/cpplint_rosidl_typesupport_fastrtps_cpp.xunit.xml --linelength 999 --root /home/duong/Arduino/ROS2_ServiceRobot/uros_ws/build/drive_base_msgs/rosidl_typesupport_fastrtps_cpp /home/duong/Arduino/ROS2_ServiceRobot/uros_ws/build/drive_base_msgs/rosidl_typesupport_fastrtps_cpp/drive_base_msgs/msg/detail/dds_fastrtps/command_header__type_support.cpp /home/duong/Arduino/ROS2_ServiceRobot/uros_ws/build/drive_base_msgs/rosidl_typesupport_fastrtps_cpp/drive_base_msgs/msg/detail/command_header__rosidl_typesupport_fastrtps_cpp.hpp /home/duong/Arduino/ROS2_ServiceRobot/uros_ws/build/drive_base_msgs/rosidl_typesupport_fastrtps_cpp/drive_base_msgs/msg/detail/dds_fastrtps/base_info__type_support.cpp /home/duong/Arduino/ROS2_ServiceRobot/uros_ws/build/drive_base_msgs/rosidl_typesupport_fastrtps_cpp/drive_base_msgs/msg/detail/base_info__rosidl_typesupport_fastrtps_cpp.hpp /home/duong/Arduino/ROS2_ServiceRobot/uros_ws/build/drive_base_msgs/rosidl_typesupport_fastrtps_cpp/drive_base_msgs/msg/detail/dds_fastrtps/command_status__type_support.cpp /home/duong/Arduino/ROS2_ServiceRobot/uros_ws/build/drive_base_msgs/rosidl_typesupport_fastrtps_cpp/drive_base_msgs/msg/detail/command_status__rosidl_typesupport_fastrtps_cpp.hpp /home/duong/Arduino/ROS2_ServiceRobot/uros_ws/build/drive_base_msgs/rosidl_typesupport_fastrtps_cpp/drive_base_msgs/msg/detail/dds_fastrtps/trv_command__type_support.cpp /home/duong/Arduino/ROS2_ServiceRobot/uros_ws/build/drive_base_msgs/rosidl_typesupport_fastrtps_cpp/drive_base_msgs/msg/detail/trv_command__rosidl_typesupport_fastrtps_cpp.hpp
Using '--root=/home/duong/Arduino/ROS2_ServiceRobot/uros_ws/build/drive_base_msgs/rosidl_typesupport_fastrtps_cpp' argument

Done processing /home/duong/Arduino/ROS2_ServiceRobot/uros_ws/build/drive_base_msgs/rosidl_typesupport_fastrtps_cpp/drive_base_msgs/msg/detail/base_info__rosidl_typesupport_fastrtps_cpp.hpp

Done processing /home/duong/Arduino/ROS2_ServiceRobot/uros_ws/build/drive_base_msgs/rosidl_typesupport_fastrtps_cpp/drive_base_msgs/msg/detail/command_header__rosidl_typesupport_fastrtps_cpp.hpp

Done processing /home/duong/Arduino/ROS2_ServiceRobot/uros_ws/build/drive_base_msgs/rosidl_typesupport_fastrtps_cpp/drive_base_msgs/msg/detail/command_status__rosidl_typesupport_fastrtps_cpp.hpp

Done processing /home/duong/Arduino/ROS2_ServiceRobot/uros_ws/build/drive_base_msgs/rosidl_typesupport_fastrtps_cpp/drive_base_msgs/msg/detail/dds_fastrtps/base_info__type_support.cpp

Done processing /home/duong/Arduino/ROS2_ServiceRobot/uros_ws/build/drive_base_msgs/rosidl_typesupport_fastrtps_cpp/drive_base_msgs/msg/detail/dds_fastrtps/command_header__type_support.cpp

Done processing /home/duong/Arduino/ROS2_ServiceRobot/uros_ws/build/drive_base_msgs/rosidl_typesupport_fastrtps_cpp/drive_base_msgs/msg/detail/dds_fastrtps/command_status__type_support.cpp

Done processing /home/duong/Arduino/ROS2_ServiceRobot/uros_ws/build/drive_base_msgs/rosidl_typesupport_fastrtps_cpp/drive_base_msgs/msg/detail/dds_fastrtps/trv_command__type_support.cpp

Done processing /home/duong/Arduino/ROS2_ServiceRobot/uros_ws/build/drive_base_msgs/rosidl_typesupport_fastrtps_cpp/drive_base_msgs/msg/detail/trv_command__rosidl_typesupport_fastrtps_cpp.hpp

No problems found
-- run_test.py: return code 0
-- run_test.py: verify result file '/home/duong/Arduino/ROS2_ServiceRobot/uros_ws/build/drive_base_msgs/test_results/drive_base_msgs/cpplint_rosidl_typesupport_fastrtps_cpp.xunit.xml'
</Value>
				</Measurement>
			</Results>
			<Labels>
				<Label>cpplint</Label>
				<Label>linter</Label>
			</Labels>
		</Test>
		<Test Status="passed">
			<Name>uncrustify_rosidl_typesupport_fastrtps_cpp</Name>
			<Path>.</Path>
			<FullName>./uncrustify_rosidl_typesupport_fastrtps_cpp</FullName>
			<FullCommandLine>/usr/bin/python3.10 "-u" "/opt/ros/iron/share/ament_cmake_test/cmake/run_test.py" "/home/duong/Arduino/ROS2_ServiceRobot/uros_ws/build/drive_base_msgs/test_results/drive_base_msgs/uncrustify_rosidl_typesupport_fastrtps_cpp.xunit.xml" "--package-name" "drive_base_msgs" "--output-file" "/home/duong/Arduino/ROS2_ServiceRobot/uros_ws/build/drive_base_msgs/ament_uncrustify/uncrustify_rosidl_typesupport_fastrtps_cpp.txt" "--command" "/opt/ros/iron/bin/ament_uncrustify" "--xunit-file" "/home/duong/Arduino/ROS2_ServiceRobot/uros_ws/build/drive_base_msgs/test_results/drive_base_msgs/uncrustify_rosidl_typesupport_fastrtps_cpp.xunit.xml" "--linelength" "0" "/home/duong/Arduino/ROS2_ServiceRobot/uros_ws/build/drive_base_msgs/rosidl_typesupport_fastrtps_cpp/drive_base_msgs/msg/detail/dds_fastrtps/command_header__type_support.cpp" "/home/duong/Arduino/ROS2_ServiceRobot/uros_ws/build/drive_base_msgs/rosidl_typesupport_fastrtps_cpp/drive_base_msgs/msg/detail/command_header__rosidl_typesupport_fastrtps_cpp.hpp" "/home/duong/Arduino/ROS2_ServiceRobot/uros_ws/build/drive_base_msgs/rosidl_typesupport_fastrtps_cpp/drive_base_msgs/msg/detail/dds_fastrtps/base_info__type_support.cpp" "/home/duong/Arduino/ROS2_ServiceRobot/uros_ws/build/drive_base_msgs/rosidl_typesupport_fastrtps_cpp/drive_base_msgs/msg/detail/base_info__rosidl_typesupport_fastrtps_cpp.hpp" "/home/duong/Arduino/ROS2_ServiceRobot/uros_ws/build/drive_base_msgs/rosidl_typesupport_fastrtps_cpp/drive_base_msgs/msg/detail/dds_fastrtps/command_status__type_support.cpp" "/home/duong/Arduino/ROS2_ServiceRobot/uros_ws/build/drive_base_msgs/rosidl_typesupport_fastrtps_cpp/drive_base_msgs/msg/detail/command_status__rosidl_typesupport_fastrtps_cpp.hpp" "/home/duong/Arduino/ROS2_ServiceRobot/uros_ws/build/drive_base_msgs/rosidl_typesupport_fastrtps_cpp/drive_base_msgs/msg/detail/dds_fastrtps/trv_command__type_support.cpp" "/home/duong/Arduino/ROS2_ServiceRobot/uros_ws/build/drive_base_msgs/rosidl_typesupport_fastrtps_cpp/drive_base_msgs/msg/detail/trv_command__rosidl_typesupport_fastrtps_cpp.hpp"</FullCommandLine>
			<Results>
				<NamedMeasurement type="numeric/double" name="Execution Time">
					<Value>0.290847</Value>
				</NamedMeasurement>
				<NamedMeasurement type="numeric/double" name="Processors">
					<Value>1</Value>
				</NamedMeasurement>
				<NamedMeasurement type="text/string" name="Completion Status">
					<Value>Completed</Value>
				</NamedMeasurement>
				<NamedMeasurement type="text/string" name="Command Line">
[...]
-- run_test.py: verify result file '/home/duong/Arduino/ROS2_ServiceRobot/uros_ws/build/drive_base_msgs/test_results/drive_base_msgs/uncrustify_rosidl_typesupport_cpp.xunit.xml'
</Value>
				</Measurement>
			</Results>
			<Labels>
				<Label>linter</Label>
				<Label>uncrustify</Label>
			</Labels>
		</Test>
		<Test Status="passed">
			<Name>cppcheck_rosidl_generated_py</Name>
			<Path>.</Path>
			<FullName>./cppcheck_rosidl_generated_py</FullName>
			<FullCommandLine>/usr/bin/python3.10 "-u" "/opt/ros/iron/share/ament_cmake_test/cmake/run_test.py" "/home/duong/Arduino/ROS2_ServiceRobot/uros_ws/build/drive_base_msgs/test_results/drive_base_msgs/cppcheck_rosidl_generated_py.xunit.xml" "--package-name" "drive_base_msgs" "--output-file" "/home/duong/Arduino/ROS2_ServiceRobot/uros_ws/build/drive_base_msgs/ament_cppcheck/cppcheck_rosidl_generated_py.txt" "--command" "/opt/ros/iron/bin/ament_cppcheck" "--xunit-file" "/home/duong/Arduino/ROS2_ServiceRobot/uros_ws/build/drive_base_msgs/test_results/drive_base_msgs/cppcheck_rosidl_generated_py.xunit.xml" "/home/duong/Arduino/ROS2_ServiceRobot/uros_ws/build/drive_base_msgs/rosidl_generator_py/drive_base_msgs"</FullCommandLine>
			<Results>
				<NamedMeasurement type="numeric/double" name="Execution Time">
					<Value>0.153267</Value>
				</NamedMeasurement>
				<NamedMeasurement type="numeric/double" name="Processors">
					<Value>1</Value>
				</NamedMeasurement>
				<NamedMeasurement type="text/string" name="Completion Status">
					<Value>Completed</Value>
				</NamedMeasurement>
				<NamedMeasurement type="text/string" name="Command Line">
					<Value>/usr/bin/python3.10 "-u" "/opt/ros/iron/share/ament_cmake_test/cmake/run_test.py" "/home/duong/Arduino/ROS2_ServiceRobot/uros_ws/build/drive_base_msgs/test_results/drive_base_msgs/cppcheck_rosidl_generated_py.xunit.xml" "--package-name" "drive_base_msgs" "--output-file" "/home/duong/Arduino/ROS2_ServiceRobot/uros_ws/build/drive_base_msgs/ament_cppcheck/cppcheck_rosidl_generated_py.txt" "--command" "/opt/ros/iron/bin/ament_cppcheck" "--xunit-file" "/home/duong/Arduino/ROS2_ServiceRobot/uros_ws/build/drive_base_msgs/test_results/drive_base_msgs/cppcheck_rosidl_generated_py.xunit.xml" "/home/duong/Arduino/ROS2_ServiceRobot/uros_ws/build/drive_base_msgs/rosidl_generator_py/drive_base_msgs"</Value>
				</NamedMeasurement>
				<NamedMeasurement type="text/string" name="Environment">
					<Value>#CTEST_RESOURCE_GROUP_COUNT=</Value>
				</NamedMeasurement>
				<Measurement>
					<Value>-- run_test.py: invoking following command in '/home/duong/Arduino/ROS2_ServiceRobot/uros_ws/src/uros/drive_base/drive_base_msgs':
 - /opt/ros/iron/bin/ament_cppcheck --xunit-file /home/duong/Arduino/ROS2_ServiceRobot/uros_ws/build/drive_base_msgs/test_results/drive_base_msgs/cppcheck_rosidl_generated_py.xunit.xml /home/duong/Arduino/ROS2_ServiceRobot/uros_ws/build/drive_base_msgs/rosidl_generator_py/drive_base_msgs
cppcheck 2.7 has known performance issues and therefore will not be used, set the AMENT_CPPCHECK_ALLOW_SLOW_VERSIONS environment variable to override this.
-- run_test.py: return code 0
-- run_test.py: verify result file '/home/duong/Arduino/ROS2_ServiceRobot/uros_ws/build/drive_base_msgs/test_results/drive_base_msgs/cppcheck_rosidl_generated_py.xunit.xml'
</Value>
				</Measurement>
			</Results>
			<Labels>
				<Label>cppcheck</Label>
				<Label>linter</Label>
			</Labels>
		</Test>
		<Test Status="passed">
			<Name>cpplint_rosidl_generated_py</Name>
			<Path>.</Path>
			<FullName>./cpplint_rosidl_generated_py</FullName>
			<FullCommandLine>/usr/bin/python3.10 "-u" "/opt/ros/iron/share/ament_cmake_test/cmake/run_test.py" "/home/duong/Arduino/ROS2_ServiceRobot/uros_ws/build/drive_base_msgs/test_results/drive_base_msgs/cpplint_rosidl_generated_py.xunit.xml" "--package-name" "drive_base_msgs" "--output-file" "/home/duong/Arduino/ROS2_ServiceRobot/uros_ws/build/drive_base_msgs/ament_cpplint/cpplint_rosidl_generated_py.txt" "--command" "/opt/ros/iron/bin/ament_cpplint" "--xunit-file" "/home/duong/Arduino/ROS2_ServiceRobot/uros_ws/build/drive_base_msgs/test_results/drive_base_msgs/cpplint_rosidl_generated_py.xunit.xml" "--filters=-readability/fn_size" "--linelength" "999" "--root" "/home/duong/Arduino/ROS2_ServiceRobot/uros_ws/build/drive_base_msgs/rosidl_generator_py" "/home/duong/Arduino/ROS2_ServiceRobot/uros_ws/build/drive_base_msgs/rosidl_generator_py/drive_base_msgs"</FullCommandLine>
			<Results>
				<NamedMeasurement type="numeric/double" name="Execution Time">
					<Value>0.57689</Value>
				</NamedMeasurement>
				<NamedMeasurement type="numeric/double" name="Processors">
					<Value>1</Value>
				</NamedMeasurement>
				<NamedMeasurement type="text/string" name="Completion Status">
					<Value>Completed</Value>
				</NamedMeasurement>
				<NamedMeasurement type="text/string" name="Command Line">
					<Value>/usr/bin/python3.10 "-u" "/opt/ros/iron/share/ament_cmake_test/cmake/run_test.py" "/home/duong/Arduino/ROS2_ServiceRobot/uros_ws/build/drive_base_msgs/test_results/drive_base_msgs/cpplint_rosidl_generated_py.xunit.xml" "--package-name" "drive_base_msgs" "--output-file" "/home/duong/Arduino/ROS2_ServiceRobot/uros_ws/build/drive_base_msgs/ament_cpplint/cpplint_rosidl_generated_py.txt" "--command" "/opt/ros/iron/bin/ament_cpplint" "--xunit-file" "/home/duong/Arduino/ROS2_ServiceRobot/uros_ws/build/drive_base_msgs/test_results/drive_base_msgs/cpplint_rosidl_generated_py.xunit.xml" "--filters=-readability/fn_size" "--linelength" "999" "--root" "/home/duong/Arduino/ROS2_ServiceRobot/uros_ws/build/drive_base_msgs/rosidl_generator_py" "/home/duong/Arduino/ROS2_ServiceRobot/uros_ws/build/drive_base_msgs/rosidl_generator_py/drive_base_msgs"</Value>
				</NamedMeasurement>
				<NamedMeasurement type="text/string" name="Environment">
					<Value>#CTEST_RESOURCE_GROUP_COUNT=</Value>
				</NamedMeasurement>
				<Measurement>
					<Value>-- run_test.py: invoking following command in '/home/duong/Arduino/ROS2_ServiceRobot/uros_ws/src/uros/drive_base/drive_base_msgs':
 - /opt/ros/iron/bin/ament_cpplint --xunit-file /home/duong/Arduino/ROS2_ServiceRobot/uros_ws/build/drive_base_msgs/test_results/drive_base_msgs/cpplint_rosidl_generated_py.xunit.xml --filters=-readability/fn_size --linelength 999 --root /home/duong/Arduino/ROS2_ServiceRobot/uros_ws/build/drive_base_msgs/rosidl_generator_py /home/duong/Arduino/ROS2_ServiceRobot/uros_ws/build/drive_base_msgs/rosidl_generator_py/drive_base_msgs
Using '--root=/home/duong/Arduino/ROS2_ServiceRobot/uros_ws/build/drive_base_msgs/rosidl_generator_py' argument

Done processing /home/duong/Arduino/ROS2_ServiceRobot/uros_ws/build/drive_base_msgs/rosidl_generator_py/drive_base_msgs/_drive_base_msgs_s.ep.rosidl_typesupport_c.c

Done processing /home/duong/Arduino/ROS2_ServiceRobot/uros_ws/build/drive_base_msgs/rosidl_generator_py/drive_base_msgs/_drive_base_msgs_s.ep.rosidl_typesupport_fastrtps_c.c

Done processing /home/duong/Arduino/ROS2_ServiceRobot/uros_ws/build/drive_base_msgs/rosidl_generator_py/drive_base_msgs/_drive_base_msgs_s.ep.rosidl_typesupport_introspection_c.c

Done processing /home/duong/Arduino/ROS2_ServiceRobot/uros_ws/build/drive_base_msgs/rosidl_generator_py/drive_base_msgs/msg/_base_info_s.c

Done processing /home/duong/Arduino/ROS2_ServiceRobot/uros_ws/build/drive_base_msgs/rosidl_generator_py/drive_base_msgs/msg/_command_header_s.c

Done processing /home/duong/Arduino/ROS2_ServiceRobot/uros_ws/build/drive_base_msgs/rosidl_generator_py/drive_base_msgs/msg/_command_status_s.c

Done processing /home/duong/Arduino/ROS2_ServiceRobot/uros_ws/build/drive_base_msgs/rosidl_generator_py/drive_base_msgs/msg/_trv_command_s.c

No problems found
-- run_test.py: return code 0
-- run_test.py: verify result file '/home/duong/Arduino/ROS2_ServiceRobot/uros_ws/build/drive_base_msgs/test_results/drive_base_msgs/cpplint_rosidl_generated_py.xunit.xml'
</Value>
				</Measurement>
			</Results>
			<Labels>
				<Label>cpplint</Label>
				<Label>linter</Label>
			</Labels>
		</Test>
		<Test Status="passed">
			<Name>flake8_rosidl_generated_py</Name>
			<Path>.</Path>
			<FullName>./flake8_rosidl_generated_py</FullName>
			<FullCommandLine>/usr/bin/python3.10 "-u" "/opt/ros/iron/share/ament_cmake_test/cmake/run_test.py" "/home/duong/Arduino/ROS2_ServiceRobot/uros_ws/build/drive_base_msgs/test_results/drive_base_msgs/flake8_rosidl_generated_py.xunit.xml" "--package-name" "drive_base_msgs" "--output-file" "/home/duong/Arduino/ROS2_ServiceRobot/uros_ws/build/drive_base_msgs/ament_flake8/flake8_rosidl_generated_py.txt" "--command" "/opt/ros/iron/bin/ament_flake8" "--xunit-file" "/home/duong/Arduino/ROS2_ServiceRobot/uros_ws/build/drive_base_msgs/test_results/drive_base_msgs/flake8_rosidl_generated_py.xunit.xml" "--linelength" "999" "/home/duong/Arduino/ROS2_ServiceRobot/uros_ws/build/drive_base_msgs/rosidl_generator_py/drive_base_msgs"</FullCommandLine>
			<Results>
				<NamedMeasurement type="numeric/double" name="Execution Time">
					<Value>0.413918</Value>
				</NamedMeasurement>
				<NamedMeasurement type="numeric/double" name="Processors">
					<Value>1</Value>
				</NamedMeasurement>
				<NamedMeasurement type="text/string" name="Completion Status">
					<Value>Completed</Value>
				</NamedMeasurement>
				<NamedMeasurement type="text/string" name="Command Line">
					<Value>/usr/bin/python3.10 "-u" "/opt/ros/iron/share/ament_cmake_test/cmake/run_test.py" "/home/duong/Arduino/ROS2_ServiceRobot/uros_ws/build/drive_base_msgs/test_results/drive_base_msgs/flake8_rosidl_generated_py.xunit.xml" "--package-name" "drive_base_msgs" "--output-file" "/home/duong/Arduino/ROS2_ServiceRobot/uros_ws/build/drive_base_msgs/ament_flake8/flake8_rosidl_generated_py.txt" "--command" "/opt/ros/iron/bin/ament_flake8" "--xunit-file" "/home/duong/Arduino/ROS2_ServiceRobot/uros_ws/build/drive_base_msgs/test_results/drive_base_msgs/flake8_rosidl_generated_py.xunit.xml" "--linelength" "999" "/home/duong/Arduino/ROS2_ServiceRobot/uros_ws/build/drive_base_msgs/rosidl_generator_py/drive_base_msgs"</Value>
				</NamedMeasurement>
				<NamedMeasurement type="text/string" name="Environment">
					<Value>#CTEST_RESOURCE_GROUP_COUNT=</Value>
				</NamedMeasurement>
				<Measurement>
					<Value>-- run_test.py: invoking following command in '/home/duong/Arduino/ROS2_ServiceRobot/uros_ws/src/uros/drive_base/drive_base_msgs':
 - /opt/ros/iron/bin/ament_flake8 --xunit-file /home/duong/Arduino/ROS2_ServiceRobot/uros_ws/build/drive_base_msgs/test_results/drive_base_msgs/flake8_rosidl_generated_py.xunit.xml --linelength 999 /home/duong/Arduino/ROS2_ServiceRobot/uros_ws/build/drive_base_msgs/rosidl_generator_py/drive_base_msgs

6 files checked
No problems found

Checked files:

* /home/duong/Arduino/ROS2_ServiceRobot/uros_ws/build/drive_base_msgs/rosidl_generator_py/drive_base_msgs/__init__.py
* /home/duong/Arduino/ROS2_ServiceRobot/uros_ws/build/drive_base_msgs/rosidl_generator_py/drive_base_msgs/msg/_command_status.py
* /home/duong/Arduino/ROS2_ServiceRobot/uros_ws/build/drive_base_msgs/rosidl_generator_py/drive_base_msgs/msg/_command_header.py
* /home/duong/Arduino/ROS2_ServiceRobot/uros_ws/build/drive_base_msgs/rosidl_generator_py/drive_base_msgs/msg/_trv_command.py
* /home/duong/Arduino/ROS2_ServiceRobot/uros_ws/build/drive_base_msgs/rosidl_generator_py/drive_base_msgs/msg/_base_info.py
* /home/duong/Arduino/ROS2_ServiceRobot/uros_ws/build/drive_base_msgs/rosidl_generator_py/drive_base_msgs/msg/__init__.py
-- run_test.py: return code 0
-- run_test.py: verify result file '/home/duong/Arduino/ROS2_ServiceRobot/uros_ws/build/drive_base_msgs/test_results/drive_base_msgs/flake8_rosidl_generated_py.xunit.xml'
</Value>
				</Measurement>
			</Results>
			<Labels>
				<Label>flake8</Label>
				<Label>linter</Label>
			</Labels>
		</Test>
		<Test Status="passed">
			<Name>pep257_rosidl_generated_py</Name>
			<Path>.</Path>
			<FullName>./pep257_rosidl_generated_py</FullName>
			<FullCommandLine>/usr/bin/python3.10 "-u" "/opt/ros/iron/share/ament_cmake_test/cmake/run_test.py" "/home/duong/Arduino/ROS2_ServiceRobot/uros_ws/build/drive_base_msgs/test_results/drive_base_msgs/pep257_rosidl_generated_py.xunit.xml" "--package-name" "drive_base_msgs" "--output-file" "/home/duong/Arduino/ROS2_ServiceRobot/uros_ws/build/drive_base_msgs/ament_pep257/pep257_rosidl_generated_py.txt" "--command" "/opt/ros/iron/bin/ament_pep257" "--xunit-file" "/home/duong/Arduino/ROS2_ServiceRobot/uros_ws/build/drive_base_msgs/test_results/drive_base_msgs/pep257_rosidl_generated_py.xunit.xml" "/home/duong/Arduino/ROS2_ServiceRobot/uros_ws/build/drive_base_msgs/rosidl_generator_py/drive_base_msgs"</FullCommandLine>
			<Results>
				<NamedMeasurement type="numeric/double" name="Execution Time">
					<Value>0.263829</Value>
				</NamedMeasurement>
				<NamedMeasurement type="numeric/double" name="Processors">
					<Value>1</Value>
				</NamedMeasurement>
				<NamedMeasurement type="text/string" name="Completion Status">
					<Value>Completed</Value>
				</NamedMeasurement>
				<NamedMeasurement type="text/string" name="Command Line">
					<Value>/usr/bin/python3.10 "-u" "/opt/ros/iron/share/ament_cmake_test/cmake/run_test.py" "/home/duong/Arduino/ROS2_ServiceRobot/uros_ws/build/drive_base_msgs/test_results/drive_base_msgs/pep257_rosidl_generated_py.xunit.xml" "--package-name" "drive_base_msgs" "--output-file" "/home/duong/Arduino/ROS2_ServiceRobot/uros_ws/build/drive_base_msgs/ament_pep257/pep257_rosidl_generated_py.txt" "--command" "/opt/ros/iron/bin/ament_pep257" "--xunit-file" "/home/duong/Arduino/ROS2_ServiceRobot/uros_ws/build/drive_base_msgs/test_results/drive_base_msgs/pep257_rosidl_generated_py.xunit.xml" "/home/duong/Arduino/ROS2_ServiceRobot/uros_ws/build/drive_base_msgs/rosidl_generator_py/drive_base_msgs"</Value>
				</NamedMeasurement>
				<NamedMeasurement type="text/string" name="Environment">
					<Value>#CTEST_RESOURCE_GROUP_COUNT=</Value>
				</NamedMeasurement>
				<Measurement>
					<Value>-- run_test.py: invoking following command in '/home/duong/Arduino/ROS2_ServiceRobot/uros_ws/src/uros/drive_base/drive_base_msgs':
 - /opt/ros/iron/bin/ament_pep257 --xunit-file /home/duong/Arduino/ROS2_ServiceRobot/uros_ws/build/drive_base_msgs/test_results/drive_base_msgs/pep257_rosidl_generated_py.xunit.xml /home/duong/Arduino/ROS2_ServiceRobot/uros_ws/build/drive_base_msgs/rosidl_generator_py/drive_base_msgs
checking /home/duong/Arduino/ROS2_ServiceRobot/uros_ws/build/drive_base_msgs/rosidl_generator_py/drive_base_msgs/__init__.py
checking /home/duong/Arduino/ROS2_ServiceRobot/uros_ws/build/drive_base_msgs/rosidl_generator_py/drive_base_msgs/msg/__init__.py
checking /home/duong/Arduino/ROS2_ServiceRobot/uros_ws/build/drive_base_msgs/rosidl_generator_py/drive_base_msgs/msg/_base_info.py
checking /home/duong/Arduino/ROS2_ServiceRobot/uros_ws/build/drive_base_msgs/rosidl_generator_py/drive_base_msgs/msg/_command_header.py
checking /home/duong/Arduino/ROS2_ServiceRobot/uros_ws/build/drive_base_msgs/rosidl_generator_py/drive_base_msgs/msg/_command_status.py
checking /home/duong/Arduino/ROS2_ServiceRobot/uros_ws/build/drive_base_msgs/rosidl_generator_py/drive_base_msgs/msg/_trv_command.py
No problems found
-- run_test.py: return code 0
-- run_test.py: verify result file '/home/duong/Arduino/ROS2_ServiceRobot/uros_ws/build/drive_base_msgs/test_results/drive_base_msgs/pep257_rosidl_generated_py.xunit.xml'
</Value>
				</Measurement>
			</Results>
			<Labels>
				<Label>linter</Label>
				<Label>pep257</Label>
			</Labels>
		</Test>
		<Test Status="passed">
			<Name>uncrustify_rosidl_generated_py</Name>
			<Path>.</Path>
			<FullName>./uncrustify_rosidl_generated_py</FullName>
			<FullCommandLine>/usr/bin/python3.10 "-u" "/opt/ros/iron/share/ament_cmake_test/cmake/run_test.py" "/home/duong/Arduino/ROS2_ServiceRobot/uros_ws/build/drive_base_msgs/test_results/drive_base_msgs/uncrustify_rosidl_generated_py.xunit.xml" "--package-name" "drive_base_msgs" "--output-file" "/home/duong/Arduino/ROS2_ServiceRobot/uros_ws/build/drive_base_msgs/ament_uncrustify/uncrustify_rosidl_generated_py.txt" "--command" "/opt/ros/iron/bin/ament_uncrustify" "--xunit-file" "/home/duong/Arduino/ROS2_ServiceRobot/uros_ws/build/drive_base_msgs/test_results/drive_base_msgs/uncrustify_rosidl_generated_py.xunit.xml" "--linelength" "0" "/home/duong/Arduino/ROS2_ServiceRobot/uros_ws/build/drive_base_msgs/rosidl_generator_py/drive_base_msgs"</FullCommandLine>
			<Results>
				<NamedMeasurement type="numeric/double" name="Execution Time">
					<Value>0.203682</Value>
				</NamedMeasurement>
				<NamedMeasurement type="numeric/double" name="Processors">
					<Value>1</Value>
				</NamedMeasurement>
				<NamedMeasurement type="text/string" name="Completion Status">
					<Value>Completed</Value>
				</NamedMeasurement>
				<NamedMeasurement type="text/string" name="Command Line">
					<Value>/usr/bin/python3.10 "-u" "/opt/ros/iron/share/ament_cmake_test/cmake/run_test.py" "/home/duong/Arduino/ROS2_ServiceRobot/uros_ws/build/drive_base_msgs/test_results/drive_base_msgs/uncrustify_rosidl_generated_py.xunit.xml" "--package-name" "drive_base_msgs" "--output-file" "/home/duong/Arduino/ROS2_ServiceRobot/uros_ws/build/drive_base_msgs/ament_uncrustify/uncrustify_rosidl_generated_py.txt" "--command" "/opt/ros/iron/bin/ament_uncrustify" "--xunit-file" "/home/duong/Arduino/ROS2_ServiceRobot/uros_ws/build/drive_base_msgs/test_results/drive_base_msgs/uncrustify_rosidl_generated_py.xunit.xml" "--linelength" "0" "/home/duong/Arduino/ROS2_ServiceRobot/uros_ws/build/drive_base_msgs/rosidl_generator_py/drive_base_msgs"</Value>
				</NamedMeasurement>
				<NamedMeasurement type="text/string" name="Environment">
					<Value>#CTEST_RESOURCE_GROUP_COUNT=</Value>
				</NamedMeasurement>
				<Measurement>
					<Value>-- run_test.py: invoking following command in '/home/duong/Arduino/ROS2_ServiceRobot/uros_ws/src/uros/drive_base/drive_base_msgs':
 - /opt/ros/iron/bin/ament_uncrustify --xunit-file /home/duong/Arduino/ROS2_ServiceRobot/uros_ws/build/drive_base_msgs/test_results/drive_base_msgs/uncrustify_rosidl_generated_py.xunit.xml --linelength 0 /home/duong/Arduino/ROS2_ServiceRobot/uros_ws/build/drive_base_msgs/rosidl_generator_py/drive_base_msgs
No code style divergence in file '/home/duong/Arduino/ROS2_ServiceRobot/uros_ws/build/drive_base_msgs/rosidl_generator_py/drive_base_msgs/_drive_base_msgs_s.ep.rosidl_typesupport_c.c'

No code style divergence in file '/home/duong/Arduino/ROS2_ServiceRobot/uros_ws/build/drive_base_msgs/rosidl_generator_py/drive_base_msgs/_drive_base_msgs_s.ep.rosidl_typesupport_fastrtps_c.c'

No code style divergence in file '/home/duong/Arduino/ROS2_ServiceRobot/uros_ws/build/drive_base_msgs/rosidl_generator_py/drive_base_msgs/_drive_base_msgs_s.ep.rosidl_typesupport_introspection_c.c'

No code style divergence in file '/home/duong/Arduino/ROS2_ServiceRobot/uros_ws/build/drive_base_msgs/rosidl_generator_py/drive_base_msgs/msg/_base_info_s.c'

No code style divergence in file '/home/duong/Arduino/ROS2_ServiceRobot/uros_ws/build/drive_base_msgs/rosidl_generator_py/drive_base_msgs/msg/_command_header_s.c'

No code style divergence in file '/home/duong/Arduino/ROS2_ServiceRobot/uros_ws/build/drive_base_msgs/rosidl_generator_py/drive_base_msgs/msg/_command_status_s.c'

No code style divergence in file '/home/duong/Arduino/ROS2_ServiceRobot/uros_ws/build/drive_base_msgs/rosidl_generator_py/drive_base_msgs/msg/_trv_command_s.c'

No problems found
-- run_test.py: return code 0
-- run_test.py: verify result file '/home/duong/Arduino/ROS2_ServiceRobot/uros_ws/build/drive_base_msgs/test_results/drive_base_msgs/uncrustify_rosidl_generated_py.xunit.xml'
</Value>
				</Measurement>
			</Results>
			<Labels>
				<Label>linter</Label>
				<Label>uncrustify</Label>
			</Labels>
		</Test>
		<EndDateTime>Aug 01 02:04 +07</EndDateTime>
		<EndTestTime>1785524691</EndTestTime>
		<ElapsedMinutes>0</ElapsedMinutes>
	</Testing>
</Site>
