Start testing: Aug 01 02:04 +07
----------------------------------------------------------
1/3 Testing: copyright
1/3 Test: copyright
Command: "/usr/bin/python3.10" "-u" "/opt/ros/iron/share/ament_cmake_test/cmake/run_test.py" "/home/duong/Arduino/ROS2_ServiceRobot/uros_ws/build/micro_ros_msgs/test_results/micro_ros_msgs/copyright.xunit.xml" "--package-name" "micro_ros_msgs" "--output-file" "/home/duong/Arduino/ROS2_ServiceRobot/uros_ws/build/micro_ros_msgs/ament_copyright/copyright.txt" "--command" "/opt/ros/iron/bin/ament_copyright" "--xunit-file" "/home/duong/Arduino/ROS2_ServiceRobot/uros_ws/build/micro_ros_msgs/test_results/micro_ros_msgs/copyright.xunit.xml"
Directory: /home/duong/Arduino/ROS2_ServiceRobot/uros_ws/src/uros/micro_ros_msgs
"copyright" start time: Aug 01 02:04 +07
Output:
----------------------------------------------------------
-- run_test.py: invoking following command in '/home/duong/Arduino/ROS2_ServiceRobot/uros_ws/src/uros/micro_ros_msgs':
 - /opt/ros/iron/bin/ament_copyright --xunit-file /home/duong/Arduino/ROS2_ServiceRobot/uros_ws/build/micro_ros_msgs/test_results/micro_ros_msgs/copyright.xunit.xml
CONTRIBUTING.md: <unknown>
1 errors, checked 2 files
-- run_test.py: return code 1
-- run_test.py: verify result file '/home/duong/Arduino/ROS2_ServiceRobot/uros_ws/build/micro_ros_msgs/test_results/micro_ros_msgs/copyright.xunit.xml'
<end of output>
Test time =   0.35 sec
----------------------------------------------------------
Test Failed.
"copyright" end time: Aug 01 02:04 +07
"copyright" time elapsed: 00:00:00
----------------------------------------------------------

2/3 Testing: lint_cmake
2/3 Test: lint_cmake
Command: "/usr/bin/python3.10" "-u" "/opt/ros/iron/share/ament_cmake_test/cmake/run_test.py" "/home/duong/Arduino/ROS2_ServiceRobot/uros_ws/build/micro_ros_msgs/test_results/micro_ros_msgs/lint_cmake.xunit.xml" "--package-name" "micro_ros_msgs" "--output-file" "/home/duong/Arduino/ROS2_ServiceRobot/uros_ws/build/micro_ros_msgs/ament_lint_cmake/lint_cmake.txt" "--command" "/opt/ros/iron/bin/ament_lint_cmake" "--xunit-file" "/home/duong/Arduino/ROS2_ServiceRobot/uros_ws/build/micro_ros_msgs/test_results/micro_ros_msgs/lint_cmake.xunit.xml"
Directory: /home/duong/Arduino/ROS2_ServiceRobot/uros_ws/src/uros/micro_ros_msgs
"lint_cmake" start time: Aug 01 02:04 +07
Output:
----------------------------------------------------------
-- run_test.py: invoking following command in '/home/duong/Arduino/ROS2_ServiceRobot/uros_ws/src/uros/micro_ros_msgs':
 - /opt/ros/iron/bin/ament_lint_cmake --xunit-file /home/duong/Arduino/ROS2_ServiceRobot/uros_ws/build/micro_ros_msgs/test_results/micro_ros_msgs/lint_cmake.xunit.xml

No problems found
-- run_test.py: return code 0
-- run_test.py: verify result file '/home/duong/Arduino/ROS2_ServiceRobot/uros_ws/build/micro_ros_msgs/test_results/micro_ros_msgs/lint_cmake.xunit.xml'
<end of output>
Test time =   0.20 sec
----------------------------------------------------------
Test Passed.
"lint_cmake" end time: Aug 01 02:04 +07
"lint_cmake" time elapsed: 00:00:00
----------------------------------------------------------

3/3 Testing: xmllint
3/3 Test: xmllint
Command: "/usr/bin/python3.10" "-u" "/opt/ros/iron/share/ament_cmake_test/cmake/run_test.py" "/home/duong/Arduino/ROS2_ServiceRobot/uros_ws/build/micro_ros_msgs/test_results/micro_ros_msgs/xmllint.xunit.xml" "--package-name" "micro_ros_msgs" "--output-file" "/home/duong/Arduino/ROS2_ServiceRobot/uros_ws/build/micro_ros_msgs/ament_xmllint/xmllint.txt" "--command" "/opt/ros/iron/bin/ament_xmllint" "--xunit-file" "/home/duong/Arduino/ROS2_ServiceRobot/uros_ws/build/micro_ros_msgs/test_results/micro_ros_msgs/xmllint.xunit.xml"
Directory: /home/duong/Arduino/ROS2_ServiceRobot/uros_ws/src/uros/micro_ros_msgs
"xmllint" start time: Aug 01 02:04 +07
Output:
----------------------------------------------------------
-- run_test.py: invoking following command in '/home/duong/Arduino/ROS2_ServiceRobot/uros_ws/src/uros/micro_ros_msgs':
 - /opt/ros/iron/bin/ament_xmllint --xunit-file /home/duong/Arduino/ROS2_ServiceRobot/uros_ws/build/micro_ros_msgs/test_results/micro_ros_msgs/xmllint.xunit.xml
File 'package.xml' is invalid:
warning: failed to load external entity "http://download.ros.org/schema/package_format3.xsd"
Schemas parser error : Failed to locate the main schema resource at 'http://download.ros.org/schema/package_format3.xsd'.
WXS schema http://download.ros.org/schema/package_format3.xsd failed to compile

1 files are invalid
-- run_test.py: return code 1
-- run_test.py: verify result file '/home/duong/Arduino/ROS2_ServiceRobot/uros_ws/build/micro_ros_msgs/test_results/micro_ros_msgs/xmllint.xunit.xml'
<end of output>
Test time =   0.22 sec
----------------------------------------------------------
Test Failed.
"xmllint" end time: Aug 01 02:04 +07
"xmllint" time elapsed: 00:00:00
----------------------------------------------------------

End testing: Aug 01 02:04 +07

copyright =   0.35 sec*proc

lint_cmake =   0.20 sec*proc

linter =   0.78 sec*proc

xmllint =   0.22 sec*proc

