Start testing: Aug 01 02:04 +07
----------------------------------------------------------
1/5 Testing: copyright
1/5 Test: copyright
Command: "/usr/bin/python3.10" "-u" "/opt/ros/iron/share/ament_cmake_test/cmake/run_test.py" "/home/duong/Arduino/ROS2_ServiceRobot/uros_ws/build/micro_ros_setup/test_results/micro_ros_setup/copyright.xunit.xml" "--package-name" "micro_ros_setup" "--output-file" "/home/duong/Arduino/ROS2_ServiceRobot/uros_ws/build/micro_ros_setup/ament_copyright/copyright.txt" "--command" "/opt/ros/iron/bin/ament_copyright" "--xunit-file" "/home/duong/Arduino/ROS2_ServiceRobot/uros_ws/build/micro_ros_setup/test_results/micro_ros_setup/copyright.xunit.xml"
Directory: /home/duong/Arduino/ROS2_ServiceRobot/uros_ws/src/micro_ros_setup
"copyright" start time: Aug 01 02:04 +07
Output:
----------------------------------------------------------
-- run_test.py: invoking following command in '/home/duong/Arduino/ROS2_ServiceRobot/uros_ws/src/micro_ros_setup':
 - /opt/ros/iron/bin/ament_copyright --xunit-file /home/duong/Arduino/ROS2_ServiceRobot/uros_ws/build/micro_ros_setup/test_results/micro_ros_setup/copyright.xunit.xml
CONTRIBUTING.md: <unknown>
config/generate_lib/generic/demo_toolchain.cmake: could not find copyright notice
scripts/yaml_filter.py: could not find copyright notice
3 errors, checked 4 files
-- run_test.py: return code 1
-- run_test.py: verify result file '/home/duong/Arduino/ROS2_ServiceRobot/uros_ws/build/micro_ros_setup/test_results/micro_ros_setup/copyright.xunit.xml'
<end of output>
Test time =   0.34 sec
----------------------------------------------------------
Test Failed.
"copyright" end time: Aug 01 02:04 +07
"copyright" time elapsed: 00:00:00
----------------------------------------------------------

2/5 Testing: flake8
2/5 Test: flake8
Command: "/usr/bin/python3.10" "-u" "/opt/ros/iron/share/ament_cmake_test/cmake/run_test.py" "/home/duong/Arduino/ROS2_ServiceRobot/uros_ws/build/micro_ros_setup/test_results/micro_ros_setup/flake8.xunit.xml" "--package-name" "micro_ros_setup" "--output-file" "/home/duong/Arduino/ROS2_ServiceRobot/uros_ws/build/micro_ros_setup/ament_flake8/flake8.txt" "--command" "/opt/ros/iron/bin/ament_flake8" "--xunit-file" "/home/duong/Arduino/ROS2_ServiceRobot/uros_ws/build/micro_ros_setup/test_results/micro_ros_setup/flake8.xunit.xml"
Directory: /home/duong/Arduino/ROS2_ServiceRobot/uros_ws/src/micro_ros_setup
"flake8" start time: Aug 01 02:04 +07
Output:
----------------------------------------------------------
-- run_test.py: invoking following command in '/home/duong/Arduino/ROS2_ServiceRobot/uros_ws/src/micro_ros_setup':
 - /opt/ros/iron/bin/ament_flake8 --xunit-file /home/duong/Arduino/ROS2_ServiceRobot/uros_ws/build/micro_ros_setup/test_results/micro_ros_setup/flake8.xunit.xml
import copy
^
    
^
1     F401 'copy' imported but unused
1     W293 blank line contains whitespace

./scripts/yaml_filter.py:7:1: F401 'copy' imported but unused

./scripts/yaml_filter.py:14:1: W293 blank line contains whitespace


1 files checked
2 errors

'F'-type errors: 1
'W'-type errors: 1

Checked files:

* ./scripts/yaml_filter.py
-- run_test.py: return code 1
-- run_test.py: verify result file '/home/duong/Arduino/ROS2_ServiceRobot/uros_ws/build/micro_ros_setup/test_results/micro_ros_setup/flake8.xunit.xml'
<end of output>
Test time =   0.35 sec
----------------------------------------------------------
Test Failed.
"flake8" end time: Aug 01 02:04 +07
"flake8" time elapsed: 00:00:00
----------------------------------------------------------

3/5 Testing: lint_cmake
3/5 Test: lint_cmake
Command: "/usr/bin/python3.10" "-u" "/opt/ros/iron/share/ament_cmake_test/cmake/run_test.py" "/home/duong/Arduino/ROS2_ServiceRobot/uros_ws/build/micro_ros_setup/test_results/micro_ros_setup/lint_cmake.xunit.xml" "--package-name" "micro_ros_setup" "--output-file" "/home/duong/Arduino/ROS2_ServiceRobot/uros_ws/build/micro_ros_setup/ament_lint_cmake/lint_cmake.txt" "--command" "/opt/ros/iron/bin/ament_lint_cmake" "--xunit-file" "/home/duong/Arduino/ROS2_ServiceRobot/uros_ws/build/micro_ros_setup/test_results/micro_ros_setup/lint_cmake.xunit.xml"
Directory: /home/duong/Arduino/ROS2_ServiceRobot/uros_ws/src/micro_ros_setup
"lint_cmake" start time: Aug 01 02:04 +07
Output:
----------------------------------------------------------
-- run_test.py: invoking following command in '/home/duong/Arduino/ROS2_ServiceRobot/uros_ws/src/micro_ros_setup':
 - /opt/ros/iron/bin/ament_lint_cmake --xunit-file /home/duong/Arduino/ROS2_ServiceRobot/uros_ws/build/micro_ros_setup/test_results/micro_ros_setup/lint_cmake.xunit.xml

No problems found
-- run_test.py: return code 0
-- run_test.py: verify result file '/home/duong/Arduino/ROS2_ServiceRobot/uros_ws/build/micro_ros_setup/test_results/micro_ros_setup/lint_cmake.xunit.xml'
<end of output>
Test time =   0.21 sec
----------------------------------------------------------
Test Passed.
"lint_cmake" end time: Aug 01 02:04 +07
"lint_cmake" time elapsed: 00:00:00
----------------------------------------------------------

4/5 Testing: pep257
4/5 Test: pep257
Command: "/usr/bin/python3.10" "-u" "/opt/ros/iron/share/ament_cmake_test/cmake/run_test.py" "/home/duong/Arduino/ROS2_ServiceRobot/uros_ws/build/micro_ros_setup/test_results/micro_ros_setup/pep257.xunit.xml" "--package-name" "micro_ros_setup" "--output-file" "/home/duong/Arduino/ROS2_ServiceRobot/uros_ws/build/micro_ros_setup/ament_pep257/pep257.txt" "--command" "/opt/ros/iron/bin/ament_pep257" "--xunit-file" "/home/duong/Arduino/ROS2_ServiceRobot/uros_ws/build/micro_ros_setup/test_results/micro_ros_setup/pep257.xunit.xml"
Directory: /home/duong/Arduino/ROS2_ServiceRobot/uros_ws/src/micro_ros_setup
"pep257" start time: Aug 01 02:04 +07
Output:
----------------------------------------------------------
-- run_test.py: invoking following command in '/home/duong/Arduino/ROS2_ServiceRobot/uros_ws/src/micro_ros_setup':
 - /opt/ros/iron/bin/ament_pep257 --xunit-file /home/duong/Arduino/ROS2_ServiceRobot/uros_ws/build/micro_ros_setup/test_results/micro_ros_setup/pep257.xunit.xml
checking ./scripts/yaml_filter.py
No problems found
-- run_test.py: return code 0
-- run_test.py: verify result file '/home/duong/Arduino/ROS2_ServiceRobot/uros_ws/build/micro_ros_setup/test_results/micro_ros_setup/pep257.xunit.xml'
<end of output>
Test time =   0.31 sec
----------------------------------------------------------
Test Passed.
"pep257" end time: Aug 01 02:04 +07
"pep257" time elapsed: 00:00:00
----------------------------------------------------------

5/5 Testing: xmllint
5/5 Test: xmllint
Command: "/usr/bin/python3.10" "-u" "/opt/ros/iron/share/ament_cmake_test/cmake/run_test.py" "/home/duong/Arduino/ROS2_ServiceRobot/uros_ws/build/micro_ros_setup/test_results/micro_ros_setup/xmllint.xunit.xml" "--package-name" "micro_ros_setup" "--output-file" "/home/duong/Arduino/ROS2_ServiceRobot/uros_ws/build/micro_ros_setup/ament_xmllint/xmllint.txt" "--command" "/opt/ros/iron/bin/ament_xmllint" "--xunit-file" "/home/duong/Arduino/ROS2_ServiceRobot/uros_ws/build/micro_ros_setup/test_results/micro_ros_setup/xmllint.xunit.xml"
Directory: /home/duong/Arduino/ROS2_ServiceRobot/uros_ws/src/micro_ros_setup
"xmllint" start time: Aug 01 02:04 +07
Output:
----------------------------------------------------------
-- run_test.py: invoking following command in '/home/duong/Arduino/ROS2_ServiceRobot/uros_ws/src/micro_ros_setup':
 - /opt/ros/iron/bin/ament_xmllint --xunit-file /home/duong/Arduino/ROS2_ServiceRobot/uros_ws/build/micro_ros_setup/test_results/micro_ros_setup/xmllint.xunit.xml
File 'package.xml' is invalid:
warning: failed to load external entity "http://download.ros.org/schema/package_format3.xsd"
Schemas parser error : Failed to locate the main schema resource at 'http://download.ros.org/schema/package_format3.xsd'.
WXS schema http://download.ros.org/schema/package_format3.xsd failed to compile

File 'config/android/generic/package.xml' is invalid:
warning: failed to load external entity "http://download.ros.org/schema/package_format2.xsd"
Schemas parser error : Failed to locate the main schema resource at 'http://download.ros.org/schema/package_format2.xsd'.
WXS schema http://download.ros.org/schema/package_format2.xsd failed to compile

File 'config/freertos/crazyflie21/package.xml' is invalid:
warning: failed to load external entity "http://download.ros.org/schema/package_format2.xsd"
Schemas parser error : Failed to locate the main schema resource at 'http://download.ros.org/schema/package_format2.xsd'.
WXS schema http://download.ros.org/schema/package_format2.xsd failed to compile

File 'config/freertos/esp32/package.xml' is invalid:
warning: failed to load external entity "http://download.ros.org/schema/package_format2.xsd"
Schemas parser error : Failed to locate the main schema resource at 'http://download.ros.org/schema/package_format2.xsd'.
WXS schema http://download.ros.org/schema/package_format2.xsd failed to compile

File 'config/freertos/nucleo_f446re/package.xml' is invalid:
warning: failed to load external entity "http://download.ros.org/schema/package_format2.xsd"
Schemas parser error : Failed to locate the main schema resource at 'http://download.ros.org/schema/package_format2.xsd'.
WXS schema http://download.ros.org/schema/package_format2.xsd failed to compile

File 'config/freertos/nucleo_f446ze/package.xml' is invalid:
warning: failed to load external entity "http://download.ros.org/schema/package_format2.xsd"
Schemas parser error : Failed to locate the main schema resource at 'http://download.ros.org/schema/package_format2.xsd'.
WXS schema http://download.ros.org/schema/package_format2.xsd failed to compile

File 'config/freertos/nucleo_f746zg/package.xml' is invalid:
warning: failed to load external entity "http://download.ros.org/schema/package_format2.xsd"
Schemas parser error : Failed to locate the main schema resource at 'http://download.ros.org/schema/package_format2.xsd'.
WXS schema http://download.ros.org/schema/package_format2.xsd failed to compile

File 'config/freertos/nucleo_f767zi/package.xml' is invalid:
warning: failed to load external entity "http://download.ros.org/schema/package_format2.xsd"
Schemas parser error : Failed to locate the main schema resource at 'http://download.ros.org/schema/package_format2.xsd'.
WXS schema http://download.ros.org/schema/package_format2.xsd failed to compile

File 'config/freertos/olimex-stm32-e407/package.xml' is invalid:
warning: failed to load external entity "http://download.ros.org/schema/package_format2.xsd"
Schemas parser error : Failed to locate the main schema resource at 'http://download.ros.org/schema/package_format2.xsd'.
WXS schema http://download.ros.org/schema/package_format2.xsd failed to compile

File 'config/generate_lib/generic/package.xml' is invalid:
warning: failed to load external entity "http://download.ros.org/schema/package_format2.xsd"
Schemas parser error : Failed to locate the main schema resource at 'http://download.ros.org/schema/package_format2.xsd'.
WXS schema http://download.ros.org/schema/package_format2.xsd failed to compile

File 'config/host/generic/package.xml' is invalid:
warning: failed to load external entity "http://download.ros.org/schema/package_format2.xsd"
Schemas parser error : Failed to locate the main schema resource at 'http://download.ros.org/schema/package_format2.xsd'.
WXS schema http://download.ros.org/schema/package_format2.xsd failed to compile

File 'config/mbed/generic/package.xml' is invalid:
warning: failed to load external entity "http://download.ros.org/schema/package_format2.xsd"
Schemas parser error : Failed to locate the main schema resource at 'http://download.ros.org/schema/package_format2.xsd'.
WXS schema http://download.ros.org/schema/package_format2.xsd failed to compile

File 'config/zephyr/generic/package.xml' is invalid:
warning: failed to load external entity "http://download.ros.org/schema/package_format2.xsd"
Schemas parser error : Failed to locate the main schema resource at 'http://download.ros.org/schema/package_format2.xsd'.
WXS schema http://download.ros.org/schema/package_format2.xsd failed to compile

13 files are invalid
-- run_test.py: return code 1
-- run_test.py: verify result file '/home/duong/Arduino/ROS2_ServiceRobot/uros_ws/build/micro_ros_setup/test_results/micro_ros_setup/xmllint.xunit.xml'
<end of output>
Test time =   0.29 sec
----------------------------------------------------------
Test Failed.
"xmllint" end time: Aug 01 02:04 +07
"xmllint" time elapsed: 00:00:00
----------------------------------------------------------

End testing: Aug 01 02:04 +07

copyright =   0.34 sec*proc

flake8 =   0.35 sec*proc

lint_cmake =   0.21 sec*proc

linter =   1.51 sec*proc

pep257 =   0.31 sec*proc

xmllint =   0.29 sec*proc

