Start testing: Aug 01 02:04 +07
----------------------------------------------------------
1/4 Testing: flake8
1/4 Test: flake8
Command: "/usr/bin/python3.10" "-u" "/opt/ros/iron/share/ament_cmake_test/cmake/run_test.py" "/home/duong/Arduino/ROS2_ServiceRobot/kaia_ws/build/kaiaai_bringup/test_results/kaiaai_bringup/flake8.xunit.xml" "--package-name" "kaiaai_bringup" "--output-file" "/home/duong/Arduino/ROS2_ServiceRobot/kaia_ws/build/kaiaai_bringup/ament_flake8/flake8.txt" "--command" "/opt/ros/iron/bin/ament_flake8" "--xunit-file" "/home/duong/Arduino/ROS2_ServiceRobot/kaia_ws/build/kaiaai_bringup/test_results/kaiaai_bringup/flake8.xunit.xml"
Directory: /home/duong/Arduino/ROS2_ServiceRobot/kaia_ws/src/kaiaai_bringup
"flake8" start time: Aug 01 02:04 +07
Output:
----------------------------------------------------------
-- run_test.py: invoking following command in '/home/duong/Arduino/ROS2_ServiceRobot/kaia_ws/src/kaiaai_bringup':
 - /opt/ros/iron/bin/ament_flake8 --xunit-file /home/duong/Arduino/ROS2_ServiceRobot/kaia_ws/build/kaiaai_bringup/test_results/kaiaai_bringup/flake8.xunit.xml
import os, re
^
import os, re
         ^
      robot_model_str = config.get_var('robot.model')
      ^
#      robot_model_str + '.urdf.xacro')
^
            description='Control joints using GUI, no GUI or don''t launch joint_state_publisher at all'
                                                                                                   ^
#            condition=UnlessCondition(LaunchConfiguration('gui'))
^
#            condition=IfCondition(LaunchConfiguration('gui'))
^
      robot_model_str = config.get_var('robot.model')
      ^
def generate_launch_description():
^
import re
^
from launch.conditions import UnlessCondition
^
      robot_model_str = config.get_var('robot.model')
      ^
    lidar_model = lidar_model_str if len(lidar_model_str) > 0 else \
      robot_model_str + ' default'
      ^
            parameters = [config_telem_path_name, config_override_path_name,
                      ^
            parameters = [config_telem_path_name, config_override_path_name,
                        ^
              {'laser_scan.lidar_model': lidar_model_str}]
              ^
              if len(lidar_model_str) > 0 else
              ^
              [config_telem_path_name, config_override_path_name]
              ^
              '3IROBOTIX-DELTA-2G', 'YDLIDAR-X3-PRO', 'YDLIDAR-X3',
              ^
              'NEATO-XV11', 'SLAMTEC-RPLIDAR-A1', '3IROBOTIX-DELTA-2A',
              ^
              '3IROBOTIX-DELTA-2B', 'LDROBOT-LD14P', 'CAMSENSE-X1',
              ^
              'YDLIDAR-SCL', ''],  # 'AUTO'
              ^
import os, re
^
import os, re
         ^
      robot_model_str = config.get_var('robot.model')
      ^
def generate_launch_description():
^
import os, re
^
import os, re
         ^
    urdf_path_str = context.perform_substitution(urdf_path)
    ^
import os, re
^
import os, re
         ^
from launch.conditions import IfCondition, UnlessCondition
^
from launch.conditions import IfCondition, UnlessCondition
^
from launch.substitutions import Command, LaunchConfiguration
^
from launch_ros.parameter_descriptions import ParameterValue
^
def make_nodes(context: LaunchContext, robot_model, gui):
^
      robot_model_str = config.get_var('robot.model')
      ^
#      robot_model_str + '.urdf.xacro')
^
import os, re
^
import os, re
         ^
from launch.conditions import IfCondition, UnlessCondition
^
from launch.conditions import IfCondition, UnlessCondition
^
      robot_model_str = config.get_var('robot.model')
      ^
    #model_name = re.sub(r'_description$', '', description_str)
    ^
    robot_description = ParameterValue(Command(['xacro ', urdf_path_name]), value_type=str)
    ^
    print('Cartographer config : {}/{}'.format(cartographer_config_path, configuration_basename_str))
                                                                                                   ^
6     E111 indentation is not a multiple of 4
4     E122 continuation line missing indentation or outdented
1     E127 continuation line over-indented for visual indent
5     E128 continuation line under-indented for visual indent
2     E131 continuation line unaligned for hanging indent
2     E251 unexpected spaces around keyword / parameter equals
1     E265 block comment should start with '# '
3     E302 expected 2 blank lines, found 1
5     E401 multiple imports on one line
2     E501 line too long (101 > 99 characters)
13    F401 're' imported but unused
2     F841 local variable 'robot_description' is assigned to but never used

./launch/inspect_urdf.launch.py:17:1: F401 're' imported but unused

./launch/inspect_urdf.launch.py:17:10: E401 multiple imports on one line

./launch/inspect_urdf.launch.py:32:7: E111 indentation is not a multiple of 4

./launch/inspect_urdf.launch.py:39:1: E122 continuation line missing indentation or outdented

./launch/inspect_urdf.launch.py:75:100: E501 line too long (104 > 99 characters)

./launch/inspect_urdf.launch.py:88:1: E122 continuation line missing indentation or outdented

./launch/inspect_urdf.launch.py:94:1: E122 continuation line missing indentation or outdented

./launch/navigation.launch.py:35:7: E111 indentation is not a multiple of 4

./launch/navigation.launch.py:75:1: E302 expected 2 blank lines, found 1

./launch/physical.launch.py:18:1: F401 're' imported but unused

./launch/physical.launch.py:25:1: F401 'launch.conditions.UnlessCondition' imported but unused

./launch/physical.launch.py:36:7: E111 indentation is not a multiple of 4

./launch/physical.launch.py:60:7: E127 continuation line over-indented for visual indent

./launch/physical.launch.py:77:23: E251 unexpected spaces around keyword / parameter equals

./launch/physical.launch.py:77:25: E251 unexpected spaces around keyword / parameter equals

./launch/physical.launch.py:78:15: E128 continuation line under-indented for visual indent

./launch/physical.launch.py:79:15: E131 continuation line unaligned for hanging indent

./launch/physical.launch.py:80:15: E131 continuation line unaligned for hanging indent

./launch/physical.launch.py:107:15: E128 continuation line under-indented for visual indent

./launch/physical.launch.py:108:15: E128 continuation line under-indented for visual indent

./launch/physical.launch.py:109:15: E128 continuation line under-indented for visual indent

./launch/physical.launch.py:110:15: E128 continuation line under-indented for visual indent

./launch/monitor_robot.launch.py:17:1: F401 're' imported but unused

./launch/monitor_robot.launch.py:17:10: E401 multiple imports on one line

./launch/monitor_robot.launch.py:31:7: E111 indentation is not a multiple of 4

./launch/monitor_robot.launch.py:50:1: E302 expected 2 blank lines, found 1

./launch/publish_urdf.launch.py:17:1: F401 're' imported but unused

./launch/publish_urdf.launch.py:17:10: E401 multiple imports on one line

./launch/publish_urdf.launch.py:29:5: F841 local variable 'urdf_path_str' is assigned to but never used

./launch/edit_urdf.launch.py:17:1: F401 're' imported but unused

./launch/edit_urdf.launch.py:17:10: E401 multiple imports on one line

./launch/edit_urdf.launch.py:22:1: F401 'launch.conditions.IfCondition' imported but unused

./launch/edit_urdf.launch.py:22:1: F401 'launch.conditions.UnlessCondition' imported but unused

./launch/edit_urdf.launch.py:23:1: F401 'launch.substitutions.Command' imported but unused

./launch/edit_urdf.launch.py:25:1: F401 'launch_ros.parameter_descriptions.ParameterValue' imported but unused

./launch/edit_urdf.launch.py:28:1: E302 expected 2 blank lines, found 1

./launch/edit_urdf.launch.py:33:7: E111 indentation is not a multiple of 4

./launch/edit_urdf.launch.py:40:1: E122 continuation line missing indentation or outdented

./launch/cartographer.launch.py:17:1: F401 're' imported but unused

./launch/cartographer.launch.py:17:10: E401 multiple imports on one line

./launch/cartographer.launch.py:22:1: F401 'launch.conditions.IfCondition' imported but unused

./launch/cartographer.launch.py:22:1: F401 'launch.conditions.UnlessCondition' imported but unused

./launch/cartographer.launch.py:36:7: E111 indentation is not a multiple of 4

./launch/cartographer.launch.py:40:5: E265 block comment should start with '# '

./launch/cartographer.launch.py:46:5: F841 local variable 'robot_description' is assigned to but never used

./launch/cartographer.launch.py:58:100: E501 line too long (101 > 99 characters)


9 files checked
46 errors

'E'-type errors: 31
'F'-type errors: 15

Checked files:

* ./launch/inspect_urdf.launch.py
* ./launch/navigation.launch.py
* ./launch/physical.launch.py
* ./launch/monitor_robot.launch.py
* ./launch/publish_urdf.launch.py
* ./launch/edit_urdf.launch.py
* ./launch/occupancy_grid.launch.py
* ./launch/explore.launch.py
* ./launch/cartographer.launch.py
-- run_test.py: return code 1
-- run_test.py: verify result file '/home/duong/Arduino/ROS2_ServiceRobot/kaia_ws/build/kaiaai_bringup/test_results/kaiaai_bringup/flake8.xunit.xml'
<end of output>
Test time =   0.44 sec
----------------------------------------------------------
Test Failed.
"flake8" end time: Aug 01 02:04 +07
"flake8" time elapsed: 00:00:00
----------------------------------------------------------

2/4 Testing: lint_cmake
2/4 Test: lint_cmake
Command: "/usr/bin/python3.10" "-u" "/opt/ros/iron/share/ament_cmake_test/cmake/run_test.py" "/home/duong/Arduino/ROS2_ServiceRobot/kaia_ws/build/kaiaai_bringup/test_results/kaiaai_bringup/lint_cmake.xunit.xml" "--package-name" "kaiaai_bringup" "--output-file" "/home/duong/Arduino/ROS2_ServiceRobot/kaia_ws/build/kaiaai_bringup/ament_lint_cmake/lint_cmake.txt" "--command" "/opt/ros/iron/bin/ament_lint_cmake" "--xunit-file" "/home/duong/Arduino/ROS2_ServiceRobot/kaia_ws/build/kaiaai_bringup/test_results/kaiaai_bringup/lint_cmake.xunit.xml"
Directory: /home/duong/Arduino/ROS2_ServiceRobot/kaia_ws/src/kaiaai_bringup
"lint_cmake" start time: Aug 01 02:04 +07
Output:
----------------------------------------------------------
-- run_test.py: invoking following command in '/home/duong/Arduino/ROS2_ServiceRobot/kaia_ws/src/kaiaai_bringup':
 - /opt/ros/iron/bin/ament_lint_cmake --xunit-file /home/duong/Arduino/ROS2_ServiceRobot/kaia_ws/build/kaiaai_bringup/test_results/kaiaai_bringup/lint_cmake.xunit.xml

No problems found
-- run_test.py: return code 0
-- run_test.py: verify result file '/home/duong/Arduino/ROS2_ServiceRobot/kaia_ws/build/kaiaai_bringup/test_results/kaiaai_bringup/lint_cmake.xunit.xml'
<end of output>
Test time =   0.22 sec
----------------------------------------------------------
Test Passed.
"lint_cmake" end time: Aug 01 02:04 +07
"lint_cmake" time elapsed: 00:00:00
----------------------------------------------------------

3/4 Testing: pep257
3/4 Test: pep257
Command: "/usr/bin/python3.10" "-u" "/opt/ros/iron/share/ament_cmake_test/cmake/run_test.py" "/home/duong/Arduino/ROS2_ServiceRobot/kaia_ws/build/kaiaai_bringup/test_results/kaiaai_bringup/pep257.xunit.xml" "--package-name" "kaiaai_bringup" "--output-file" "/home/duong/Arduino/ROS2_ServiceRobot/kaia_ws/build/kaiaai_bringup/ament_pep257/pep257.txt" "--command" "/opt/ros/iron/bin/ament_pep257" "--xunit-file" "/home/duong/Arduino/ROS2_ServiceRobot/kaia_ws/build/kaiaai_bringup/test_results/kaiaai_bringup/pep257.xunit.xml"
Directory: /home/duong/Arduino/ROS2_ServiceRobot/kaia_ws/src/kaiaai_bringup
"pep257" start time: Aug 01 02:04 +07
Output:
----------------------------------------------------------
-- run_test.py: invoking following command in '/home/duong/Arduino/ROS2_ServiceRobot/kaia_ws/src/kaiaai_bringup':
 - /opt/ros/iron/bin/ament_pep257 --xunit-file /home/duong/Arduino/ROS2_ServiceRobot/kaia_ws/build/kaiaai_bringup/test_results/kaiaai_bringup/pep257.xunit.xml
checking ./launch/cartographer.launch.py
checking ./launch/edit_urdf.launch.py
checking ./launch/explore.launch.py
checking ./launch/inspect_urdf.launch.py
checking ./launch/monitor_robot.launch.py
checking ./launch/navigation.launch.py
checking ./launch/occupancy_grid.launch.py
checking ./launch/physical.launch.py
checking ./launch/publish_urdf.launch.py
No problems found
-- run_test.py: return code 0
-- run_test.py: verify result file '/home/duong/Arduino/ROS2_ServiceRobot/kaia_ws/build/kaiaai_bringup/test_results/kaiaai_bringup/pep257.xunit.xml'
<end of output>
Test time =   0.35 sec
----------------------------------------------------------
Test Passed.
"pep257" end time: Aug 01 02:04 +07
"pep257" time elapsed: 00:00:00
----------------------------------------------------------

4/4 Testing: xmllint
4/4 Test: xmllint
Command: "/usr/bin/python3.10" "-u" "/opt/ros/iron/share/ament_cmake_test/cmake/run_test.py" "/home/duong/Arduino/ROS2_ServiceRobot/kaia_ws/build/kaiaai_bringup/test_results/kaiaai_bringup/xmllint.xunit.xml" "--package-name" "kaiaai_bringup" "--output-file" "/home/duong/Arduino/ROS2_ServiceRobot/kaia_ws/build/kaiaai_bringup/ament_xmllint/xmllint.txt" "--command" "/opt/ros/iron/bin/ament_xmllint" "--xunit-file" "/home/duong/Arduino/ROS2_ServiceRobot/kaia_ws/build/kaiaai_bringup/test_results/kaiaai_bringup/xmllint.xunit.xml"
Directory: /home/duong/Arduino/ROS2_ServiceRobot/kaia_ws/src/kaiaai_bringup
"xmllint" start time: Aug 01 02:04 +07
Output:
----------------------------------------------------------
-- run_test.py: invoking following command in '/home/duong/Arduino/ROS2_ServiceRobot/kaia_ws/src/kaiaai_bringup':
 - /opt/ros/iron/bin/ament_xmllint --xunit-file /home/duong/Arduino/ROS2_ServiceRobot/kaia_ws/build/kaiaai_bringup/test_results/kaiaai_bringup/xmllint.xunit.xml
File 'package.xml' is invalid:
warning: failed to load external entity "http://download.ros.org/schema/package_format3.xsd"
Schemas parser error : Failed to locate the main schema resource at 'http://download.ros.org/schema/package_format3.xsd'.
WXS schema http://download.ros.org/schema/package_format3.xsd failed to compile

1 files are invalid
-- run_test.py: return code 1
-- run_test.py: verify result file '/home/duong/Arduino/ROS2_ServiceRobot/kaia_ws/build/kaiaai_bringup/test_results/kaiaai_bringup/xmllint.xunit.xml'
<end of output>
Test time =   0.28 sec
----------------------------------------------------------
Test Failed.
"xmllint" end time: Aug 01 02:04 +07
"xmllint" time elapsed: 00:00:00
----------------------------------------------------------

End testing: Aug 01 02:04 +07

flake8 =   0.44 sec*proc

lint_cmake =   0.22 sec*proc

linter =   1.29 sec*proc

pep257 =   0.35 sec*proc

xmllint =   0.28 sec*proc

