Start testing: Aug 01 02:04 +07
----------------------------------------------------------
1/2 Testing: lint_cmake
1/2 Test: lint_cmake
Command: "/usr/bin/python3.10" "-u" "/opt/ros/iron/share/ament_cmake_test/cmake/run_test.py" "/home/duong/Arduino/ROS2_ServiceRobot/kaia_ws/build/kaiaai_msgs/test_results/kaiaai_msgs/lint_cmake.xunit.xml" "--package-name" "kaiaai_msgs" "--output-file" "/home/duong/Arduino/ROS2_ServiceRobot/kaia_ws/build/kaiaai_msgs/ament_lint_cmake/lint_cmake.txt" "--command" "/opt/ros/iron/bin/ament_lint_cmake" "--xunit-file" "/home/duong/Arduino/ROS2_ServiceRobot/kaia_ws/build/kaiaai_msgs/test_results/kaiaai_msgs/lint_cmake.xunit.xml"
Directory: /home/duong/Arduino/ROS2_ServiceRobot/kaia_ws/src/kaiaai_msgs
"lint_cmake" start time: Aug 01 02:04 +07
Output:
----------------------------------------------------------
-- run_test.py: invoking following command in '/home/duong/Arduino/ROS2_ServiceRobot/kaia_ws/src/kaiaai_msgs':
 - /opt/ros/iron/bin/ament_lint_cmake --xunit-file /home/duong/Arduino/ROS2_ServiceRobot/kaia_ws/build/kaiaai_msgs/test_results/kaiaai_msgs/lint_cmake.xunit.xml
CMakeLists.txt:25: Mismatching spaces inside () after command [whitespace/mismatch]
CMakeLists.txt:32: Weird indentation; use 2 spaces [whitespace/indent]


2 errors
-- run_test.py: return code 1
-- run_test.py: verify result file '/home/duong/Arduino/ROS2_ServiceRobot/kaia_ws/build/kaiaai_msgs/test_results/kaiaai_msgs/lint_cmake.xunit.xml'
<end of output>
Test time =   0.29 sec
----------------------------------------------------------
Test Failed.
"lint_cmake" end time: Aug 01 02:04 +07
"lint_cmake" time elapsed: 00:00:00
----------------------------------------------------------

2/2 Testing: xmllint
2/2 Test: xmllint
Command: "/usr/bin/python3.10" "-u" "/opt/ros/iron/share/ament_cmake_test/cmake/run_test.py" "/home/duong/Arduino/ROS2_ServiceRobot/kaia_ws/build/kaiaai_msgs/test_results/kaiaai_msgs/xmllint.xunit.xml" "--package-name" "kaiaai_msgs" "--output-file" "/home/duong/Arduino/ROS2_ServiceRobot/kaia_ws/build/kaiaai_msgs/ament_xmllint/xmllint.txt" "--command" "/opt/ros/iron/bin/ament_xmllint" "--xunit-file" "/home/duong/Arduino/ROS2_ServiceRobot/kaia_ws/build/kaiaai_msgs/test_results/kaiaai_msgs/xmllint.xunit.xml"
Directory: /home/duong/Arduino/ROS2_ServiceRobot/kaia_ws/src/kaiaai_msgs
"xmllint" start time: Aug 01 02:04 +07
Output:
----------------------------------------------------------
-- run_test.py: invoking following command in '/home/duong/Arduino/ROS2_ServiceRobot/kaia_ws/src/kaiaai_msgs':
 - /opt/ros/iron/bin/ament_xmllint --xunit-file /home/duong/Arduino/ROS2_ServiceRobot/kaia_ws/build/kaiaai_msgs/test_results/kaiaai_msgs/xmllint.xunit.xml
File 'package.xml' is invalid:
warning: failed to load external entity "http://download.ros.org/schema/package_format3.xsd"
Schemas parser error : Failed to locate the main schema resource at 'http://download.ros.org/schema/package_format3.xsd'.
WXS schema http://download.ros.org/schema/package_format3.xsd failed to compile

1 files are invalid
-- run_test.py: return code 1
-- run_test.py: verify result file '/home/duong/Arduino/ROS2_ServiceRobot/kaia_ws/build/kaiaai_msgs/test_results/kaiaai_msgs/xmllint.xunit.xml'
<end of output>
Test time =   0.26 sec
----------------------------------------------------------
Test Failed.
"xmllint" end time: Aug 01 02:04 +07
"xmllint" time elapsed: 00:00:00
----------------------------------------------------------

End testing: Aug 01 02:04 +07

lint_cmake =   0.29 sec*proc

linter =   0.55 sec*proc

xmllint =   0.26 sec*proc

