<?xml version="1.0" encoding="UTF-8"?>
<Site BuildName="(empty)"
	BuildStamp="20260731-1904-Experimental"
	Name="work"
	Generator="ctest-3.22.1"
	CompilerName="/usr/bin/c++"
	CompilerVersion="11.4.0"
	OSName="Linux"
	Hostname="work"
	OSRelease="6.8.0-124-generic"
	OSVersion="#124~22.04.1-Ubuntu SMP PREEMPT_DYNAMIC Tue May 26 21:05:19 UTC "
	OSPlatform="x86_64"
	Is64Bits="1"
	VendorString="AuthenticAMD"
	VendorID="Advanced Micro Devices"
	FamilyID="23"
	ModelID="96"
	ProcessorCacheSize="512"
	NumberOfLogicalCPU="12"
	NumberOfPhysicalCPU="6"
	TotalVirtualMemory="2047"
	TotalPhysicalMemory="15208"
	LogicalProcessorsPerPhysical="2"
	ProcessorClockFrequency="2420.29"
	>
	<Testing>
		<StartDateTime>Aug 01 02:04 +07</StartDateTime>
		<StartTestTime>1785524679</StartTestTime>
		<TestList>
			<Test>./copyright</Test>
			<Test>./lint_cmake</Test>
			<Test>./xmllint</Test>
		</TestList>
		<Test Status="failed">
			<Name>copyright</Name>
			<Path>.</Path>
			<FullName>./copyright</FullName>
			<FullCommandLine>/usr/bin/python3.10 "-u" "/opt/ros/iron/share/ament_cmake_test/cmake/run_test.py" "/home/duong/Arduino/ROS2_ServiceRobot/uros_ws/build/micro_ros_msgs/test_results/micro_ros_msgs/copyright.xunit.xml" "--package-name" "micro_ros_msgs" "--output-file" "/home/duong/Arduino/ROS2_ServiceRobot/uros_ws/build/micro_ros_msgs/ament_copyright/copyright.txt" "--command" "/opt/ros/iron/bin/ament_copyright" "--xunit-file" "/home/duong/Arduino/ROS2_ServiceRobot/uros_ws/build/micro_ros_msgs/test_results/micro_ros_msgs/copyright.xunit.xml"</FullCommandLine>
			<Results>
				<NamedMeasurement type="text/string" name="Exit Code">
					<Value>Failed</Value>
				</NamedMeasurement>
				<NamedMeasurement type="text/string" name="Exit Value">
					<Value>1</Value>
				</NamedMeasurement>
				<NamedMeasurement type="numeric/double" name="Execution Time">
					<Value>0.351581</Value>
				</NamedMeasurement>
				<NamedMeasurement type="numeric/double" name="Processors">
					<Value>1</Value>
				</NamedMeasurement>
				<NamedMeasurement type="text/string" name="Completion Status">
					<Value>Completed</Value>
				</NamedMeasurement>
				<NamedMeasurement type="text/string" name="Command Line">
					<Value>/usr/bin/python3.10 "-u" "/opt/ros/iron/share/ament_cmake_test/cmake/run_test.py" "/home/duong/Arduino/ROS2_ServiceRobot/uros_ws/build/micro_ros_msgs/test_results/micro_ros_msgs/copyright.xunit.xml" "--package-name" "micro_ros_msgs" "--output-file" "/home/duong/Arduino/ROS2_ServiceRobot/uros_ws/build/micro_ros_msgs/ament_copyright/copyright.txt" "--command" "/opt/ros/iron/bin/ament_copyright" "--xunit-file" "/home/duong/Arduino/ROS2_ServiceRobot/uros_ws/build/micro_ros_msgs/test_results/micro_ros_msgs/copyright.xunit.xml"</Value>
				</NamedMeasurement>
				<NamedMeasurement type="text/string" name="Environment">
					<Value>#CTEST_RESOURCE_GROUP_COUNT=</Value>
				</NamedMeasurement>
				<Measurement>
					<Value>-- run_test.py: invoking following command in '/home/duong/Arduino/ROS2_ServiceRobot/uros_ws/src/uros/micro_ros_msgs':
 - /opt/ros/iron/bin/ament_copyright --xunit-file /home/duong/Arduino/ROS2_ServiceRobot/uros_ws/build/micro_ros_msgs/test_results/micro_ros_msgs/copyright.xunit.xml
CONTRIBUTING.md: &lt;unknown&gt;
1 errors, checked 2 files
-- run_test.py: return code 1
-- run_test.py: verify result file '/home/duong/Arduino/ROS2_ServiceRobot/uros_ws/build/micro_ros_msgs/test_results/micro_ros_msgs/copyright.xunit.xml'
</Value>
				</Measurement>
			</Results>
			<Labels>
				<Label>copyright</Label>
				<Label>linter</Label>
			</Labels>
		</Test>
		<Test Status="passed">
			<Name>lint_cmake</Name>
			<Path>.</Path>
			<FullName>./lint_cmake</FullName>
			<FullCommandLine>/usr/bin/python3.10 "-u" "/opt/ros/iron/share/ament_cmake_test/cmake/run_test.py" "/home/duong/Arduino/ROS2_ServiceRobot/uros_ws/build/micro_ros_msgs/test_results/micro_ros_msgs/lint_cmake.xunit.xml" "--package-name" "micro_ros_msgs" "--output-file" "/home/duong/Arduino/ROS2_ServiceRobot/uros_ws/build/micro_ros_msgs/ament_lint_cmake/lint_cmake.txt" "--command" "/opt/ros/iron/bin/ament_lint_cmake" "--xunit-file" "/home/duong/Arduino/ROS2_ServiceRobot/uros_ws/build/micro_ros_msgs/test_results/micro_ros_msgs/lint_cmake.xunit.xml"</FullCommandLine>
			<Results>
				<NamedMeasurement type="numeric/double" name="Execution Time">
					<Value>0.201991</Value>
				</NamedMeasurement>
				<NamedMeasurement type="numeric/double" name="Processors">
					<Value>1</Value>
				</NamedMeasurement>
				<NamedMeasurement type="text/string" name="Completion Status">
					<Value>Completed</Value>
				</NamedMeasurement>
				<NamedMeasurement type="text/string" name="Command Line">
					<Value>/usr/bin/python3.10 "-u" "/opt/ros/iron/share/ament_cmake_test/cmake/run_test.py" "/home/duong/Arduino/ROS2_ServiceRobot/uros_ws/build/micro_ros_msgs/test_results/micro_ros_msgs/lint_cmake.xunit.xml" "--package-name" "micro_ros_msgs" "--output-file" "/home/duong/Arduino/ROS2_ServiceRobot/uros_ws/build/micro_ros_msgs/ament_lint_cmake/lint_cmake.txt" "--command" "/opt/ros/iron/bin/ament_lint_cmake" "--xunit-file" "/home/duong/Arduino/ROS2_ServiceRobot/uros_ws/build/micro_ros_msgs/test_results/micro_ros_msgs/lint_cmake.xunit.xml"</Value>
				</NamedMeasurement>
				<NamedMeasurement type="text/string" name="Environment">
					<Value>#CTEST_RESOURCE_GROUP_COUNT=</Value>
				</NamedMeasurement>
				<Measurement>
					<Value>-- run_test.py: invoking following command in '/home/duong/Arduino/ROS2_ServiceRobot/uros_ws/src/uros/micro_ros_msgs':
 - /opt/ros/iron/bin/ament_lint_cmake --xunit-file /home/duong/Arduino/ROS2_ServiceRobot/uros_ws/build/micro_ros_msgs/test_results/micro_ros_msgs/lint_cmake.xunit.xml

No problems found
-- run_test.py: return code 0
-- run_test.py: verify result file '/home/duong/Arduino/ROS2_ServiceRobot/uros_ws/build/micro_ros_msgs/test_results/micro_ros_msgs/lint_cmake.xunit.xml'
</Value>
				</Measurement>
			</Results>
			<Labels>
				<Label>lint_cmake</Label>
				<Label>linter</Label>
			</Labels>
		</Test>
		<Test Status="failed">
			<Name>xmllint</Name>
			<Path>.</Path>
			<FullName>./xmllint</FullName>
			<FullCommandLine>/usr/bin/python3.10 "-u" "/opt/ros/iron/share/ament_cmake_test/cmake/run_test.py" "/home/duong/Arduino/ROS2_ServiceRobot/uros_ws/build/micro_ros_msgs/test_results/micro_ros_msgs/xmllint.xunit.xml" "--package-name" "micro_ros_msgs" "--output-file" "/home/duong/Arduino/ROS2_ServiceRobot/uros_ws/build/micro_ros_msgs/ament_xmllint/xmllint.txt" "--command" "/opt/ros/iron/bin/ament_xmllint" "--xunit-file" "/home/duong/Arduino/ROS2_ServiceRobot/uros_ws/build/micro_ros_msgs/test_results/micro_ros_msgs/xmllint.xunit.xml"</FullCommandLine>
			<Results>
				<NamedMeasurement type="text/string" name="Exit Code">
					<Value>Failed</Value>
				</NamedMeasurement>
				<NamedMeasurement type="text/string" name="Exit Value">
					<Value>1</Value>
				</NamedMeasurement>
				<NamedMeasurement type="numeric/double" name="Execution Time">
					<Value>0.224907</Value>
				</NamedMeasurement>
				<NamedMeasurement type="numeric/double" name="Processors">
					<Value>1</Value>
				</NamedMeasurement>
				<NamedMeasurement type="text/string" name="Completion Status">
					<Value>Completed</Value>
				</NamedMeasurement>
				<NamedMeasurement type="text/string" name="Command Line">
					<Value>/usr/bin/python3.10 "-u" "/opt/ros/iron/share/ament_cmake_test/cmake/run_test.py" "/home/duong/Arduino/ROS2_ServiceRobot/uros_ws/build/micro_ros_msgs/test_results/micro_ros_msgs/xmllint.xunit.xml" "--package-name" "micro_ros_msgs" "--output-file" "/home/duong/Arduino/ROS2_ServiceRobot/uros_ws/build/micro_ros_msgs/ament_xmllint/xmllint.txt" "--command" "/opt/ros/iron/bin/ament_xmllint" "--xunit-file" "/home/duong/Arduino/ROS2_ServiceRobot/uros_ws/build/micro_ros_msgs/test_results/micro_ros_msgs/xmllint.xunit.xml"</Value>
				</NamedMeasurement>
				<NamedMeasurement type="text/string" name="Environment">
					<Value>#CTEST_RESOURCE_GROUP_COUNT=</Value>
				</NamedMeasurement>
				<Measurement>
					<Value>-- run_test.py: invoking following command in '/home/duong/Arduino/ROS2_ServiceRobot/uros_ws/src/uros/micro_ros_msgs':
 - /opt/ros/iron/bin/ament_xmllint --xunit-file /home/duong/Arduino/ROS2_ServiceRobot/uros_ws/build/micro_ros_msgs/test_results/micro_ros_msgs/xmllint.xunit.xml
File 'package.xml' is invalid:
warning: failed to load external entity "http://download.ros.org/schema/package_format3.xsd"
Schemas parser error : Failed to locate the main schema resource at 'http://download.ros.org/schema/package_format3.xsd'.
WXS schema http://download.ros.org/schema/package_format3.xsd failed to compile

1 files are invalid
-- run_test.py: return code 1
-- run_test.py: verify result file '/home/duong/Arduino/ROS2_ServiceRobot/uros_ws/build/micro_ros_msgs/test_results/micro_ros_msgs/xmllint.xunit.xml'
</Value>
				</Measurement>
			</Results>
			<Labels>
				<Label>linter</Label>
				<Label>xmllint</Label>
			</Labels>
		</Test>
		<EndDateTime>Aug 01 02:04 +07</EndDateTime>
		<EndTestTime>1785524680</EndTestTime>
		<ElapsedMinutes>0</ElapsedMinutes>
	</Testing>
</Site>
