Start testing: Aug 01 02:04 +07
----------------------------------------------------------
1/29 Testing: cppcheck_rosidl_generated_c
1/29 Test: cppcheck_rosidl_generated_c
Command: "/usr/bin/python3.10" "-u" "/opt/ros/iron/share/ament_cmake_test/cmake/run_test.py" "/home/duong/Arduino/ROS2_ServiceRobot/uros_ws/build/drive_base_msgs/test_results/drive_base_msgs/cppcheck_rosidl_generated_c.xunit.xml" "--package-name" "drive_base_msgs" "--output-file" "/home/duong/Arduino/ROS2_ServiceRobot/uros_ws/build/drive_base_msgs/ament_cppcheck/cppcheck_rosidl_generated_c.txt" "--command" "/opt/ros/iron/bin/ament_cppcheck" "--xunit-file" "/home/duong/Arduino/ROS2_ServiceRobot/uros_ws/build/drive_base_msgs/test_results/drive_base_msgs/cppcheck_rosidl_generated_c.xunit.xml" "/home/duong/Arduino/ROS2_ServiceRobot/uros_ws/build/drive_base_msgs/rosidl_generator_c/drive_base_msgs"
Directory: /home/duong/Arduino/ROS2_ServiceRobot/uros_ws/src/uros/drive_base/drive_base_msgs
"cppcheck_rosidl_generated_c" start time: Aug 01 02:04 +07
Output:
----------------------------------------------------------
-- run_test.py: invoking following command in '/home/duong/Arduino/ROS2_ServiceRobot/uros_ws/src/uros/drive_base/drive_base_msgs':
 - /opt/ros/iron/bin/ament_cppcheck --xunit-file /home/duong/Arduino/ROS2_ServiceRobot/uros_ws/build/drive_base_msgs/test_results/drive_base_msgs/cppcheck_rosidl_generated_c.xunit.xml /home/duong/Arduino/ROS2_ServiceRobot/uros_ws/build/drive_base_msgs/rosidl_generator_c/drive_base_msgs
cppcheck 2.7 has known performance issues and therefore will not be used, set the AMENT_CPPCHECK_ALLOW_SLOW_VERSIONS environment variable to override this.
-- run_test.py: return code 0
-- run_test.py: verify result file '/home/duong/Arduino/ROS2_ServiceRobot/uros_ws/build/drive_base_msgs/test_results/drive_base_msgs/cppcheck_rosidl_generated_c.xunit.xml'
<end of output>
Test time =   0.25 sec
----------------------------------------------------------
Test Passed.
"cppcheck_rosidl_generated_c" end time: Aug 01 02:04 +07
"cppcheck_rosidl_generated_c" time elapsed: 00:00:00
----------------------------------------------------------

2/29 Testing: cpplint_rosidl_generated_c
2/29 Test: cpplint_rosidl_generated_c
Command: "/usr/bin/python3.10" "-u" "/opt/ros/iron/share/ament_cmake_test/cmake/run_test.py" "/home/duong/Arduino/ROS2_ServiceRobot/uros_ws/build/drive_base_msgs/test_results/drive_base_msgs/cpplint_rosidl_generated_c.xunit.xml" "--package-name" "drive_base_msgs" "--output-file" "/home/duong/Arduino/ROS2_ServiceRobot/uros_ws/build/drive_base_msgs/ament_cpplint/cpplint_rosidl_generated_c.txt" "--command" "/opt/ros/iron/bin/ament_cpplint" "--xunit-file" "/home/duong/Arduino/ROS2_ServiceRobot/uros_ws/build/drive_base_msgs/test_results/drive_base_msgs/cpplint_rosidl_generated_c.xunit.xml" "--linelength" "999" "--root" "/home/duong/Arduino/ROS2_ServiceRobot/uros_ws/build/drive_base_msgs/rosidl_generator_c" "/home/duong/Arduino/ROS2_ServiceRobot/uros_ws/build/drive_base_msgs/rosidl_generator_c/drive_base_msgs"
Directory: /home/duong/Arduino/ROS2_ServiceRobot/uros_ws/src/uros/drive_base/drive_base_msgs
"cpplint_rosidl_generated_c" start time: Aug 01 02:04 +07
Output:
----------------------------------------------------------
-- run_test.py: invoking following command in '/home/duong/Arduino/ROS2_ServiceRobot/uros_ws/src/uros/drive_base/drive_base_msgs':
 - /opt/ros/iron/bin/ament_cpplint --xunit-file /home/duong/Arduino/ROS2_ServiceRobot/uros_ws/build/drive_base_msgs/test_results/drive_base_msgs/cpplint_rosidl_generated_c.xunit.xml --linelength 999 --root /home/duong/Arduino/ROS2_ServiceRobot/uros_ws/build/drive_base_msgs/rosidl_generator_c /home/duong/Arduino/ROS2_ServiceRobot/uros_ws/build/drive_base_msgs/rosidl_generator_c/drive_base_msgs
Using '--root=/home/duong/Arduino/ROS2_ServiceRobot/uros_ws/build/drive_base_msgs/rosidl_generator_c' argument

Done processing /home/duong/Arduino/ROS2_ServiceRobot/uros_ws/build/drive_base_msgs/rosidl_generator_c/drive_base_msgs/msg/base_info.h

Done processing /home/duong/Arduino/ROS2_ServiceRobot/uros_ws/build/drive_base_msgs/rosidl_generator_c/drive_base_msgs/msg/command_header.h

Done processing /home/duong/Arduino/ROS2_ServiceRobot/uros_ws/build/drive_base_msgs/rosidl_generator_c/drive_base_msgs/msg/command_status.h

Done processing /home/duong/Arduino/ROS2_ServiceRobot/uros_ws/build/drive_base_msgs/rosidl_generator_c/drive_base_msgs/msg/detail/base_info__description.c

Done processing /home/duong/Arduino/ROS2_ServiceRobot/uros_ws/build/drive_base_msgs/rosidl_generator_c/drive_base_msgs/msg/detail/base_info__functions.c

Done processing /home/duong/Arduino/ROS2_ServiceRobot/uros_ws/build/drive_base_msgs/rosidl_generator_c/drive_base_msgs/msg/detail/base_info__functions.h

Done processing /home/duong/Arduino/ROS2_ServiceRobot/uros_ws/build/drive_base_msgs/rosidl_generator_c/drive_base_msgs/msg/detail/base_info__struct.h

Done processing /home/duong/Arduino/ROS2_ServiceRobot/uros_ws/build/drive_base_msgs/rosidl_generator_c/drive_base_msgs/msg/detail/base_info__type_support.c

Done processing /home/duong/Arduino/ROS2_ServiceRobot/uros_ws/build/drive_base_msgs/rosidl_generator_c/drive_base_msgs/msg/detail/base_info__type_support.h

Done processing /home/duong/Arduino/ROS2_ServiceRobot/uros_ws/build/drive_base_msgs/rosidl_generator_c/drive_base_msgs/msg/detail/command_header__description.c

Done processing /home/duong/Arduino/ROS2_ServiceRobot/uros_ws/build/drive_base_msgs/rosidl_generator_c/drive_base_msgs/msg/detail/command_header__functions.c

Done processing /home/duong/Arduino/ROS2_ServiceRobot/uros_ws/build/drive_base_msgs/rosidl_generator_c/drive_base_msgs/msg/detail/command_header__functions.h

Done processing /home/duong/Arduino/ROS2_ServiceRobot/uros_ws/build/drive_base_msgs/rosidl_generator_c/drive_base_msgs/msg/detail/command_header__struct.h

Done processing /home/duong/Arduino/ROS2_ServiceRobot/uros_ws/build/drive_base_msgs/rosidl_generator_c/drive_base_msgs/msg/detail/command_header__type_support.c

Done processing /home/duong/Arduino/ROS2_ServiceRobot/uros_ws/build/drive_base_msgs/rosidl_generator_c/drive_base_msgs/msg/detail/command_header__type_support.h

Done processing /home/duong/Arduino/ROS2_ServiceRobot/uros_ws/build/drive_base_msgs/rosidl_generator_c/drive_base_msgs/msg/detail/command_status__description.c

Done processing /home/duong/Arduino/ROS2_ServiceRobot/uros_ws/build/drive_base_msgs/rosidl_generator_c/drive_base_msgs/msg/detail/command_status__functions.c

Done processing /home/duong/Arduino/ROS2_ServiceRobot/uros_ws/build/drive_base_msgs/rosidl_generator_c/drive_base_msgs/msg/detail/command_status__functions.h

Done processing /home/duong/Arduino/ROS2_ServiceRobot/uros_ws/build/drive_base_msgs/rosidl_generator_c/drive_base_msgs/msg/detail/command_status__struct.h

Done processing /home/duong/Arduino/ROS2_ServiceRobot/uros_ws/build/drive_base_msgs/rosidl_generator_c/drive_base_msgs/msg/detail/command_status__type_support.c

Done processing /home/duong/Arduino/ROS2_ServiceRobot/uros_ws/build/drive_base_msgs/rosidl_generator_c/drive_base_msgs/msg/detail/command_status__type_support.h

Done processing /home/duong/Arduino/ROS2_ServiceRobot/uros_ws/build/drive_base_msgs/rosidl_generator_c/drive_base_msgs/msg/detail/trv_command__description.c

Done processing /home/duong/Arduino/ROS2_ServiceRobot/uros_ws/build/drive_base_msgs/rosidl_generator_c/drive_base_msgs/msg/detail/trv_command__functions.c

Done processing /home/duong/Arduino/ROS2_ServiceRobot/uros_ws/build/drive_base_msgs/rosidl_generator_c/drive_base_msgs/msg/detail/trv_command__functions.h

Done processing /home/duong/Arduino/ROS2_ServiceRobot/uros_ws/build/drive_base_msgs/rosidl_generator_c/drive_base_msgs/msg/detail/trv_command__struct.h

Done processing /home/duong/Arduino/ROS2_ServiceRobot/uros_ws/build/drive_base_msgs/rosidl_generator_c/drive_base_msgs/msg/detail/trv_command__type_support.c

Done processing /home/duong/Arduino/ROS2_ServiceRobot/uros_ws/build/drive_base_msgs/rosidl_generator_c/drive_base_msgs/msg/detail/trv_command__type_support.h

Done processing /home/duong/Arduino/ROS2_ServiceRobot/uros_ws/build/drive_base_msgs/rosidl_generator_c/drive_base_msgs/msg/rosidl_generator_c__visibility_control.h

Done processing /home/duong/Arduino/ROS2_ServiceRobot/uros_ws/build/drive_base_msgs/rosidl_generator_c/drive_base_msgs/msg/trv_command.h

No problems found
-- run_test.py: return code 0
-- run_test.py: verify result file '/home/duong/Arduino/ROS2_ServiceRobot/uros_ws/build/drive_base_msgs/test_results/drive_base_msgs/cpplint_rosidl_generated_c.xunit.xml'
<end of output>
Test time =   1.54 sec
----------------------------------------------------------
Test Passed.
"cpplint_rosidl_generated_c" end time: Aug 01 02:04 +07
"cpplint_rosidl_generated_c" time elapsed: 00:00:01
----------------------------------------------------------

3/29 Testing: uncrustify_rosidl_generated_c
3/29 Test: uncrustify_rosidl_generated_c
Command: "/usr/bin/python3.10" "-u" "/opt/ros/iron/share/ament_cmake_test/cmake/run_test.py" "/home/duong/Arduino/ROS2_ServiceRobot/uros_ws/build/drive_base_msgs/test_results/drive_base_msgs/uncrustify_rosidl_generated_c.xunit.xml" "--package-name" "drive_base_msgs" "--output-file" "/home/duong/Arduino/ROS2_ServiceRobot/uros_ws/build/drive_base_msgs/ament_uncrustify/uncrustify_rosidl_generated_c.txt" "--command" "/opt/ros/iron/bin/ament_uncrustify" "--xunit-file" "/home/duong/Arduino/ROS2_ServiceRobot/uros_ws/build/drive_base_msgs/test_results/drive_base_msgs/uncrustify_rosidl_generated_c.xunit.xml" "--linelength" "0" "/home/duong/Arduino/ROS2_ServiceRobot/uros_ws/build/drive_base_msgs/rosidl_generator_c/drive_base_msgs"
Directory: /home/duong/Arduino/ROS2_ServiceRobot/uros_ws/src/uros/drive_base/drive_base_msgs
"uncrustify_rosidl_generated_c" start time: Aug 01 02:04 +07
Output:
----------------------------------------------------------
-- run_test.py: invoking following command in '/home/duong/Arduino/ROS2_ServiceRobot/uros_ws/src/uros/drive_base/drive_base_msgs':
 - /opt/ros/iron/bin/ament_uncrustify --xunit-file /home/duong/Arduino/ROS2_ServiceRobot/uros_ws/build/drive_base_msgs/test_results/drive_base_msgs/uncrustify_rosidl_generated_c.xunit.xml --linelength 0 /home/duong/Arduino/ROS2_ServiceRobot/uros_ws/build/drive_base_msgs/rosidl_generator_c/drive_base_msgs
No code style divergence in file '/home/duong/Arduino/ROS2_ServiceRobot/uros_ws/build/drive_base_msgs/rosidl_generator_c/drive_base_msgs/msg/base_info.h'

No code style divergence in file '/home/duong/Arduino/ROS2_ServiceRobot/uros_ws/build/drive_base_msgs/rosidl_generator_c/drive_base_msgs/msg/command_header.h'

No code style divergence in file '/home/duong/Arduino/ROS2_ServiceRobot/uros_ws/build/drive_base_msgs/rosidl_generator_c/drive_base_msgs/msg/command_status.h'

No code style divergence in file '/home/duong/Arduino/ROS2_ServiceRobot/uros_ws/build/drive_base_msgs/rosidl_generator_c/drive_base_msgs/msg/detail/base_info__description.c'

No code style divergence in file '/home/duong/Arduino/ROS2_ServiceRobot/uros_ws/build/drive_base_msgs/rosidl_generator_c/drive_base_msgs/msg/detail/base_info__functions.c'

No code style divergence in file '/home/duong/Arduino/ROS2_ServiceRobot/uros_ws/build/drive_base_msgs/rosidl_generator_c/drive_base_msgs/msg/detail/base_info__functions.h'

No code style divergence in file '/home/duong/Arduino/ROS2_ServiceRobot/uros_ws/build/drive_base_msgs/rosidl_generator_c/drive_base_msgs/msg/detail/base_info__struct.h'

No code style divergence in file '/home/duong/Arduino/ROS2_ServiceRobot/uros_ws/build/drive_base_msgs/rosidl_generator_c/drive_base_msgs/msg/detail/base_info__type_support.c'

No code style divergence in file '/home/duong/Arduino/ROS2_ServiceRobot/uros_ws/build/drive_base_msgs/rosidl_generator_c/drive_base_msgs/msg/detail/base_info__type_support.h'

No code style divergence in file '/home/duong/Arduino/ROS2_ServiceRobot/uros_ws/build/drive_base_msgs/rosidl_generator_c/drive_base_msgs/msg/detail/command_header__description.c'

No code style divergence in file '/home/duong/Arduino/ROS2_ServiceRobot/uros_ws/build/drive_base_msgs/rosidl_generator_c/drive_base_msgs/msg/detail/command_header__functions.c'

No code style divergence in file '/home/duong/Arduino/ROS2_ServiceRobot/uros_ws/build/drive_base_msgs/rosidl_generator_c/drive_base_msgs/msg/detail/command_header__functions.h'

No code style divergence in file '/home/duong/Arduino/ROS2_ServiceRobot/uros_ws/build/drive_base_msgs/rosidl_generator_c/drive_base_msgs/msg/detail/command_header__struct.h'

No code style divergence in file '/home/duong/Arduino/ROS2_ServiceRobot/uros_ws/build/drive_base_msgs/rosidl_generator_c/drive_base_msgs/msg/detail/command_header__type_support.c'

No code style divergence in file '/home/duong/Arduino/ROS2_ServiceRobot/uros_ws/build/drive_base_msgs/rosidl_generator_c/drive_base_msgs/msg/detail/command_header__type_support.h'

No code style divergence in file '/home/duong/Arduino/ROS2_ServiceRobot/uros_ws/build/drive_base_msgs/rosidl_generator_c/drive_base_msgs/msg/detail/command_status__description.c'

No code style divergence in file '/home/duong/Arduino/ROS2_ServiceRobot/uros_ws/build/drive_base_msgs/rosidl_generator_c/drive_base_msgs/msg/detail/command_status__functions.c'

No code style divergence in file '/home/duong/Arduino/ROS2_ServiceRobot/uros_ws/build/drive_base_msgs/rosidl_generator_c/drive_base_msgs/msg/detail/command_status__functions.h'

No code style divergence in file '/home/duong/Arduino/ROS2_ServiceRobot/uros_ws/build/drive_base_msgs/rosidl_generator_c/drive_base_msgs/msg/detail/command_status__struct.h'

No code style divergence in file '/home/duong/Arduino/ROS2_ServiceRobot/uros_ws/build/drive_base_msgs/rosidl_generator_c/drive_base_msgs/msg/detail/command_status__type_support.c'

No code style divergence in file '/home/duong/Arduino/ROS2_ServiceRobot/uros_ws/build/drive_base_msgs/rosidl_generator_c/drive_base_msgs/msg/detail/command_status__type_support.h'

No code style divergence in file '/home/duong/Arduino/ROS2_ServiceRobot/uros_ws/build/drive_base_msgs/rosidl_generator_c/drive_base_msgs/msg/detail/trv_command__description.c'

No code style divergence in file '/home/duong/Arduino/ROS2_ServiceRobot/uros_ws/build/drive_base_msgs/rosidl_generator_c/drive_base_msgs/msg/detail/trv_command__functions.c'

No code style divergence in file '/home/duong/Arduino/ROS2_ServiceRobot/uros_ws/build/drive_base_msgs/rosidl_generator_c/drive_base_msgs/msg/detail/trv_command__functions.h'

No code style divergence in file '/home/duong/Arduino/ROS2_ServiceRobot/uros_ws/build/drive_base_msgs/rosidl_generator_c/drive_base_msgs/msg/detail/trv_command__struct.h'

No code style divergence in file '/home/duong/Arduino/ROS2_ServiceRobot/uros_ws/build/drive_base_msgs/rosidl_generator_c/drive_base_msgs/msg/detail/trv_command__type_support.c'

No code style divergence in file '/home/duong/Arduino/ROS2_ServiceRobot/uros_ws/build/drive_base_msgs/rosidl_generator_c/drive_base_msgs/msg/detail/trv_command__type_support.h'

No code style divergence in file '/home/duong/Arduino/ROS2_ServiceRobot/uros_ws/build/drive_base_msgs/rosidl_generator_c/drive_base_msgs/msg/rosidl_generator_c__visibility_control.h'

No code style divergence in file '/home/duong/Arduino/ROS2_ServiceRobot/uros_ws/build/drive_base_msgs/rosidl_generator_c/drive_base_msgs/msg/trv_command.h'

No problems found
-- run_test.py: return code 0
-- run_test.py: verify result file '/home/duong/Arduino/ROS2_ServiceRobot/uros_ws/build/drive_base_msgs/test_results/drive_base_msgs/uncrustify_rosidl_generated_c.xunit.xml'
<end of output>
Test time =   0.39 sec
----------------------------------------------------------
Test Passed.
"uncrustify_rosidl_generated_c" end time: Aug 01 02:04 +07
"uncrustify_rosidl_generated_c" time elapsed: 00:00:00
----------------------------------------------------------

4/29 Testing: cppcheck_rosidl_typesupport_fastrtps_c
4/29 Test: cppcheck_rosidl_typesupport_fastrtps_c
Command: "/usr/bin/python3.10" "-u" "/opt/ros/iron/share/ament_cmake_test/cmake/run_test.py" "/home/duong/Arduino/ROS2_ServiceRobot/uros_ws/build/drive_base_msgs/test_results/drive_base_msgs/cppcheck_rosidl_typesupport_fastrtps_c.xunit.xml" "--package-name" "drive_base_msgs" "--output-file" "/home/duong/Arduino/ROS2_ServiceRobot/uros_ws/build/drive_base_msgs/ament_cppcheck/cppcheck_rosidl_typesupport_fastrtps_c.txt" "--command" "/opt/ros/iron/bin/ament_cppcheck" "--xunit-file" "/home/duong/Arduino/ROS2_ServiceRobot/uros_ws/build/drive_base_msgs/test_results/drive_base_msgs/cppcheck_rosidl_typesupport_fastrtps_c.xunit.xml" "/home/duong/Arduino/ROS2_ServiceRobot/uros_ws/build/drive_base_msgs/rosidl_typesupport_fastrtps_c/drive_base_msgs/msg/detail/command_header__rosidl_typesupport_fastrtps_c.h" "/home/duong/Arduino/ROS2_ServiceRobot/uros_ws/build/drive_base_msgs/rosidl_typesupport_fastrtps_c/drive_base_msgs/msg/detail/command_header__type_support_c.cpp" "/home/duong/Arduino/ROS2_ServiceRobot/uros_ws/build/drive_base_msgs/rosidl_typesupport_fastrtps_c/drive_base_msgs/msg/detail/base_info__rosidl_typesupport_fastrtps_c.h" "/home/duong/Arduino/ROS2_ServiceRobot/uros_ws/build/drive_base_msgs/rosidl_typesupport_fastrtps_c/drive_base_msgs/msg/detail/base_info__type_support_c.cpp" "/home/duong/Arduino/ROS2_ServiceRobot/uros_ws/build/drive_base_msgs/rosidl_typesupport_fastrtps_c/drive_base_msgs/msg/detail/command_status__rosidl_typesupport_fastrtps_c.h" "/home/duong/Arduino/ROS2_ServiceRobot/uros_ws/build/drive_base_msgs/rosidl_typesupport_fastrtps_c/drive_base_msgs/msg/detail/command_status__type_support_c.cpp" "/home/duong/Arduino/ROS2_ServiceRobot/uros_ws/build/drive_base_msgs/rosidl_typesupport_fastrtps_c/drive_base_msgs/msg/detail/trv_command__rosidl_typesupport_fastrtps_c.h" "/home/duong/Arduino/ROS2_ServiceRobot/uros_ws/build/drive_base_msgs/rosidl_typesupport_fastrtps_c/drive_base_msgs/msg/detail/trv_command__type_support_c.cpp"
Directory: /home/duong/Arduino/ROS2_ServiceRobot/uros_ws/src/uros/drive_base/drive_base_msgs
"cppcheck_rosidl_typesupport_fastrtps_c" start time: Aug 01 02:04 +07
Output:
----------------------------------------------------------
-- run_test.py: invoking following command in '/home/duong/Arduino/ROS2_ServiceRobot/uros_ws/src/uros/drive_base/drive_base_msgs':
 - /opt/ros/iron/bin/ament_cppcheck --xunit-file /home/duong/Arduino/ROS2_ServiceRobot/uros_ws/build/drive_base_msgs/test_results/drive_base_msgs/cppcheck_rosidl_typesupport_fastrtps_c.xunit.xml /home/duong/Arduino/ROS2_ServiceRobot/uros_ws/build/drive_base_msgs/rosidl_typesupport_fastrtps_c/drive_base_msgs/msg/detail/command_header__rosidl_typesupport_fastrtps_c.h /home/duong/Arduino/ROS2_ServiceRobot/uros_ws/build/drive_base_msgs/rosidl_typesupport_fastrtps_c/drive_base_msgs/msg/detail/command_header__type_support_c.cpp /home/duong/Arduino/ROS2_ServiceRobot/uros_ws/build/drive_base_msgs/rosidl_typesupport_fastrtps_c/drive_base_msgs/msg/detail/base_info__rosidl_typesupport_fastrtps_c.h /home/duong/Arduino/ROS2_ServiceRobot/uros_ws/build/drive_base_msgs/rosidl_typesupport_fastrtps_c/drive_base_msgs/msg/detail/base_info__type_support_c.cpp /home/duong/Arduino/ROS2_ServiceRobot/uros_ws/build/drive_base_msgs/rosidl_typesupport_fastrtps_c/drive_base_msgs/msg/detail/command_status__rosidl_typesupport_fastrtps_c.h /home/duong/Arduino/ROS2_ServiceRobot/uros_ws/build/drive_base_msgs/rosidl_typesupport_fastrtps_c/drive_base_msgs/msg/detail/command_status__type_support_c.cpp /home/duong/Arduino/ROS2_ServiceRobot/uros_ws/build/drive_base_msgs/rosidl_typesupport_fastrtps_c/drive_base_msgs/msg/detail/trv_command__rosidl_typesupport_fastrtps_c.h /home/duong/Arduino/ROS2_ServiceRobot/uros_ws/build/drive_base_msgs/rosidl_typesupport_fastrtps_c/drive_base_msgs/msg/detail/trv_command__type_support_c.cpp
cppcheck 2.7 has known performance issues and therefore will not be used, set the AMENT_CPPCHECK_ALLOW_SLOW_VERSIONS environment variable to override this.
-- run_test.py: return code 0
-- run_test.py: verify result file '/home/duong/Arduino/ROS2_ServiceRobot/uros_ws/build/drive_base_msgs/test_results/drive_base_msgs/cppcheck_rosidl_typesupport_fastrtps_c.xunit.xml'
<end of output>
Test time =   0.27 sec
----------------------------------------------------------
Test Passed.
"cppcheck_rosidl_typesupport_fastrtps_c" end time: Aug 01 02:04 +07
"cppcheck_rosidl_typesupport_fastrtps_c" time elapsed: 00:00:00
----------------------------------------------------------

5/29 Testing: cpplint_rosidl_typesupport_fastrtps_c
5/29 Test: cpplint_rosidl_typesupport_fastrtps_c
Command: "/usr/bin/python3.10" "-u" "/opt/ros/iron/share/ament_cmake_test/cmake/run_test.py" "/home/duong/Arduino/ROS2_ServiceRobot/uros_ws/build/drive_base_msgs/test_results/drive_base_msgs/cpplint_rosidl_typesupport_fastrtps_c.xunit.xml" "--package-name" "drive_base_msgs" "--output-file" "/home/duong/Arduino/ROS2_ServiceRobot/uros_ws/build/drive_base_msgs/ament_cpplint/cpplint_rosidl_typesupport_fastrtps_c.txt" "--command" "/opt/ros/iron/bin/ament_cpplint" "--xunit-file" "/home/duong/Arduino/ROS2_ServiceRobot/uros_ws/build/drive_base_msgs/test_results/drive_base_msgs/cpplint_rosidl_typesupport_fastrtps_c.xunit.xml" "--linelength" "999" "--root" "/home/duong/Arduino/ROS2_ServiceRobot/uros_ws/build/drive_base_msgs/rosidl_typesupport_fastrtps_c" "/home/duong/Arduino/ROS2_ServiceRobot/uros_ws/build/drive_base_msgs/rosidl_typesupport_fastrtps_c/drive_base_msgs/msg/detail/command_header__rosidl_typesupport_fastrtps_c.h" "/home/duong/Arduino/ROS2_ServiceRobot/uros_ws/build/drive_base_msgs/rosidl_typesupport_fastrtps_c/drive_base_msgs/msg/detail/command_header__type_support_c.cpp" "/home/duong/Arduino/ROS2_ServiceRobot/uros_ws/build/drive_base_msgs/rosidl_typesupport_fastrtps_c/drive_base_msgs/msg/detail/base_info__rosidl_typesupport_fastrtps_c.h" "/home/duong/Arduino/ROS2_ServiceRobot/uros_ws/build/drive_base_msgs/rosidl_typesupport_fastrtps_c/drive_base_msgs/msg/detail/base_info__type_support_c.cpp" "/home/duong/Arduino/ROS2_ServiceRobot/uros_ws/build/drive_base_msgs/rosidl_typesupport_fastrtps_c/drive_base_msgs/msg/detail/command_status__rosidl_typesupport_fastrtps_c.h" "/home/duong/Arduino/ROS2_ServiceRobot/uros_ws/build/drive_base_msgs/rosidl_typesupport_fastrtps_c/drive_base_msgs/msg/detail/command_status__type_support_c.cpp" "/home/duong/Arduino/ROS2_ServiceRobot/uros_ws/build/drive_base_msgs/rosidl_typesupport_fastrtps_c/drive_base_msgs/msg/detail/trv_command__rosidl_typesupport_fastrtps_c.h" "/home/duong/Arduino/ROS2_ServiceRobot/uros_ws/build/drive_base_msgs/rosidl_typesupport_fastrtps_c/drive_base_msgs/msg/detail/trv_command__type_support_c.cpp"
Directory: /home/duong/Arduino/ROS2_ServiceRobot/uros_ws/src/uros/drive_base/drive_base_msgs
"cpplint_rosidl_typesupport_fastrtps_c" start time: Aug 01 02:04 +07
Output:
----------------------------------------------------------
-- run_test.py: invoking following command in '/home/duong/Arduino/ROS2_ServiceRobot/uros_ws/src/uros/drive_base/drive_base_msgs':
 - /opt/ros/iron/bin/ament_cpplint --xunit-file /home/duong/Arduino/ROS2_ServiceRobot/uros_ws/build/drive_base_msgs/test_results/drive_base_msgs/cpplint_rosidl_typesupport_fastrtps_c.xunit.xml --linelength 999 --root /home/duong/Arduino/ROS2_ServiceRobot/uros_ws/build/drive_base_msgs/rosidl_typesupport_fastrtps_c /home/duong/Arduino/ROS2_ServiceRobot/uros_ws/build/drive_base_msgs/rosidl_typesupport_fastrtps_c/drive_base_msgs/msg/detail/command_header__rosidl_typesupport_fastrtps_c.h /home/duong/Arduino/ROS2_ServiceRobot/uros_ws/build/drive_base_msgs/rosidl_typesupport_fastrtps_c/drive_base_msgs/msg/detail/command_header__type_support_c.cpp /home/duong/Arduino/ROS2_ServiceRobot/uros_ws/build/drive_base_msgs/rosidl_typesupport_fastrtps_c/drive_base_msgs/msg/detail/base_info__rosidl_typesupport_fastrtps_c.h /home/duong/Arduino/ROS2_ServiceRobot/uros_ws/build/drive_base_msgs/rosidl_typesupport_fastrtps_c/drive_base_msgs/msg/detail/base_info__type_support_c.cpp /home/duong/Arduino/ROS2_ServiceRobot/uros_ws/build/drive_base_msgs/rosidl_typesupport_fastrtps_c/drive_base_msgs/msg/detail/command_status__rosidl_typesupport_fastrtps_c.h /home/duong/Arduino/ROS2_ServiceRobot/uros_ws/build/drive_base_msgs/rosidl_typesupport_fastrtps_c/drive_base_msgs/msg/detail/command_status__type_support_c.cpp /home/duong/Arduino/ROS2_ServiceRobot/uros_ws/build/drive_base_msgs/rosidl_typesupport_fastrtps_c/drive_base_msgs/msg/detail/trv_command__rosidl_typesupport_fastrtps_c.h /home/duong/Arduino/ROS2_ServiceRobot/uros_ws/build/drive_base_msgs/rosidl_typesupport_fastrtps_c/drive_base_msgs/msg/detail/trv_command__type_support_c.cpp
Using '--root=/home/duong/Arduino/ROS2_ServiceRobot/uros_ws/build/drive_base_msgs/rosidl_typesupport_fastrtps_c' argument

Done processing /home/duong/Arduino/ROS2_ServiceRobot/uros_ws/build/drive_base_msgs/rosidl_typesupport_fastrtps_c/drive_base_msgs/msg/detail/base_info__rosidl_typesupport_fastrtps_c.h

Done processing /home/duong/Arduino/ROS2_ServiceRobot/uros_ws/build/drive_base_msgs/rosidl_typesupport_fastrtps_c/drive_base_msgs/msg/detail/base_info__type_support_c.cpp

Done processing /home/duong/Arduino/ROS2_ServiceRobot/uros_ws/build/drive_base_msgs/rosidl_typesupport_fastrtps_c/drive_base_msgs/msg/detail/command_header__rosidl_typesupport_fastrtps_c.h

Done processing /home/duong/Arduino/ROS2_ServiceRobot/uros_ws/build/drive_base_msgs/rosidl_typesupport_fastrtps_c/drive_base_msgs/msg/detail/command_header__type_support_c.cpp

Done processing /home/duong/Arduino/ROS2_ServiceRobot/uros_ws/build/drive_base_msgs/rosidl_typesupport_fastrtps_c/drive_base_msgs/msg/detail/command_status__rosidl_typesupport_fastrtps_c.h

Done processing /home/duong/Arduino/ROS2_ServiceRobot/uros_ws/build/drive_base_msgs/rosidl_typesupport_fastrtps_c/drive_base_msgs/msg/detail/command_status__type_support_c.cpp

Done processing /home/duong/Arduino/ROS2_ServiceRobot/uros_ws/build/drive_base_msgs/rosidl_typesupport_fastrtps_c/drive_base_msgs/msg/detail/trv_command__rosidl_typesupport_fastrtps_c.h

Done processing /home/duong/Arduino/ROS2_ServiceRobot/uros_ws/build/drive_base_msgs/rosidl_typesupport_fastrtps_c/drive_base_msgs/msg/detail/trv_command__type_support_c.cpp

No problems found
-- run_test.py: return code 0
-- run_test.py: verify result file '/home/duong/Arduino/ROS2_ServiceRobot/uros_ws/build/drive_base_msgs/test_results/drive_base_msgs/cpplint_rosidl_typesupport_fastrtps_c.xunit.xml'
<end of output>
Test time =   0.88 sec
----------------------------------------------------------
Test Passed.
"cpplint_rosidl_typesupport_fastrtps_c" end time: Aug 01 02:04 +07
"cpplint_rosidl_typesupport_fastrtps_c" time elapsed: 00:00:00
----------------------------------------------------------

6/29 Testing: uncrustify_rosidl_typesupport_fastrtps_c
6/29 Test: uncrustify_rosidl_typesupport_fastrtps_c
Command: "/usr/bin/python3.10" "-u" "/opt/ros/iron/share/ament_cmake_test/cmake/run_test.py" "/home/duong/Arduino/ROS2_ServiceRobot/uros_ws/build/drive_base_msgs/test_results/drive_base_msgs/uncrustify_rosidl_typesupport_fastrtps_c.xunit.xml" "--package-name" "drive_base_msgs" "--output-file" "/home/duong/Arduino/ROS2_ServiceRobot/uros_ws/build/drive_base_msgs/ament_uncrustify/uncrustify_rosidl_typesupport_fastrtps_c.txt" "--command" "/opt/ros/iron/bin/ament_uncrustify" "--xunit-file" "/home/duong/Arduino/ROS2_ServiceRobot/uros_ws/build/drive_base_msgs/test_results/drive_base_msgs/uncrustify_rosidl_typesupport_fastrtps_c.xunit.xml" "--linelength" "0" "/home/duong/Arduino/ROS2_ServiceRobot/uros_ws/build/drive_base_msgs/rosidl_typesupport_fastrtps_c/drive_base_msgs/msg/detail/command_header__rosidl_typesupport_fastrtps_c.h" "/home/duong/Arduino/ROS2_ServiceRobot/uros_ws/build/drive_base_msgs/rosidl_typesupport_fastrtps_c/drive_base_msgs/msg/detail/command_header__type_support_c.cpp" "/home/duong/Arduino/ROS2_ServiceRobot/uros_ws/build/drive_base_msgs/rosidl_typesupport_fastrtps_c/drive_base_msgs/msg/detail/base_info__rosidl_typesupport_fastrtps_c.h" "/home/duong/Arduino/ROS2_ServiceRobot/uros_ws/build/drive_base_msgs/rosidl_typesupport_fastrtps_c/drive_base_msgs/msg/detail/base_info__type_support_c.cpp" "/home/duong/Arduino/ROS2_ServiceRobot/uros_ws/build/drive_base_msgs/rosidl_typesupport_fastrtps_c/drive_base_msgs/msg/detail/command_status__rosidl_typesupport_fastrtps_c.h" "/home/duong/Arduino/ROS2_ServiceRobot/uros_ws/build/drive_base_msgs/rosidl_typesupport_fastrtps_c/drive_base_msgs/msg/detail/command_status__type_support_c.cpp" "/home/duong/Arduino/ROS2_ServiceRobot/uros_ws/build/drive_base_msgs/rosidl_typesupport_fastrtps_c/drive_base_msgs/msg/detail/trv_command__rosidl_typesupport_fastrtps_c.h" "/home/duong/Arduino/ROS2_ServiceRobot/uros_ws/build/drive_base_msgs/rosidl_typesupport_fastrtps_c/drive_base_msgs/msg/detail/trv_command__type_support_c.cpp"
Directory: /home/duong/Arduino/ROS2_ServiceRobot/uros_ws/src/uros/drive_base/drive_base_msgs
"uncrustify_rosidl_typesupport_fastrtps_c" start time: Aug 01 02:04 +07
Output:
----------------------------------------------------------
-- run_test.py: invoking following command in '/home/duong/Arduino/ROS2_ServiceRobot/uros_ws/src/uros/drive_base/drive_base_msgs':
 - /opt/ros/iron/bin/ament_uncrustify --xunit-file /home/duong/Arduino/ROS2_ServiceRobot/uros_ws/build/drive_base_msgs/test_results/drive_base_msgs/uncrustify_rosidl_typesupport_fastrtps_c.xunit.xml --linelength 0 /home/duong/Arduino/ROS2_ServiceRobot/uros_ws/build/drive_base_msgs/rosidl_typesupport_fastrtps_c/drive_base_msgs/msg/detail/command_header__rosidl_typesupport_fastrtps_c.h /home/duong/Arduino/ROS2_ServiceRobot/uros_ws/build/drive_base_msgs/rosidl_typesupport_fastrtps_c/drive_base_msgs/msg/detail/command_header__type_support_c.cpp /home/duong/Arduino/ROS2_ServiceRobot/uros_ws/build/drive_base_msgs/rosidl_typesupport_fastrtps_c/drive_base_msgs/msg/detail/base_info__rosidl_typesupport_fastrtps_c.h /home/duong/Arduino/ROS2_ServiceRobot/uros_ws/build/drive_base_msgs/rosidl_typesupport_fastrtps_c/drive_base_msgs/msg/detail/base_info__type_support_c.cpp /home/duong/Arduino/ROS2_ServiceRobot/uros_ws/build/drive_base_msgs/rosidl_typesupport_fastrtps_c/drive_base_msgs/msg/detail/command_status__rosidl_typesupport_fastrtps_c.h /home/duong/Arduino/ROS2_ServiceRobot/uros_ws/build/drive_base_msgs/rosidl_typesupport_fastrtps_c/drive_base_msgs/msg/detail/command_status__type_support_c.cpp /home/duong/Arduino/ROS2_ServiceRobot/uros_ws/build/drive_base_msgs/rosidl_typesupport_fastrtps_c/drive_base_msgs/msg/detail/trv_command__rosidl_typesupport_fastrtps_c.h /home/duong/Arduino/ROS2_ServiceRobot/uros_ws/build/drive_base_msgs/rosidl_typesupport_fastrtps_c/drive_base_msgs/msg/detail/trv_command__type_support_c.cpp
No code style divergence in file '/home/duong/Arduino/ROS2_ServiceRobot/uros_ws/build/drive_base_msgs/rosidl_typesupport_fastrtps_c/drive_base_msgs/msg/detail/base_info__rosidl_typesupport_fastrtps_c.h'

No code style divergence in file '/home/duong/Arduino/ROS2_ServiceRobot/uros_ws/build/drive_base_msgs/rosidl_typesupport_fastrtps_c/drive_base_msgs/msg/detail/base_info__type_support_c.cpp'

No code style divergence in file '/home/duong/Arduino/ROS2_ServiceRobot/uros_ws/build/drive_base_msgs/rosidl_typesupport_fastrtps_c/drive_base_msgs/msg/detail/command_header__rosidl_typesupport_fastrtps_c.h'

No code style divergence in file '/home/duong/Arduino/ROS2_ServiceRobot/uros_ws/build/drive_base_msgs/rosidl_typesupport_fastrtps_c/drive_base_msgs/msg/detail/command_header__type_support_c.cpp'

No code style divergence in file '/home/duong/Arduino/ROS2_ServiceRobot/uros_ws/build/drive_base_msgs/rosidl_typesupport_fastrtps_c/drive_base_msgs/msg/detail/command_status__rosidl_typesupport_fastrtps_c.h'

No code style divergence in file '/home/duong/Arduino/ROS2_ServiceRobot/uros_ws/build/drive_base_msgs/rosidl_typesupport_fastrtps_c/drive_base_msgs/msg/detail/command_status__type_support_c.cpp'

No code style divergence in file '/home/duong/Arduino/ROS2_ServiceRobot/uros_ws/build/drive_base_msgs/rosidl_typesupport_fastrtps_c/drive_base_msgs/msg/detail/trv_command__rosidl_typesupport_fastrtps_c.h'

No code style divergence in file '/home/duong/Arduino/ROS2_ServiceRobot/uros_ws/build/drive_base_msgs/rosidl_typesupport_fastrtps_c/drive_base_msgs/msg/detail/trv_command__type_support_c.cpp'

No problems found
-- run_test.py: return code 0
-- run_test.py: verify result file '/home/duong/Arduino/ROS2_ServiceRobot/uros_ws/build/drive_base_msgs/test_results/drive_base_msgs/uncrustify_rosidl_typesupport_fastrtps_c.xunit.xml'
<end of output>
Test time =   0.28 sec
----------------------------------------------------------
Test Passed.
"uncrustify_rosidl_typesupport_fastrtps_c" end time: Aug 01 02:04 +07
"uncrustify_rosidl_typesupport_fastrtps_c" time elapsed: 00:00:00
----------------------------------------------------------

7/29 Testing: cppcheck_rosidl_generated_cpp
7/29 Test: cppcheck_rosidl_generated_cpp
Command: "/usr/bin/python3.10" "-u" "/opt/ros/iron/share/ament_cmake_test/cmake/run_test.py" "/home/duong/Arduino/ROS2_ServiceRobot/uros_ws/build/drive_base_msgs/test_results/drive_base_msgs/cppcheck_rosidl_generated_cpp.xunit.xml" "--package-name" "drive_base_msgs" "--output-file" "/home/duong/Arduino/ROS2_ServiceRobot/uros_ws/build/drive_base_msgs/ament_cppcheck/cppcheck_rosidl_generated_cpp.txt" "--command" "/opt/ros/iron/bin/ament_cppcheck" "--xunit-file" "/home/duong/Arduino/ROS2_ServiceRobot/uros_ws/build/drive_base_msgs/test_results/drive_base_msgs/cppcheck_rosidl_generated_cpp.xunit.xml" "/home/duong/Arduino/ROS2_ServiceRobot/uros_ws/build/drive_base_msgs/rosidl_generator_cpp/drive_base_msgs"
Directory: /home/duong/Arduino/ROS2_ServiceRobot/uros_ws/src/uros/drive_base/drive_base_msgs
"cppcheck_rosidl_generated_cpp" start time: Aug 01 02:04 +07
Output:
----------------------------------------------------------
-- run_test.py: invoking following command in '/home/duong/Arduino/ROS2_ServiceRobot/uros_ws/src/uros/drive_base/drive_base_msgs':
 - /opt/ros/iron/bin/ament_cppcheck --xunit-file /home/duong/Arduino/ROS2_ServiceRobot/uros_ws/build/drive_base_msgs/test_results/drive_base_msgs/cppcheck_rosidl_generated_cpp.xunit.xml /home/duong/Arduino/ROS2_ServiceRobot/uros_ws/build/drive_base_msgs/rosidl_generator_cpp/drive_base_msgs
cppcheck 2.7 has known performance issues and therefore will not be used, set the AMENT_CPPCHECK_ALLOW_SLOW_VERSIONS environment variable to override this.
-- run_test.py: return code 0
-- run_test.py: verify result file '/home/duong/Arduino/ROS2_ServiceRobot/uros_ws/build/drive_base_msgs/test_results/drive_base_msgs/cppcheck_rosidl_generated_cpp.xunit.xml'
<end of output>
Test time =   0.25 sec
----------------------------------------------------------
Test Passed.
"cppcheck_rosidl_generated_cpp" end time: Aug 01 02:04 +07
"cppcheck_rosidl_generated_cpp" time elapsed: 00:00:00
----------------------------------------------------------

8/29 Testing: cpplint_rosidl_generated_cpp
8/29 Test: cpplint_rosidl_generated_cpp
Command: "/usr/bin/python3.10" "-u" "/opt/ros/iron/share/ament_cmake_test/cmake/run_test.py" "/home/duong/Arduino/ROS2_ServiceRobot/uros_ws/build/drive_base_msgs/test_results/drive_base_msgs/cpplint_rosidl_generated_cpp.xunit.xml" "--package-name" "drive_base_msgs" "--output-file" "/home/duong/Arduino/ROS2_ServiceRobot/uros_ws/build/drive_base_msgs/ament_cpplint/cpplint_rosidl_generated_cpp.txt" "--command" "/opt/ros/iron/bin/ament_cpplint" "--xunit-file" "/home/duong/Arduino/ROS2_ServiceRobot/uros_ws/build/drive_base_msgs/test_results/drive_base_msgs/cpplint_rosidl_generated_cpp.xunit.xml" "--linelength" "999" "--root" "/home/duong/Arduino/ROS2_ServiceRobot/uros_ws/build/drive_base_msgs/rosidl_generator_cpp" "/home/duong/Arduino/ROS2_ServiceRobot/uros_ws/build/drive_base_msgs/rosidl_generator_cpp/drive_base_msgs"
Directory: /home/duong/Arduino/ROS2_ServiceRobot/uros_ws/src/uros/drive_base/drive_base_msgs
"cpplint_rosidl_generated_cpp" start time: Aug 01 02:04 +07
Output:
----------------------------------------------------------
-- run_test.py: invoking following command in '/home/duong/Arduino/ROS2_ServiceRobot/uros_ws/src/uros/drive_base/drive_base_msgs':
 - /opt/ros/iron/bin/ament_cpplint --xunit-file /home/duong/Arduino/ROS2_ServiceRobot/uros_ws/build/drive_base_msgs/test_results/drive_base_msgs/cpplint_rosidl_generated_cpp.xunit.xml --linelength 999 --root /home/duong/Arduino/ROS2_ServiceRobot/uros_ws/build/drive_base_msgs/rosidl_generator_cpp /home/duong/Arduino/ROS2_ServiceRobot/uros_ws/build/drive_base_msgs/rosidl_generator_cpp/drive_base_msgs
Using '--root=/home/duong/Arduino/ROS2_ServiceRobot/uros_ws/build/drive_base_msgs/rosidl_generator_cpp' argument

Done processing /home/duong/Arduino/ROS2_ServiceRobot/uros_ws/build/drive_base_msgs/rosidl_generator_cpp/drive_base_msgs/msg/base_info.hpp

Done processing /home/duong/Arduino/ROS2_ServiceRobot/uros_ws/build/drive_base_msgs/rosidl_generator_cpp/drive_base_msgs/msg/command_header.hpp

Done processing /home/duong/Arduino/ROS2_ServiceRobot/uros_ws/build/drive_base_msgs/rosidl_generator_cpp/drive_base_msgs/msg/command_status.hpp

Done processing /home/duong/Arduino/ROS2_ServiceRobot/uros_ws/build/drive_base_msgs/rosidl_generator_cpp/drive_base_msgs/msg/detail/base_info__builder.hpp

Done processing /home/duong/Arduino/ROS2_ServiceRobot/uros_ws/build/drive_base_msgs/rosidl_generator_cpp/drive_base_msgs/msg/detail/base_info__struct.hpp

Done processing /home/duong/Arduino/ROS2_ServiceRobot/uros_ws/build/drive_base_msgs/rosidl_generator_cpp/drive_base_msgs/msg/detail/base_info__traits.hpp

Done processing /home/duong/Arduino/ROS2_ServiceRobot/uros_ws/build/drive_base_msgs/rosidl_generator_cpp/drive_base_msgs/msg/detail/command_header__builder.hpp

Done processing /home/duong/Arduino/ROS2_ServiceRobot/uros_ws/build/drive_base_msgs/rosidl_generator_cpp/drive_base_msgs/msg/detail/command_header__struct.hpp

Done processing /home/duong/Arduino/ROS2_ServiceRobot/uros_ws/build/drive_base_msgs/rosidl_generator_cpp/drive_base_msgs/msg/detail/command_header__traits.hpp

Done processing /home/duong/Arduino/ROS2_ServiceRobot/uros_ws/build/drive_base_msgs/rosidl_generator_cpp/drive_base_msgs/msg/detail/command_status__builder.hpp

Done processing /home/duong/Arduino/ROS2_ServiceRobot/uros_ws/build/drive_base_msgs/rosidl_generator_cpp/drive_base_msgs/msg/detail/command_status__struct.hpp

Done processing /home/duong/Arduino/ROS2_ServiceRobot/uros_ws/build/drive_base_msgs/rosidl_generator_cpp/drive_base_msgs/msg/detail/command_status__traits.hpp

Done processing /home/duong/Arduino/ROS2_ServiceRobot/uros_ws/build/drive_base_msgs/rosidl_generator_cpp/drive_base_msgs/msg/detail/trv_command__builder.hpp

Done processing /home/duong/Arduino/ROS2_ServiceRobot/uros_ws/build/drive_base_msgs/rosidl_generator_cpp/drive_base_msgs/msg/detail/trv_command__struct.hpp

Done processing /home/duong/Arduino/ROS2_ServiceRobot/uros_ws/build/drive_base_msgs/rosidl_generator_cpp/drive_base_msgs/msg/detail/trv_command__traits.hpp

Done processing /home/duong/Arduino/ROS2_ServiceRobot/uros_ws/build/drive_base_msgs/rosidl_generator_cpp/drive_base_msgs/msg/trv_command.hpp

No problems found
-- run_test.py: return code 0
-- run_test.py: verify result file '/home/duong/Arduino/ROS2_ServiceRobot/uros_ws/build/drive_base_msgs/test_results/drive_base_msgs/cpplint_rosidl_generated_cpp.xunit.xml'
<end of output>
Test time =   1.42 sec
----------------------------------------------------------
Test Passed.
"cpplint_rosidl_generated_cpp" end time: Aug 01 02:04 +07
"cpplint_rosidl_generated_cpp" time elapsed: 00:00:01
----------------------------------------------------------

9/29 Testing: uncrustify_rosidl_generated_cpp
9/29 Test: uncrustify_rosidl_generated_cpp
Command: "/usr/bin/python3.10" "-u" "/opt/ros/iron/share/ament_cmake_test/cmake/run_test.py" "/home/duong/Arduino/ROS2_ServiceRobot/uros_ws/build/drive_base_msgs/test_results/drive_base_msgs/uncrustify_rosidl_generated_cpp.xunit.xml" "--package-name" "drive_base_msgs" "--output-file" "/home/duong/Arduino/ROS2_ServiceRobot/uros_ws/build/drive_base_msgs/ament_uncrustify/uncrustify_rosidl_generated_cpp.txt" "--command" "/opt/ros/iron/bin/ament_uncrustify" "--xunit-file" "/home/duong/Arduino/ROS2_ServiceRobot/uros_ws/build/drive_base_msgs/test_results/drive_base_msgs/uncrustify_rosidl_generated_cpp.xunit.xml" "--linelength" "0" "/home/duong/Arduino/ROS2_ServiceRobot/uros_ws/build/drive_base_msgs/rosidl_generator_cpp/drive_base_msgs"
Directory: /home/duong/Arduino/ROS2_ServiceRobot/uros_ws/src/uros/drive_base/drive_base_msgs
"uncrustify_rosidl_generated_cpp" start time: Aug 01 02:04 +07
Output:
----------------------------------------------------------
-- run_test.py: invoking following command in '/home/duong/Arduino/ROS2_ServiceRobot/uros_ws/src/uros/drive_base/drive_base_msgs':
 - /opt/ros/iron/bin/ament_uncrustify --xunit-file /home/duong/Arduino/ROS2_ServiceRobot/uros_ws/build/drive_base_msgs/test_results/drive_base_msgs/uncrustify_rosidl_generated_cpp.xunit.xml --linelength 0 /home/duong/Arduino/ROS2_ServiceRobot/uros_ws/build/drive_base_msgs/rosidl_generator_cpp/drive_base_msgs
No code style divergence in file '/home/duong/Arduino/ROS2_ServiceRobot/uros_ws/build/drive_base_msgs/rosidl_generator_cpp/drive_base_msgs/msg/base_info.hpp'

No code style divergence in file '/home/duong/Arduino/ROS2_ServiceRobot/uros_ws/build/drive_base_msgs/rosidl_generator_cpp/drive_base_msgs/msg/command_header.hpp'

No code style divergence in file '/home/duong/Arduino/ROS2_ServiceRobot/uros_ws/build/drive_base_msgs/rosidl_generator_cpp/drive_base_msgs/msg/command_status.hpp'

No code style divergence in file '/home/duong/Arduino/ROS2_ServiceRobot/uros_ws/build/drive_base_msgs/rosidl_generator_cpp/drive_base_msgs/msg/detail/base_info__builder.hpp'

No code style divergence in file '/home/duong/Arduino/ROS2_ServiceRobot/uros_ws/build/drive_base_msgs/rosidl_generator_cpp/drive_base_msgs/msg/detail/base_info__struct.hpp'

No code style divergence in file '/home/duong/Arduino/ROS2_ServiceRobot/uros_ws/build/drive_base_msgs/rosidl_generator_cpp/drive_base_msgs/msg/detail/base_info__traits.hpp'

No code style divergence in file '/home/duong/Arduino/ROS2_ServiceRobot/uros_ws/build/drive_base_msgs/rosidl_generator_cpp/drive_base_msgs/msg/detail/command_header__builder.hpp'

No code style divergence in file '/home/duong/Arduino/ROS2_ServiceRobot/uros_ws/build/drive_base_msgs/rosidl_generator_cpp/drive_base_msgs/msg/detail/command_header__struct.hpp'

No code style divergence in file '/home/duong/Arduino/ROS2_ServiceRobot/uros_ws/build/drive_base_msgs/rosidl_generator_cpp/drive_base_msgs/msg/detail/command_header__traits.hpp'

No code style divergence in file '/home/duong/Arduino/ROS2_ServiceRobot/uros_ws/build/drive_base_msgs/rosidl_generator_cpp/drive_base_msgs/msg/detail/command_status__builder.hpp'

No code style divergence in file '/home/duong/Arduino/ROS2_ServiceRobot/uros_ws/build/drive_base_msgs/rosidl_generator_cpp/drive_base_msgs/msg/detail/command_status__struct.hpp'

No code style divergence in file '/home/duong/Arduino/ROS2_ServiceRobot/uros_ws/build/drive_base_msgs/rosidl_generator_cpp/drive_base_msgs/msg/detail/command_status__traits.hpp'

No code style divergence in file '/home/duong/Arduino/ROS2_ServiceRobot/uros_ws/build/drive_base_msgs/rosidl_generator_cpp/drive_base_msgs/msg/detail/trv_command__builder.hpp'

No code style divergence in file '/home/duong/Arduino/ROS2_ServiceRobot/uros_ws/build/drive_base_msgs/rosidl_generator_cpp/drive_base_msgs/msg/detail/trv_command__struct.hpp'

No code style divergence in file '/home/duong/Arduino/ROS2_ServiceRobot/uros_ws/build/drive_base_msgs/rosidl_generator_cpp/drive_base_msgs/msg/detail/trv_command__traits.hpp'

No code style divergence in file '/home/duong/Arduino/ROS2_ServiceRobot/uros_ws/build/drive_base_msgs/rosidl_generator_cpp/drive_base_msgs/msg/trv_command.hpp'

No problems found
-- run_test.py: return code 0
-- run_test.py: verify result file '/home/duong/Arduino/ROS2_ServiceRobot/uros_ws/build/drive_base_msgs/test_results/drive_base_msgs/uncrustify_rosidl_generated_cpp.xunit.xml'
<end of output>
Test time =   0.32 sec
----------------------------------------------------------
Test Passed.
"uncrustify_rosidl_generated_cpp" end time: Aug 01 02:04 +07
"uncrustify_rosidl_generated_cpp" time elapsed: 00:00:00
----------------------------------------------------------

10/29 Testing: cppcheck_rosidl_typesupport_fastrtps_cpp
10/29 Test: cppcheck_rosidl_typesupport_fastrtps_cpp
Command: "/usr/bin/python3.10" "-u" "/opt/ros/iron/share/ament_cmake_test/cmake/run_test.py" "/home/duong/Arduino/ROS2_ServiceRobot/uros_ws/build/drive_base_msgs/test_results/drive_base_msgs/cppcheck_rosidl_typesupport_fastrtps_cpp.xunit.xml" "--package-name" "drive_base_msgs" "--output-file" "/home/duong/Arduino/ROS2_ServiceRobot/uros_ws/build/drive_base_msgs/ament_cppcheck/cppcheck_rosidl_typesupport_fastrtps_cpp.txt" "--command" "/opt/ros/iron/bin/ament_cppcheck" "--xunit-file" "/home/duong/Arduino/ROS2_ServiceRobot/uros_ws/build/drive_base_msgs/test_results/drive_base_msgs/cppcheck_rosidl_typesupport_fastrtps_cpp.xunit.xml" "/home/duong/Arduino/ROS2_ServiceRobot/uros_ws/build/drive_base_msgs/rosidl_typesupport_fastrtps_cpp/drive_base_msgs/msg/detail/dds_fastrtps/command_header__type_support.cpp" "/home/duong/Arduino/ROS2_ServiceRobot/uros_ws/build/drive_base_msgs/rosidl_typesupport_fastrtps_cpp/drive_base_msgs/msg/detail/command_header__rosidl_typesupport_fastrtps_cpp.hpp" "/home/duong/Arduino/ROS2_ServiceRobot/uros_ws/build/drive_base_msgs/rosidl_typesupport_fastrtps_cpp/drive_base_msgs/msg/detail/dds_fastrtps/base_info__type_support.cpp" "/home/duong/Arduino/ROS2_ServiceRobot/uros_ws/build/drive_base_msgs/rosidl_typesupport_fastrtps_cpp/drive_base_msgs/msg/detail/base_info__rosidl_typesupport_fastrtps_cpp.hpp" "/home/duong/Arduino/ROS2_ServiceRobot/uros_ws/build/drive_base_msgs/rosidl_typesupport_fastrtps_cpp/drive_base_msgs/msg/detail/dds_fastrtps/command_status__type_support.cpp" "/home/duong/Arduino/ROS2_ServiceRobot/uros_ws/build/drive_base_msgs/rosidl_typesupport_fastrtps_cpp/drive_base_msgs/msg/detail/command_status__rosidl_typesupport_fastrtps_cpp.hpp" "/home/duong/Arduino/ROS2_ServiceRobot/uros_ws/build/drive_base_msgs/rosidl_typesupport_fastrtps_cpp/drive_base_msgs/msg/detail/dds_fastrtps/trv_command__type_support.cpp" "/home/duong/Arduino/ROS2_ServiceRobot/uros_ws/build/drive_base_msgs/rosidl_typesupport_fastrtps_cpp/drive_base_msgs/msg/detail/trv_command__rosidl_typesupport_fastrtps_cpp.hpp"
Directory: /home/duong/Arduino/ROS2_ServiceRobot/uros_ws/src/uros/drive_base/drive_base_msgs
"cppcheck_rosidl_typesupport_fastrtps_cpp" start time: Aug 01 02:04 +07
Output:
----------------------------------------------------------
-- run_test.py: invoking following command in '/home/duong/Arduino/ROS2_ServiceRobot/uros_ws/src/uros/drive_base/drive_base_msgs':
 - /opt/ros/iron/bin/ament_cppcheck --xunit-file /home/duong/Arduino/ROS2_ServiceRobot/uros_ws/build/drive_base_msgs/test_results/drive_base_msgs/cppcheck_rosidl_typesupport_fastrtps_cpp.xunit.xml /home/duong/Arduino/ROS2_ServiceRobot/uros_ws/build/drive_base_msgs/rosidl_typesupport_fastrtps_cpp/drive_base_msgs/msg/detail/dds_fastrtps/command_header__type_support.cpp /home/duong/Arduino/ROS2_ServiceRobot/uros_ws/build/drive_base_msgs/rosidl_typesupport_fastrtps_cpp/drive_base_msgs/msg/detail/command_header__rosidl_typesupport_fastrtps_cpp.hpp /home/duong/Arduino/ROS2_ServiceRobot/uros_ws/build/drive_base_msgs/rosidl_typesupport_fastrtps_cpp/drive_base_msgs/msg/detail/dds_fastrtps/base_info__type_support.cpp /home/duong/Arduino/ROS2_ServiceRobot/uros_ws/build/drive_base_msgs/rosidl_typesupport_fastrtps_cpp/drive_base_msgs/msg/detail/base_info__rosidl_typesupport_fastrtps_cpp.hpp /home/duong/Arduino/ROS2_ServiceRobot/uros_ws/build/drive_base_msgs/rosidl_typesupport_fastrtps_cpp/drive_base_msgs/msg/detail/dds_fastrtps/command_status__type_support.cpp /home/duong/Arduino/ROS2_ServiceRobot/uros_ws/build/drive_base_msgs/rosidl_typesupport_fastrtps_cpp/drive_base_msgs/msg/detail/command_status__rosidl_typesupport_fastrtps_cpp.hpp /home/duong/Arduino/ROS2_ServiceRobot/uros_ws/build/drive_base_msgs/rosidl_typesupport_fastrtps_cpp/drive_base_msgs/msg/detail/dds_fastrtps/trv_command__type_support.cpp /home/duong/Arduino/ROS2_ServiceRobot/uros_ws/build/drive_base_msgs/rosidl_typesupport_fastrtps_cpp/drive_base_msgs/msg/detail/trv_command__rosidl_typesupport_fastrtps_cpp.hpp
cppcheck 2.7 has known performance issues and therefore will not be used, set the AMENT_CPPCHECK_ALLOW_SLOW_VERSIONS environment variable to override this.
-- run_test.py: return code 0
-- run_test.py: verify result file '/home/duong/Arduino/ROS2_ServiceRobot/uros_ws/build/drive_base_msgs/test_results/drive_base_msgs/cppcheck_rosidl_typesupport_fastrtps_cpp.xunit.xml'
<end of output>
Test time =   0.29 sec
----------------------------------------------------------
Test Passed.
"cppcheck_rosidl_typesupport_fastrtps_cpp" end time: Aug 01 02:04 +07
"cppcheck_rosidl_typesupport_fastrtps_cpp" time elapsed: 00:00:00
----------------------------------------------------------

11/29 Testing: cpplint_rosidl_typesupport_fastrtps_cpp
11/29 Test: cpplint_rosidl_typesupport_fastrtps_cpp
Command: "/usr/bin/python3.10" "-u" "/opt/ros/iron/share/ament_cmake_test/cmake/run_test.py" "/home/duong/Arduino/ROS2_ServiceRobot/uros_ws/build/drive_base_msgs/test_results/drive_base_msgs/cpplint_rosidl_typesupport_fastrtps_cpp.xunit.xml" "--package-name" "drive_base_msgs" "--output-file" "/home/duong/Arduino/ROS2_ServiceRobot/uros_ws/build/drive_base_msgs/ament_cpplint/cpplint_rosidl_typesupport_fastrtps_cpp.txt" "--command" "/opt/ros/iron/bin/ament_cpplint" "--xunit-file" "/home/duong/Arduino/ROS2_ServiceRobot/uros_ws/build/drive_base_msgs/test_results/drive_base_msgs/cpplint_rosidl_typesupport_fastrtps_cpp.xunit.xml" "--linelength" "999" "--root" "/home/duong/Arduino/ROS2_ServiceRobot/uros_ws/build/drive_base_msgs/rosidl_typesupport_fastrtps_cpp" "/home/duong/Arduino/ROS2_ServiceRobot/uros_ws/build/drive_base_msgs/rosidl_typesupport_fastrtps_cpp/drive_base_msgs/msg/detail/dds_fastrtps/command_header__type_support.cpp" "/home/duong/Arduino/ROS2_ServiceRobot/uros_ws/build/drive_base_msgs/rosidl_typesupport_fastrtps_cpp/drive_base_msgs/msg/detail/command_header__rosidl_typesupport_fastrtps_cpp.hpp" "/home/duong/Arduino/ROS2_ServiceRobot/uros_ws/build/drive_base_msgs/rosidl_typesupport_fastrtps_cpp/drive_base_msgs/msg/detail/dds_fastrtps/base_info__type_support.cpp" "/home/duong/Arduino/ROS2_ServiceRobot/uros_ws/build/drive_base_msgs/rosidl_typesupport_fastrtps_cpp/drive_base_msgs/msg/detail/base_info__rosidl_typesupport_fastrtps_cpp.hpp" "/home/duong/Arduino/ROS2_ServiceRobot/uros_ws/build/drive_base_msgs/rosidl_typesupport_fastrtps_cpp/drive_base_msgs/msg/detail/dds_fastrtps/command_status__type_support.cpp" "/home/duong/Arduino/ROS2_ServiceRobot/uros_ws/build/drive_base_msgs/rosidl_typesupport_fastrtps_cpp/drive_base_msgs/msg/detail/command_status__rosidl_typesupport_fastrtps_cpp.hpp" "/home/duong/Arduino/ROS2_ServiceRobot/uros_ws/build/drive_base_msgs/rosidl_typesupport_fastrtps_cpp/drive_base_msgs/msg/detail/dds_fastrtps/trv_command__type_support.cpp" "/home/duong/Arduino/ROS2_ServiceRobot/uros_ws/build/drive_base_msgs/rosidl_typesupport_fastrtps_cpp/drive_base_msgs/msg/detail/trv_command__rosidl_typesupport_fastrtps_cpp.hpp"
Directory: /home/duong/Arduino/ROS2_ServiceRobot/uros_ws/src/uros/drive_base/drive_base_msgs
"cpplint_rosidl_typesupport_fastrtps_cpp" start time: Aug 01 02:04 +07
Output:
----------------------------------------------------------
-- run_test.py: invoking following command in '/home/duong/Arduino/ROS2_ServiceRobot/uros_ws/src/uros/drive_base/drive_base_msgs':
 - /opt/ros/iron/bin/ament_cpplint --xunit-file /home/duong/Arduino/ROS2_ServiceRobot/uros_ws/build/drive_base_msgs/test_results/drive_base_msgs/cpplint_rosidl_typesupport_fastrtps_cpp.xunit.xml --linelength 999 --root /home/duong/Arduino/ROS2_ServiceRobot/uros_ws/build/drive_base_msgs/rosidl_typesupport_fastrtps_cpp /home/duong/Arduino/ROS2_ServiceRobot/uros_ws/build/drive_base_msgs/rosidl_typesupport_fastrtps_cpp/drive_base_msgs/msg/detail/dds_fastrtps/command_header__type_support.cpp /home/duong/Arduino/ROS2_ServiceRobot/uros_ws/build/drive_base_msgs/rosidl_typesupport_fastrtps_cpp/drive_base_msgs/msg/detail/command_header__rosidl_typesupport_fastrtps_cpp.hpp /home/duong/Arduino/ROS2_ServiceRobot/uros_ws/build/drive_base_msgs/rosidl_typesupport_fastrtps_cpp/drive_base_msgs/msg/detail/dds_fastrtps/base_info__type_support.cpp /home/duong/Arduino/ROS2_ServiceRobot/uros_ws/build/drive_base_msgs/rosidl_typesupport_fastrtps_cpp/drive_base_msgs/msg/detail/base_info__rosidl_typesupport_fastrtps_cpp.hpp /home/duong/Arduino/ROS2_ServiceRobot/uros_ws/build/drive_base_msgs/rosidl_typesupport_fastrtps_cpp/drive_base_msgs/msg/detail/dds_fastrtps/command_status__type_support.cpp /home/duong/Arduino/ROS2_ServiceRobot/uros_ws/build/drive_base_msgs/rosidl_typesupport_fastrtps_cpp/drive_base_msgs/msg/detail/command_status__rosidl_typesupport_fastrtps_cpp.hpp /home/duong/Arduino/ROS2_ServiceRobot/uros_ws/build/drive_base_msgs/rosidl_typesupport_fastrtps_cpp/drive_base_msgs/msg/detail/dds_fastrtps/trv_command__type_support.cpp /home/duong/Arduino/ROS2_ServiceRobot/uros_ws/build/drive_base_msgs/rosidl_typesupport_fastrtps_cpp/drive_base_msgs/msg/detail/trv_command__rosidl_typesupport_fastrtps_cpp.hpp
Using '--root=/home/duong/Arduino/ROS2_ServiceRobot/uros_ws/build/drive_base_msgs/rosidl_typesupport_fastrtps_cpp' argument

Done processing /home/duong/Arduino/ROS2_ServiceRobot/uros_ws/build/drive_base_msgs/rosidl_typesupport_fastrtps_cpp/drive_base_msgs/msg/detail/base_info__rosidl_typesupport_fastrtps_cpp.hpp

Done processing /home/duong/Arduino/ROS2_ServiceRobot/uros_ws/build/drive_base_msgs/rosidl_typesupport_fastrtps_cpp/drive_base_msgs/msg/detail/command_header__rosidl_typesupport_fastrtps_cpp.hpp

Done processing /home/duong/Arduino/ROS2_ServiceRobot/uros_ws/build/drive_base_msgs/rosidl_typesupport_fastrtps_cpp/drive_base_msgs/msg/detail/command_status__rosidl_typesupport_fastrtps_cpp.hpp

Done processing /home/duong/Arduino/ROS2_ServiceRobot/uros_ws/build/drive_base_msgs/rosidl_typesupport_fastrtps_cpp/drive_base_msgs/msg/detail/dds_fastrtps/base_info__type_support.cpp

Done processing /home/duong/Arduino/ROS2_ServiceRobot/uros_ws/build/drive_base_msgs/rosidl_typesupport_fastrtps_cpp/drive_base_msgs/msg/detail/dds_fastrtps/command_header__type_support.cpp

Done processing /home/duong/Arduino/ROS2_ServiceRobot/uros_ws/build/drive_base_msgs/rosidl_typesupport_fastrtps_cpp/drive_base_msgs/msg/detail/dds_fastrtps/command_status__type_support.cpp

Done processing /home/duong/Arduino/ROS2_ServiceRobot/uros_ws/build/drive_base_msgs/rosidl_typesupport_fastrtps_cpp/drive_base_msgs/msg/detail/dds_fastrtps/trv_command__type_support.cpp

Done processing /home/duong/Arduino/ROS2_ServiceRobot/uros_ws/build/drive_base_msgs/rosidl_typesupport_fastrtps_cpp/drive_base_msgs/msg/detail/trv_command__rosidl_typesupport_fastrtps_cpp.hpp

No problems found
-- run_test.py: return code 0
-- run_test.py: verify result file '/home/duong/Arduino/ROS2_ServiceRobot/uros_ws/build/drive_base_msgs/test_results/drive_base_msgs/cpplint_rosidl_typesupport_fastrtps_cpp.xunit.xml'
<end of output>
Test time =   0.81 sec
----------------------------------------------------------
Test Passed.
"cpplint_rosidl_typesupport_fastrtps_cpp" end time: Aug 01 02:04 +07
"cpplint_rosidl_typesupport_fastrtps_cpp" time elapsed: 00:00:00
----------------------------------------------------------

12/29 Testing: uncrustify_rosidl_typesupport_fastrtps_cpp
12/29 Test: uncrustify_rosidl_typesupport_fastrtps_cpp
Command: "/usr/bin/python3.10" "-u" "/opt/ros/iron/share/ament_cmake_test/cmake/run_test.py" "/home/duong/Arduino/ROS2_ServiceRobot/uros_ws/build/drive_base_msgs/test_results/drive_base_msgs/uncrustify_rosidl_typesupport_fastrtps_cpp.xunit.xml" "--package-name" "drive_base_msgs" "--output-file" "/home/duong/Arduino/ROS2_ServiceRobot/uros_ws/build/drive_base_msgs/ament_uncrustify/uncrustify_rosidl_typesupport_fastrtps_cpp.txt" "--command" "/opt/ros/iron/bin/ament_uncrustify" "--xunit-file" "/home/duong/Arduino/ROS2_ServiceRobot/uros_ws/build/drive_base_msgs/test_results/drive_base_msgs/uncrustify_rosidl_typesupport_fastrtps_cpp.xunit.xml" "--linelength" "0" "/home/duong/Arduino/ROS2_ServiceRobot/uros_ws/build/drive_base_msgs/rosidl_typesupport_fastrtps_cpp/drive_base_msgs/msg/detail/dds_fastrtps/command_header__type_support.cpp" "/home/duong/Arduino/ROS2_ServiceRobot/uros_ws/build/drive_base_msgs/rosidl_typesupport_fastrtps_cpp/drive_base_msgs/msg/detail/command_header__rosidl_typesupport_fastrtps_cpp.hpp" "/home/duong/Arduino/ROS2_ServiceRobot/uros_ws/build/drive_base_msgs/rosidl_typesupport_fastrtps_cpp/drive_base_msgs/msg/detail/dds_fastrtps/base_info__type_support.cpp" "/home/duong/Arduino/ROS2_ServiceRobot/uros_ws/build/drive_base_msgs/rosidl_typesupport_fastrtps_cpp/drive_base_msgs/msg/detail/base_info__rosidl_typesupport_fastrtps_cpp.hpp" "/home/duong/Arduino/ROS2_ServiceRobot/uros_ws/build/drive_base_msgs/rosidl_typesupport_fastrtps_cpp/drive_base_msgs/msg/detail/dds_fastrtps/command_status__type_support.cpp" "/home/duong/Arduino/ROS2_ServiceRobot/uros_ws/build/drive_base_msgs/rosidl_typesupport_fastrtps_cpp/drive_base_msgs/msg/detail/command_status__rosidl_typesupport_fastrtps_cpp.hpp" "/home/duong/Arduino/ROS2_ServiceRobot/uros_ws/build/drive_base_msgs/rosidl_typesupport_fastrtps_cpp/drive_base_msgs/msg/detail/dds_fastrtps/trv_command__type_support.cpp" "/home/duong/Arduino/ROS2_ServiceRobot/uros_ws/build/drive_base_msgs/rosidl_typesupport_fastrtps_cpp/drive_base_msgs/msg/detail/trv_command__rosidl_typesupport_fastrtps_cpp.hpp"
Directory: /home/duong/Arduino/ROS2_ServiceRobot/uros_ws/src/uros/drive_base/drive_base_msgs
"uncrustify_rosidl_typesupport_fastrtps_cpp" start time: Aug 01 02:04 +07
Output:
----------------------------------------------------------
-- run_test.py: invoking following command in '/home/duong/Arduino/ROS2_ServiceRobot/uros_ws/src/uros/drive_base/drive_base_msgs':
 - /opt/ros/iron/bin/ament_uncrustify --xunit-file /home/duong/Arduino/ROS2_ServiceRobot/uros_ws/build/drive_base_msgs/test_results/drive_base_msgs/uncrustify_rosidl_typesupport_fastrtps_cpp.xunit.xml --linelength 0 /home/duong/Arduino/ROS2_ServiceRobot/uros_ws/build/drive_base_msgs/rosidl_typesupport_fastrtps_cpp/drive_base_msgs/msg/detail/dds_fastrtps/command_header__type_support.cpp /home/duong/Arduino/ROS2_ServiceRobot/uros_ws/build/drive_base_msgs/rosidl_typesupport_fastrtps_cpp/drive_base_msgs/msg/detail/command_header__rosidl_typesupport_fastrtps_cpp.hpp /home/duong/Arduino/ROS2_ServiceRobot/uros_ws/build/drive_base_msgs/rosidl_typesupport_fastrtps_cpp/drive_base_msgs/msg/detail/dds_fastrtps/base_info__type_support.cpp /home/duong/Arduino/ROS2_ServiceRobot/uros_ws/build/drive_base_msgs/rosidl_typesupport_fastrtps_cpp/drive_base_msgs/msg/detail/base_info__rosidl_typesupport_fastrtps_cpp.hpp /home/duong/Arduino/ROS2_ServiceRobot/uros_ws/build/drive_base_msgs/rosidl_typesupport_fastrtps_cpp/drive_base_msgs/msg/detail/dds_fastrtps/command_status__type_support.cpp /home/duong/Arduino/ROS2_ServiceRobot/uros_ws/build/drive_base_msgs/rosidl_typesupport_fastrtps_cpp/drive_base_msgs/msg/detail/command_status__rosidl_typesupport_fastrtps_cpp.hpp /home/duong/Arduino/ROS2_ServiceRobot/uros_ws/build/drive_base_msgs/rosidl_typesupport_fastrtps_cpp/drive_base_msgs/msg/detail/dds_fastrtps/trv_command__type_support.cpp /home/duong/Arduino/ROS2_ServiceRobot/uros_ws/build/drive_base_msgs/rosidl_typesupport_fastrtps_cpp/drive_base_msgs/msg/detail/trv_command__rosidl_typesupport_fastrtps_cpp.hpp
No code style divergence in file '/home/duong/Arduino/ROS2_ServiceRobot/uros_ws/build/drive_base_msgs/rosidl_typesupport_fastrtps_cpp/drive_base_msgs/msg/detail/base_info__rosidl_typesupport_fastrtps_cpp.hpp'

No code style divergence in file '/home/duong/Arduino/ROS2_ServiceRobot/uros_ws/build/drive_base_msgs/rosidl_typesupport_fastrtps_cpp/drive_base_msgs/msg/detail/command_header__rosidl_typesupport_fastrtps_cpp.hpp'

No code style divergence in file '/home/duong/Arduino/ROS2_ServiceRobot/uros_ws/build/drive_base_msgs/rosidl_typesupport_fastrtps_cpp/drive_base_msgs/msg/detail/command_status__rosidl_typesupport_fastrtps_cpp.hpp'

No code style divergence in file '/home/duong/Arduino/ROS2_ServiceRobot/uros_ws/build/drive_base_msgs/rosidl_typesupport_fastrtps_cpp/drive_base_msgs/msg/detail/dds_fastrtps/base_info__type_support.cpp'

No code style divergence in file '/home/duong/Arduino/ROS2_ServiceRobot/uros_ws/build/drive_base_msgs/rosidl_typesupport_fastrtps_cpp/drive_base_msgs/msg/detail/dds_fastrtps/command_header__type_support.cpp'

No code style divergence in file '/home/duong/Arduino/ROS2_ServiceRobot/uros_ws/build/drive_base_msgs/rosidl_typesupport_fastrtps_cpp/drive_base_msgs/msg/detail/dds_fastrtps/command_status__type_support.cpp'

No code style divergence in file '/home/duong/Arduino/ROS2_ServiceRobot/uros_ws/build/drive_base_msgs/rosidl_typesupport_fastrtps_cpp/drive_base_msgs/msg/detail/dds_fastrtps/trv_command__type_support.cpp'

No code style divergence in file '/home/duong/Arduino/ROS2_ServiceRobot/uros_ws/build/drive_base_msgs/rosidl_typesupport_fastrtps_cpp/drive_base_msgs/msg/detail/trv_command__rosidl_typesupport_fastrtps_cpp.hpp'

No problems found
-- run_test.py: return code 0
-- run_test.py: verify result file '/home/duong/Arduino/ROS2_ServiceRobot/uros_ws/build/drive_base_msgs/test_results/drive_base_msgs/uncrustify_rosidl_typesupport_fastrtps_cpp.xunit.xml'
<end of output>
Test time =   0.29 sec
----------------------------------------------------------
Test Passed.
"uncrustify_rosidl_typesupport_fastrtps_cpp" end time: Aug 01 02:04 +07
"uncrustify_rosidl_typesupport_fastrtps_cpp" time elapsed: 00:00:00
----------------------------------------------------------

13/29 Testing: cppcheck_rosidl_typesupport_introspection_c
13/29 Test: cppcheck_rosidl_typesupport_introspection_c
Command: "/usr/bin/python3.10" "-u" "/opt/ros/iron/share/ament_cmake_test/cmake/run_test.py" "/home/duong/Arduino/ROS2_ServiceRobot/uros_ws/build/drive_base_msgs/test_results/drive_base_msgs/cppcheck_rosidl_typesupport_introspection_c.xunit.xml" "--package-name" "drive_base_msgs" "--output-file" "/home/duong/Arduino/ROS2_ServiceRobot/uros_ws/build/drive_base_msgs/ament_cppcheck/cppcheck_rosidl_typesupport_introspection_c.txt" "--command" "/opt/ros/iron/bin/ament_cppcheck" "--xunit-file" "/home/duong/Arduino/ROS2_ServiceRobot/uros_ws/build/drive_base_msgs/test_results/drive_base_msgs/cppcheck_rosidl_typesupport_introspection_c.xunit.xml" "/home/duong/Arduino/ROS2_ServiceRobot/uros_ws/build/drive_base_msgs/rosidl_typesupport_introspection_c/drive_base_msgs"
Directory: /home/duong/Arduino/ROS2_ServiceRobot/uros_ws/src/uros/drive_base/drive_base_msgs
"cppcheck_rosidl_typesupport_introspection_c" start time: Aug 01 02:04 +07
Output:
----------------------------------------------------------
-- run_test.py: invoking following command in '/home/duong/Arduino/ROS2_ServiceRobot/uros_ws/src/uros/drive_base/drive_base_msgs':
 - /opt/ros/iron/bin/ament_cppcheck --xunit-file /home/duong/Arduino/ROS2_ServiceRobot/uros_ws/build/drive_base_msgs/test_results/drive_base_msgs/cppcheck_rosidl_typesupport_introspection_c.xunit.xml /home/duong/Arduino/ROS2_ServiceRobot/uros_ws/build/drive_base_msgs/rosidl_typesupport_introspection_c/drive_base_msgs
cppcheck 2.7 has known performance issues and therefore will not be used, set the AMENT_CPPCHECK_ALLOW_SLOW_VERSIONS environment variable to override this.
-- run_test.py: return code 0
-- run_test.py: verify result file '/home/duong/Arduino/ROS2_ServiceRobot/uros_ws/build/drive_base_msgs/test_results/drive_base_msgs/cppcheck_rosidl_typesupport_introspection_c.xunit.xml'
<end of output>
Test time =   0.25 sec
----------------------------------------------------------
Test Passed.
"cppcheck_rosidl_typesupport_introspection_c" end time: Aug 01 02:04 +07
"cppcheck_rosidl_typesupport_introspection_c" time elapsed: 00:00:00
----------------------------------------------------------

14/29 Testing: cpplint_rosidl_typesupport_introspection_c
14/29 Test: cpplint_rosidl_typesupport_introspection_c
Command: "/usr/bin/python3.10" "-u" "/opt/ros/iron/share/ament_cmake_test/cmake/run_test.py" "/home/duong/Arduino/ROS2_ServiceRobot/uros_ws/build/drive_base_msgs/test_results/drive_base_msgs/cpplint_rosidl_typesupport_introspection_c.xunit.xml" "--package-name" "drive_base_msgs" "--output-file" "/home/duong/Arduino/ROS2_ServiceRobot/uros_ws/build/drive_base_msgs/ament_cpplint/cpplint_rosidl_typesupport_introspection_c.txt" "--command" "/opt/ros/iron/bin/ament_cpplint" "--xunit-file" "/home/duong/Arduino/ROS2_ServiceRobot/uros_ws/build/drive_base_msgs/test_results/drive_base_msgs/cpplint_rosidl_typesupport_introspection_c.xunit.xml" "--linelength" "999" "--root" "/home/duong/Arduino/ROS2_ServiceRobot/uros_ws/build/drive_base_msgs/rosidl_typesupport_introspection_c" "/home/duong/Arduino/ROS2_ServiceRobot/uros_ws/build/drive_base_msgs/rosidl_typesupport_introspection_c/drive_base_msgs"
Directory: /home/duong/Arduino/ROS2_ServiceRobot/uros_ws/src/uros/drive_base/drive_base_msgs
"cpplint_rosidl_typesupport_introspection_c" start time: Aug 01 02:04 +07
Output:
----------------------------------------------------------
-- run_test.py: invoking following command in '/home/duong/Arduino/ROS2_ServiceRobot/uros_ws/src/uros/drive_base/drive_base_msgs':
 - /opt/ros/iron/bin/ament_cpplint --xunit-file /home/duong/Arduino/ROS2_ServiceRobot/uros_ws/build/drive_base_msgs/test_results/drive_base_msgs/cpplint_rosidl_typesupport_introspection_c.xunit.xml --linelength 999 --root /home/duong/Arduino/ROS2_ServiceRobot/uros_ws/build/drive_base_msgs/rosidl_typesupport_introspection_c /home/duong/Arduino/ROS2_ServiceRobot/uros_ws/build/drive_base_msgs/rosidl_typesupport_introspection_c/drive_base_msgs
Using '--root=/home/duong/Arduino/ROS2_ServiceRobot/uros_ws/build/drive_base_msgs/rosidl_typesupport_introspection_c' argument

Done processing /home/duong/Arduino/ROS2_ServiceRobot/uros_ws/build/drive_base_msgs/rosidl_typesupport_introspection_c/drive_base_msgs/msg/detail/base_info__rosidl_typesupport_introspection_c.h

Done processing /home/duong/Arduino/ROS2_ServiceRobot/uros_ws/build/drive_base_msgs/rosidl_typesupport_introspection_c/drive_base_msgs/msg/detail/base_info__type_support.c

Done processing /home/duong/Arduino/ROS2_ServiceRobot/uros_ws/build/drive_base_msgs/rosidl_typesupport_introspection_c/drive_base_msgs/msg/detail/command_header__rosidl_typesupport_introspection_c.h

Done processing /home/duong/Arduino/ROS2_ServiceRobot/uros_ws/build/drive_base_msgs/rosidl_typesupport_introspection_c/drive_base_msgs/msg/detail/command_header__type_support.c

Done processing /home/duong/Arduino/ROS2_ServiceRobot/uros_ws/build/drive_base_msgs/rosidl_typesupport_introspection_c/drive_base_msgs/msg/detail/command_status__rosidl_typesupport_introspection_c.h

Done processing /home/duong/Arduino/ROS2_ServiceRobot/uros_ws/build/drive_base_msgs/rosidl_typesupport_introspection_c/drive_base_msgs/msg/detail/command_status__type_support.c

Done processing /home/duong/Arduino/ROS2_ServiceRobot/uros_ws/build/drive_base_msgs/rosidl_typesupport_introspection_c/drive_base_msgs/msg/detail/trv_command__rosidl_typesupport_introspection_c.h

Done processing /home/duong/Arduino/ROS2_ServiceRobot/uros_ws/build/drive_base_msgs/rosidl_typesupport_introspection_c/drive_base_msgs/msg/detail/trv_command__type_support.c

Done processing /home/duong/Arduino/ROS2_ServiceRobot/uros_ws/build/drive_base_msgs/rosidl_typesupport_introspection_c/drive_base_msgs/msg/rosidl_typesupport_introspection_c__visibility_control.h

No problems found
-- run_test.py: return code 0
-- run_test.py: verify result file '/home/duong/Arduino/ROS2_ServiceRobot/uros_ws/build/drive_base_msgs/test_results/drive_base_msgs/cpplint_rosidl_typesupport_introspection_c.xunit.xml'
<end of output>
Test time =   0.62 sec
----------------------------------------------------------
Test Passed.
"cpplint_rosidl_typesupport_introspection_c" end time: Aug 01 02:04 +07
"cpplint_rosidl_typesupport_introspection_c" time elapsed: 00:00:00
----------------------------------------------------------

15/29 Testing: uncrustify_rosidl_typesupport_introspection_c
15/29 Test: uncrustify_rosidl_typesupport_introspection_c
Command: "/usr/bin/python3.10" "-u" "/opt/ros/iron/share/ament_cmake_test/cmake/run_test.py" "/home/duong/Arduino/ROS2_ServiceRobot/uros_ws/build/drive_base_msgs/test_results/drive_base_msgs/uncrustify_rosidl_typesupport_introspection_c.xunit.xml" "--package-name" "drive_base_msgs" "--output-file" "/home/duong/Arduino/ROS2_ServiceRobot/uros_ws/build/drive_base_msgs/ament_uncrustify/uncrustify_rosidl_typesupport_introspection_c.txt" "--command" "/opt/ros/iron/bin/ament_uncrustify" "--xunit-file" "/home/duong/Arduino/ROS2_ServiceRobot/uros_ws/build/drive_base_msgs/test_results/drive_base_msgs/uncrustify_rosidl_typesupport_introspection_c.xunit.xml" "--linelength" "0" "/home/duong/Arduino/ROS2_ServiceRobot/uros_ws/build/drive_base_msgs/rosidl_typesupport_introspection_c/drive_base_msgs"
Directory: /home/duong/Arduino/ROS2_ServiceRobot/uros_ws/src/uros/drive_base/drive_base_msgs
"uncrustify_rosidl_typesupport_introspection_c" start time: Aug 01 02:04 +07
Output:
----------------------------------------------------------
-- run_test.py: invoking following command in '/home/duong/Arduino/ROS2_ServiceRobot/uros_ws/src/uros/drive_base/drive_base_msgs':
 - /opt/ros/iron/bin/ament_uncrustify --xunit-file /home/duong/Arduino/ROS2_ServiceRobot/uros_ws/build/drive_base_msgs/test_results/drive_base_msgs/uncrustify_rosidl_typesupport_introspection_c.xunit.xml --linelength 0 /home/duong/Arduino/ROS2_ServiceRobot/uros_ws/build/drive_base_msgs/rosidl_typesupport_introspection_c/drive_base_msgs
No code style divergence in file '/home/duong/Arduino/ROS2_ServiceRobot/uros_ws/build/drive_base_msgs/rosidl_typesupport_introspection_c/drive_base_msgs/msg/detail/base_info__rosidl_typesupport_introspection_c.h'

No code style divergence in file '/home/duong/Arduino/ROS2_ServiceRobot/uros_ws/build/drive_base_msgs/rosidl_typesupport_introspection_c/drive_base_msgs/msg/detail/base_info__type_support.c'

No code style divergence in file '/home/duong/Arduino/ROS2_ServiceRobot/uros_ws/build/drive_base_msgs/rosidl_typesupport_introspection_c/drive_base_msgs/msg/detail/command_header__rosidl_typesupport_introspection_c.h'

No code style divergence in file '/home/duong/Arduino/ROS2_ServiceRobot/uros_ws/build/drive_base_msgs/rosidl_typesupport_introspection_c/drive_base_msgs/msg/detail/command_header__type_support.c'

No code style divergence in file '/home/duong/Arduino/ROS2_ServiceRobot/uros_ws/build/drive_base_msgs/rosidl_typesupport_introspection_c/drive_base_msgs/msg/detail/command_status__rosidl_typesupport_introspection_c.h'

No code style divergence in file '/home/duong/Arduino/ROS2_ServiceRobot/uros_ws/build/drive_base_msgs/rosidl_typesupport_introspection_c/drive_base_msgs/msg/detail/command_status__type_support.c'

No code style divergence in file '/home/duong/Arduino/ROS2_ServiceRobot/uros_ws/build/drive_base_msgs/rosidl_typesupport_introspection_c/drive_base_msgs/msg/detail/trv_command__rosidl_typesupport_introspection_c.h'

No code style divergence in file '/home/duong/Arduino/ROS2_ServiceRobot/uros_ws/build/drive_base_msgs/rosidl_typesupport_introspection_c/drive_base_msgs/msg/detail/trv_command__type_support.c'

No code style divergence in file '/home/duong/Arduino/ROS2_ServiceRobot/uros_ws/build/drive_base_msgs/rosidl_typesupport_introspection_c/drive_base_msgs/msg/rosidl_typesupport_introspection_c__visibility_control.h'

No problems found
-- run_test.py: return code 0
-- run_test.py: verify result file '/home/duong/Arduino/ROS2_ServiceRobot/uros_ws/build/drive_base_msgs/test_results/drive_base_msgs/uncrustify_rosidl_typesupport_introspection_c.xunit.xml'
<end of output>
Test time =   0.24 sec
----------------------------------------------------------
Test Passed.
"uncrustify_rosidl_typesupport_introspection_c" end time: Aug 01 02:04 +07
"uncrustify_rosidl_typesupport_introspection_c" time elapsed: 00:00:00
----------------------------------------------------------

16/29 Testing: cppcheck_rosidl_typesupport_c
16/29 Test: cppcheck_rosidl_typesupport_c
Command: "/usr/bin/python3.10" "-u" "/opt/ros/iron/share/ament_cmake_test/cmake/run_test.py" "/home/duong/Arduino/ROS2_ServiceRobot/uros_ws/build/drive_base_msgs/test_results/drive_base_msgs/cppcheck_rosidl_typesupport_c.xunit.xml" "--package-name" "drive_base_msgs" "--output-file" "/home/duong/Arduino/ROS2_ServiceRobot/uros_ws/build/drive_base_msgs/ament_cppcheck/cppcheck_rosidl_typesupport_c.txt" "--command" "/opt/ros/iron/bin/ament_cppcheck" "--xunit-file" "/home/duong/Arduino/ROS2_ServiceRobot/uros_ws/build/drive_base_msgs/test_results/drive_base_msgs/cppcheck_rosidl_typesupport_c.xunit.xml" "/home/duong/Arduino/ROS2_ServiceRobot/uros_ws/build/drive_base_msgs/rosidl_typesupport_c/drive_base_msgs"
Directory: /home/duong/Arduino/ROS2_ServiceRobot/uros_ws/src/uros/drive_base/drive_base_msgs
"cppcheck_rosidl_typesupport_c" start time: Aug 01 02:04 +07
Output:
----------------------------------------------------------
-- run_test.py: invoking following command in '/home/duong/Arduino/ROS2_ServiceRobot/uros_ws/src/uros/drive_base/drive_base_msgs':
 - /opt/ros/iron/bin/ament_cppcheck --xunit-file /home/duong/Arduino/ROS2_ServiceRobot/uros_ws/build/drive_base_msgs/test_results/drive_base_msgs/cppcheck_rosidl_typesupport_c.xunit.xml /home/duong/Arduino/ROS2_ServiceRobot/uros_ws/build/drive_base_msgs/rosidl_typesupport_c/drive_base_msgs
cppcheck 2.7 has known performance issues and therefore will not be used, set the AMENT_CPPCHECK_ALLOW_SLOW_VERSIONS environment variable to override this.
-- run_test.py: return code 0
-- run_test.py: verify result file '/home/duong/Arduino/ROS2_ServiceRobot/uros_ws/build/drive_base_msgs/test_results/drive_base_msgs/cppcheck_rosidl_typesupport_c.xunit.xml'
<end of output>
Test time =   0.21 sec
----------------------------------------------------------
Test Passed.
"cppcheck_rosidl_typesupport_c" end time: Aug 01 02:04 +07
"cppcheck_rosidl_typesupport_c" time elapsed: 00:00:00
----------------------------------------------------------

17/29 Testing: cpplint_rosidl_typesupport_c
17/29 Test: cpplint_rosidl_typesupport_c
Command: "/usr/bin/python3.10" "-u" "/opt/ros/iron/share/ament_cmake_test/cmake/run_test.py" "/home/duong/Arduino/ROS2_ServiceRobot/uros_ws/build/drive_base_msgs/test_results/drive_base_msgs/cpplint_rosidl_typesupport_c.xunit.xml" "--package-name" "drive_base_msgs" "--output-file" "/home/duong/Arduino/ROS2_ServiceRobot/uros_ws/build/drive_base_msgs/ament_cpplint/cpplint_rosidl_typesupport_c.txt" "--command" "/opt/ros/iron/bin/ament_cpplint" "--xunit-file" "/home/duong/Arduino/ROS2_ServiceRobot/uros_ws/build/drive_base_msgs/test_results/drive_base_msgs/cpplint_rosidl_typesupport_c.xunit.xml" "--linelength" "999" "--root" "/home/duong/Arduino/ROS2_ServiceRobot/uros_ws/build/drive_base_msgs/rosidl_typesupport_c" "/home/duong/Arduino/ROS2_ServiceRobot/uros_ws/build/drive_base_msgs/rosidl_typesupport_c/drive_base_msgs"
Directory: /home/duong/Arduino/ROS2_ServiceRobot/uros_ws/src/uros/drive_base/drive_base_msgs
"cpplint_rosidl_typesupport_c" start time: Aug 01 02:04 +07
Output:
----------------------------------------------------------
-- run_test.py: invoking following command in '/home/duong/Arduino/ROS2_ServiceRobot/uros_ws/src/uros/drive_base/drive_base_msgs':
 - /opt/ros/iron/bin/ament_cpplint --xunit-file /home/duong/Arduino/ROS2_ServiceRobot/uros_ws/build/drive_base_msgs/test_results/drive_base_msgs/cpplint_rosidl_typesupport_c.xunit.xml --linelength 999 --root /home/duong/Arduino/ROS2_ServiceRobot/uros_ws/build/drive_base_msgs/rosidl_typesupport_c /home/duong/Arduino/ROS2_ServiceRobot/uros_ws/build/drive_base_msgs/rosidl_typesupport_c/drive_base_msgs
Using '--root=/home/duong/Arduino/ROS2_ServiceRobot/uros_ws/build/drive_base_msgs/rosidl_typesupport_c' argument

Done processing /home/duong/Arduino/ROS2_ServiceRobot/uros_ws/build/drive_base_msgs/rosidl_typesupport_c/drive_base_msgs/msg/base_info__type_support.cpp

Done processing /home/duong/Arduino/ROS2_ServiceRobot/uros_ws/build/drive_base_msgs/rosidl_typesupport_c/drive_base_msgs/msg/command_header__type_support.cpp

Done processing /home/duong/Arduino/ROS2_ServiceRobot/uros_ws/build/drive_base_msgs/rosidl_typesupport_c/drive_base_msgs/msg/command_status__type_support.cpp

Done processing /home/duong/Arduino/ROS2_ServiceRobot/uros_ws/build/drive_base_msgs/rosidl_typesupport_c/drive_base_msgs/msg/trv_command__type_support.cpp

No problems found
-- run_test.py: return code 0
-- run_test.py: verify result file '/home/duong/Arduino/ROS2_ServiceRobot/uros_ws/build/drive_base_msgs/test_results/drive_base_msgs/cpplint_rosidl_typesupport_c.xunit.xml'
<end of output>
Test time =   0.31 sec
----------------------------------------------------------
Test Passed.
"cpplint_rosidl_typesupport_c" end time: Aug 01 02:04 +07
"cpplint_rosidl_typesupport_c" time elapsed: 00:00:00
----------------------------------------------------------

18/29 Testing: uncrustify_rosidl_typesupport_c
18/29 Test: uncrustify_rosidl_typesupport_c
Command: "/usr/bin/python3.10" "-u" "/opt/ros/iron/share/ament_cmake_test/cmake/run_test.py" "/home/duong/Arduino/ROS2_ServiceRobot/uros_ws/build/drive_base_msgs/test_results/drive_base_msgs/uncrustify_rosidl_typesupport_c.xunit.xml" "--package-name" "drive_base_msgs" "--output-file" "/home/duong/Arduino/ROS2_ServiceRobot/uros_ws/build/drive_base_msgs/ament_uncrustify/uncrustify_rosidl_typesupport_c.txt" "--command" "/opt/ros/iron/bin/ament_uncrustify" "--xunit-file" "/home/duong/Arduino/ROS2_ServiceRobot/uros_ws/build/drive_base_msgs/test_results/drive_base_msgs/uncrustify_rosidl_typesupport_c.xunit.xml" "--linelength" "0" "/home/duong/Arduino/ROS2_ServiceRobot/uros_ws/build/drive_base_msgs/rosidl_typesupport_c/drive_base_msgs"
Directory: /home/duong/Arduino/ROS2_ServiceRobot/uros_ws/src/uros/drive_base/drive_base_msgs
"uncrustify_rosidl_typesupport_c" start time: Aug 01 02:04 +07
Output:
----------------------------------------------------------
-- run_test.py: invoking following command in '/home/duong/Arduino/ROS2_ServiceRobot/uros_ws/src/uros/drive_base/drive_base_msgs':
 - /opt/ros/iron/bin/ament_uncrustify --xunit-file /home/duong/Arduino/ROS2_ServiceRobot/uros_ws/build/drive_base_msgs/test_results/drive_base_msgs/uncrustify_rosidl_typesupport_c.xunit.xml --linelength 0 /home/duong/Arduino/ROS2_ServiceRobot/uros_ws/build/drive_base_msgs/rosidl_typesupport_c/drive_base_msgs
No code style divergence in file '/home/duong/Arduino/ROS2_ServiceRobot/uros_ws/build/drive_base_msgs/rosidl_typesupport_c/drive_base_msgs/msg/base_info__type_support.cpp'

No code style divergence in file '/home/duong/Arduino/ROS2_ServiceRobot/uros_ws/build/drive_base_msgs/rosidl_typesupport_c/drive_base_msgs/msg/command_header__type_support.cpp'

No code style divergence in file '/home/duong/Arduino/ROS2_ServiceRobot/uros_ws/build/drive_base_msgs/rosidl_typesupport_c/drive_base_msgs/msg/command_status__type_support.cpp'

No code style divergence in file '/home/duong/Arduino/ROS2_ServiceRobot/uros_ws/build/drive_base_msgs/rosidl_typesupport_c/drive_base_msgs/msg/trv_command__type_support.cpp'

No problems found
[...]
23/29 Test: cpplint_rosidl_typesupport_cpp
Command: "/usr/bin/python3.10" "-u" "/opt/ros/iron/share/ament_cmake_test/cmake/run_test.py" "/home/duong/Arduino/ROS2_ServiceRobot/uros_ws/build/drive_base_msgs/test_results/drive_base_msgs/cpplint_rosidl_typesupport_cpp.xunit.xml" "--package-name" "drive_base_msgs" "--output-file" "/home/duong/Arduino/ROS2_ServiceRobot/uros_ws/build/drive_base_msgs/ament_cpplint/cpplint_rosidl_typesupport_cpp.txt" "--command" "/opt/ros/iron/bin/ament_cpplint" "--xunit-file" "/home/duong/Arduino/ROS2_ServiceRobot/uros_ws/build/drive_base_msgs/test_results/drive_base_msgs/cpplint_rosidl_typesupport_cpp.xunit.xml" "--linelength" "999" "--root" "/home/duong/Arduino/ROS2_ServiceRobot/uros_ws/build/drive_base_msgs/rosidl_typesupport_cpp" "/home/duong/Arduino/ROS2_ServiceRobot/uros_ws/build/drive_base_msgs/rosidl_typesupport_cpp/drive_base_msgs"
Directory: /home/duong/Arduino/ROS2_ServiceRobot/uros_ws/src/uros/drive_base/drive_base_msgs
"cpplint_rosidl_typesupport_cpp" start time: Aug 01 02:04 +07
Output:
----------------------------------------------------------
-- run_test.py: invoking following command in '/home/duong/Arduino/ROS2_ServiceRobot/uros_ws/src/uros/drive_base/drive_base_msgs':
 - /opt/ros/iron/bin/ament_cpplint --xunit-file /home/duong/Arduino/ROS2_ServiceRobot/uros_ws/build/drive_base_msgs/test_results/drive_base_msgs/cpplint_rosidl_typesupport_cpp.xunit.xml --linelength 999 --root /home/duong/Arduino/ROS2_ServiceRobot/uros_ws/build/drive_base_msgs/rosidl_typesupport_cpp /home/duong/Arduino/ROS2_ServiceRobot/uros_ws/build/drive_base_msgs/rosidl_typesupport_cpp/drive_base_msgs
Using '--root=/home/duong/Arduino/ROS2_ServiceRobot/uros_ws/build/drive_base_msgs/rosidl_typesupport_cpp' argument

Done processing /home/duong/Arduino/ROS2_ServiceRobot/uros_ws/build/drive_base_msgs/rosidl_typesupport_cpp/drive_base_msgs/msg/base_info__type_support.cpp

Done processing /home/duong/Arduino/ROS2_ServiceRobot/uros_ws/build/drive_base_msgs/rosidl_typesupport_cpp/drive_base_msgs/msg/command_header__type_support.cpp

Done processing /home/duong/Arduino/ROS2_ServiceRobot/uros_ws/build/drive_base_msgs/rosidl_typesupport_cpp/drive_base_msgs/msg/command_status__type_support.cpp

Done processing /home/duong/Arduino/ROS2_ServiceRobot/uros_ws/build/drive_base_msgs/rosidl_typesupport_cpp/drive_base_msgs/msg/trv_command__type_support.cpp

No problems found
-- run_test.py: return code 0
-- run_test.py: verify result file '/home/duong/Arduino/ROS2_ServiceRobot/uros_ws/build/drive_base_msgs/test_results/drive_base_msgs/cpplint_rosidl_typesupport_cpp.xunit.xml'
<end of output>
Test time =   0.27 sec
----------------------------------------------------------
Test Passed.
"cpplint_rosidl_typesupport_cpp" end time: Aug 01 02:04 +07
"cpplint_rosidl_typesupport_cpp" time elapsed: 00:00:00
----------------------------------------------------------

24/29 Testing: uncrustify_rosidl_typesupport_cpp
24/29 Test: uncrustify_rosidl_typesupport_cpp
Command: "/usr/bin/python3.10" "-u" "/opt/ros/iron/share/ament_cmake_test/cmake/run_test.py" "/home/duong/Arduino/ROS2_ServiceRobot/uros_ws/build/drive_base_msgs/test_results/drive_base_msgs/uncrustify_rosidl_typesupport_cpp.xunit.xml" "--package-name" "drive_base_msgs" "--output-file" "/home/duong/Arduino/ROS2_ServiceRobot/uros_ws/build/drive_base_msgs/ament_uncrustify/uncrustify_rosidl_typesupport_cpp.txt" "--command" "/opt/ros/iron/bin/ament_uncrustify" "--xunit-file" "/home/duong/Arduino/ROS2_ServiceRobot/uros_ws/build/drive_base_msgs/test_results/drive_base_msgs/uncrustify_rosidl_typesupport_cpp.xunit.xml" "--linelength" "0" "/home/duong/Arduino/ROS2_ServiceRobot/uros_ws/build/drive_base_msgs/rosidl_typesupport_cpp/drive_base_msgs"
Directory: /home/duong/Arduino/ROS2_ServiceRobot/uros_ws/src/uros/drive_base/drive_base_msgs
"uncrustify_rosidl_typesupport_cpp" start time: Aug 01 02:04 +07
Output:
----------------------------------------------------------
-- run_test.py: invoking following command in '/home/duong/Arduino/ROS2_ServiceRobot/uros_ws/src/uros/drive_base/drive_base_msgs':
 - /opt/ros/iron/bin/ament_uncrustify --xunit-file /home/duong/Arduino/ROS2_ServiceRobot/uros_ws/build/drive_base_msgs/test_results/drive_base_msgs/uncrustify_rosidl_typesupport_cpp.xunit.xml --linelength 0 /home/duong/Arduino/ROS2_ServiceRobot/uros_ws/build/drive_base_msgs/rosidl_typesupport_cpp/drive_base_msgs
No code style divergence in file '/home/duong/Arduino/ROS2_ServiceRobot/uros_ws/build/drive_base_msgs/rosidl_typesupport_cpp/drive_base_msgs/msg/base_info__type_support.cpp'

No code style divergence in file '/home/duong/Arduino/ROS2_ServiceRobot/uros_ws/build/drive_base_msgs/rosidl_typesupport_cpp/drive_base_msgs/msg/command_header__type_support.cpp'

No code style divergence in file '/home/duong/Arduino/ROS2_ServiceRobot/uros_ws/build/drive_base_msgs/rosidl_typesupport_cpp/drive_base_msgs/msg/command_status__type_support.cpp'

No code style divergence in file '/home/duong/Arduino/ROS2_ServiceRobot/uros_ws/build/drive_base_msgs/rosidl_typesupport_cpp/drive_base_msgs/msg/trv_command__type_support.cpp'

No problems found
-- run_test.py: return code 0
-- run_test.py: verify result file '/home/duong/Arduino/ROS2_ServiceRobot/uros_ws/build/drive_base_msgs/test_results/drive_base_msgs/uncrustify_rosidl_typesupport_cpp.xunit.xml'
<end of output>
Test time =   0.16 sec
----------------------------------------------------------
Test Passed.
"uncrustify_rosidl_typesupport_cpp" end time: Aug 01 02:04 +07
"uncrustify_rosidl_typesupport_cpp" time elapsed: 00:00:00
----------------------------------------------------------

25/29 Testing: cppcheck_rosidl_generated_py
25/29 Test: cppcheck_rosidl_generated_py
Command: "/usr/bin/python3.10" "-u" "/opt/ros/iron/share/ament_cmake_test/cmake/run_test.py" "/home/duong/Arduino/ROS2_ServiceRobot/uros_ws/build/drive_base_msgs/test_results/drive_base_msgs/cppcheck_rosidl_generated_py.xunit.xml" "--package-name" "drive_base_msgs" "--output-file" "/home/duong/Arduino/ROS2_ServiceRobot/uros_ws/build/drive_base_msgs/ament_cppcheck/cppcheck_rosidl_generated_py.txt" "--command" "/opt/ros/iron/bin/ament_cppcheck" "--xunit-file" "/home/duong/Arduino/ROS2_ServiceRobot/uros_ws/build/drive_base_msgs/test_results/drive_base_msgs/cppcheck_rosidl_generated_py.xunit.xml" "/home/duong/Arduino/ROS2_ServiceRobot/uros_ws/build/drive_base_msgs/rosidl_generator_py/drive_base_msgs"
Directory: /home/duong/Arduino/ROS2_ServiceRobot/uros_ws/src/uros/drive_base/drive_base_msgs
"cppcheck_rosidl_generated_py" start time: Aug 01 02:04 +07
Output:
----------------------------------------------------------
-- run_test.py: invoking following command in '/home/duong/Arduino/ROS2_ServiceRobot/uros_ws/src/uros/drive_base/drive_base_msgs':
 - /opt/ros/iron/bin/ament_cppcheck --xunit-file /home/duong/Arduino/ROS2_ServiceRobot/uros_ws/build/drive_base_msgs/test_results/drive_base_msgs/cppcheck_rosidl_generated_py.xunit.xml /home/duong/Arduino/ROS2_ServiceRobot/uros_ws/build/drive_base_msgs/rosidl_generator_py/drive_base_msgs
cppcheck 2.7 has known performance issues and therefore will not be used, set the AMENT_CPPCHECK_ALLOW_SLOW_VERSIONS environment variable to override this.
-- run_test.py: return code 0
-- run_test.py: verify result file '/home/duong/Arduino/ROS2_ServiceRobot/uros_ws/build/drive_base_msgs/test_results/drive_base_msgs/cppcheck_rosidl_generated_py.xunit.xml'
<end of output>
Test time =   0.15 sec
----------------------------------------------------------
Test Passed.
"cppcheck_rosidl_generated_py" end time: Aug 01 02:04 +07
"cppcheck_rosidl_generated_py" time elapsed: 00:00:00
----------------------------------------------------------

26/29 Testing: cpplint_rosidl_generated_py
26/29 Test: cpplint_rosidl_generated_py
Command: "/usr/bin/python3.10" "-u" "/opt/ros/iron/share/ament_cmake_test/cmake/run_test.py" "/home/duong/Arduino/ROS2_ServiceRobot/uros_ws/build/drive_base_msgs/test_results/drive_base_msgs/cpplint_rosidl_generated_py.xunit.xml" "--package-name" "drive_base_msgs" "--output-file" "/home/duong/Arduino/ROS2_ServiceRobot/uros_ws/build/drive_base_msgs/ament_cpplint/cpplint_rosidl_generated_py.txt" "--command" "/opt/ros/iron/bin/ament_cpplint" "--xunit-file" "/home/duong/Arduino/ROS2_ServiceRobot/uros_ws/build/drive_base_msgs/test_results/drive_base_msgs/cpplint_rosidl_generated_py.xunit.xml" "--filters=-readability/fn_size" "--linelength" "999" "--root" "/home/duong/Arduino/ROS2_ServiceRobot/uros_ws/build/drive_base_msgs/rosidl_generator_py" "/home/duong/Arduino/ROS2_ServiceRobot/uros_ws/build/drive_base_msgs/rosidl_generator_py/drive_base_msgs"
Directory: /home/duong/Arduino/ROS2_ServiceRobot/uros_ws/src/uros/drive_base/drive_base_msgs
"cpplint_rosidl_generated_py" start time: Aug 01 02:04 +07
Output:
----------------------------------------------------------
-- run_test.py: invoking following command in '/home/duong/Arduino/ROS2_ServiceRobot/uros_ws/src/uros/drive_base/drive_base_msgs':
 - /opt/ros/iron/bin/ament_cpplint --xunit-file /home/duong/Arduino/ROS2_ServiceRobot/uros_ws/build/drive_base_msgs/test_results/drive_base_msgs/cpplint_rosidl_generated_py.xunit.xml --filters=-readability/fn_size --linelength 999 --root /home/duong/Arduino/ROS2_ServiceRobot/uros_ws/build/drive_base_msgs/rosidl_generator_py /home/duong/Arduino/ROS2_ServiceRobot/uros_ws/build/drive_base_msgs/rosidl_generator_py/drive_base_msgs
Using '--root=/home/duong/Arduino/ROS2_ServiceRobot/uros_ws/build/drive_base_msgs/rosidl_generator_py' argument

Done processing /home/duong/Arduino/ROS2_ServiceRobot/uros_ws/build/drive_base_msgs/rosidl_generator_py/drive_base_msgs/_drive_base_msgs_s.ep.rosidl_typesupport_c.c

Done processing /home/duong/Arduino/ROS2_ServiceRobot/uros_ws/build/drive_base_msgs/rosidl_generator_py/drive_base_msgs/_drive_base_msgs_s.ep.rosidl_typesupport_fastrtps_c.c

Done processing /home/duong/Arduino/ROS2_ServiceRobot/uros_ws/build/drive_base_msgs/rosidl_generator_py/drive_base_msgs/_drive_base_msgs_s.ep.rosidl_typesupport_introspection_c.c

Done processing /home/duong/Arduino/ROS2_ServiceRobot/uros_ws/build/drive_base_msgs/rosidl_generator_py/drive_base_msgs/msg/_base_info_s.c

Done processing /home/duong/Arduino/ROS2_ServiceRobot/uros_ws/build/drive_base_msgs/rosidl_generator_py/drive_base_msgs/msg/_command_header_s.c

Done processing /home/duong/Arduino/ROS2_ServiceRobot/uros_ws/build/drive_base_msgs/rosidl_generator_py/drive_base_msgs/msg/_command_status_s.c

Done processing /home/duong/Arduino/ROS2_ServiceRobot/uros_ws/build/drive_base_msgs/rosidl_generator_py/drive_base_msgs/msg/_trv_command_s.c

No problems found
-- run_test.py: return code 0
-- run_test.py: verify result file '/home/duong/Arduino/ROS2_ServiceRobot/uros_ws/build/drive_base_msgs/test_results/drive_base_msgs/cpplint_rosidl_generated_py.xunit.xml'
<end of output>
Test time =   0.58 sec
----------------------------------------------------------
Test Passed.
"cpplint_rosidl_generated_py" end time: Aug 01 02:04 +07
"cpplint_rosidl_generated_py" time elapsed: 00:00:00
----------------------------------------------------------

27/29 Testing: flake8_rosidl_generated_py
27/29 Test: flake8_rosidl_generated_py
Command: "/usr/bin/python3.10" "-u" "/opt/ros/iron/share/ament_cmake_test/cmake/run_test.py" "/home/duong/Arduino/ROS2_ServiceRobot/uros_ws/build/drive_base_msgs/test_results/drive_base_msgs/flake8_rosidl_generated_py.xunit.xml" "--package-name" "drive_base_msgs" "--output-file" "/home/duong/Arduino/ROS2_ServiceRobot/uros_ws/build/drive_base_msgs/ament_flake8/flake8_rosidl_generated_py.txt" "--command" "/opt/ros/iron/bin/ament_flake8" "--xunit-file" "/home/duong/Arduino/ROS2_ServiceRobot/uros_ws/build/drive_base_msgs/test_results/drive_base_msgs/flake8_rosidl_generated_py.xunit.xml" "--linelength" "999" "/home/duong/Arduino/ROS2_ServiceRobot/uros_ws/build/drive_base_msgs/rosidl_generator_py/drive_base_msgs"
Directory: /home/duong/Arduino/ROS2_ServiceRobot/uros_ws/src/uros/drive_base/drive_base_msgs
"flake8_rosidl_generated_py" start time: Aug 01 02:04 +07
Output:
----------------------------------------------------------
-- run_test.py: invoking following command in '/home/duong/Arduino/ROS2_ServiceRobot/uros_ws/src/uros/drive_base/drive_base_msgs':
 - /opt/ros/iron/bin/ament_flake8 --xunit-file /home/duong/Arduino/ROS2_ServiceRobot/uros_ws/build/drive_base_msgs/test_results/drive_base_msgs/flake8_rosidl_generated_py.xunit.xml --linelength 999 /home/duong/Arduino/ROS2_ServiceRobot/uros_ws/build/drive_base_msgs/rosidl_generator_py/drive_base_msgs

6 files checked
No problems found

Checked files:

* /home/duong/Arduino/ROS2_ServiceRobot/uros_ws/build/drive_base_msgs/rosidl_generator_py/drive_base_msgs/__init__.py
* /home/duong/Arduino/ROS2_ServiceRobot/uros_ws/build/drive_base_msgs/rosidl_generator_py/drive_base_msgs/msg/_command_status.py
* /home/duong/Arduino/ROS2_ServiceRobot/uros_ws/build/drive_base_msgs/rosidl_generator_py/drive_base_msgs/msg/_command_header.py
* /home/duong/Arduino/ROS2_ServiceRobot/uros_ws/build/drive_base_msgs/rosidl_generator_py/drive_base_msgs/msg/_trv_command.py
* /home/duong/Arduino/ROS2_ServiceRobot/uros_ws/build/drive_base_msgs/rosidl_generator_py/drive_base_msgs/msg/_base_info.py
* /home/duong/Arduino/ROS2_ServiceRobot/uros_ws/build/drive_base_msgs/rosidl_generator_py/drive_base_msgs/msg/__init__.py
-- run_test.py: return code 0
-- run_test.py: verify result file '/home/duong/Arduino/ROS2_ServiceRobot/uros_ws/build/drive_base_msgs/test_results/drive_base_msgs/flake8_rosidl_generated_py.xunit.xml'
<end of output>
Test time =   0.41 sec
----------------------------------------------------------
Test Passed.
"flake8_rosidl_generated_py" end time: Aug 01 02:04 +07
"flake8_rosidl_generated_py" time elapsed: 00:00:00
----------------------------------------------------------

28/29 Testing: pep257_rosidl_generated_py
28/29 Test: pep257_rosidl_generated_py
Command: "/usr/bin/python3.10" "-u" "/opt/ros/iron/share/ament_cmake_test/cmake/run_test.py" "/home/duong/Arduino/ROS2_ServiceRobot/uros_ws/build/drive_base_msgs/test_results/drive_base_msgs/pep257_rosidl_generated_py.xunit.xml" "--package-name" "drive_base_msgs" "--output-file" "/home/duong/Arduino/ROS2_ServiceRobot/uros_ws/build/drive_base_msgs/ament_pep257/pep257_rosidl_generated_py.txt" "--command" "/opt/ros/iron/bin/ament_pep257" "--xunit-file" "/home/duong/Arduino/ROS2_ServiceRobot/uros_ws/build/drive_base_msgs/test_results/drive_base_msgs/pep257_rosidl_generated_py.xunit.xml" "/home/duong/Arduino/ROS2_ServiceRobot/uros_ws/build/drive_base_msgs/rosidl_generator_py/drive_base_msgs"
Directory: /home/duong/Arduino/ROS2_ServiceRobot/uros_ws/src/uros/drive_base/drive_base_msgs
"pep257_rosidl_generated_py" start time: Aug 01 02:04 +07
Output:
----------------------------------------------------------
-- run_test.py: invoking following command in '/home/duong/Arduino/ROS2_ServiceRobot/uros_ws/src/uros/drive_base/drive_base_msgs':
 - /opt/ros/iron/bin/ament_pep257 --xunit-file /home/duong/Arduino/ROS2_ServiceRobot/uros_ws/build/drive_base_msgs/test_results/drive_base_msgs/pep257_rosidl_generated_py.xunit.xml /home/duong/Arduino/ROS2_ServiceRobot/uros_ws/build/drive_base_msgs/rosidl_generator_py/drive_base_msgs
checking /home/duong/Arduino/ROS2_ServiceRobot/uros_ws/build/drive_base_msgs/rosidl_generator_py/drive_base_msgs/__init__.py
checking /home/duong/Arduino/ROS2_ServiceRobot/uros_ws/build/drive_base_msgs/rosidl_generator_py/drive_base_msgs/msg/__init__.py
checking /home/duong/Arduino/ROS2_ServiceRobot/uros_ws/build/drive_base_msgs/rosidl_generator_py/drive_base_msgs/msg/_base_info.py
checking /home/duong/Arduino/ROS2_ServiceRobot/uros_ws/build/drive_base_msgs/rosidl_generator_py/drive_base_msgs/msg/_command_header.py
checking /home/duong/Arduino/ROS2_ServiceRobot/uros_ws/build/drive_base_msgs/rosidl_generator_py/drive_base_msgs/msg/_command_status.py
checking /home/duong/Arduino/ROS2_ServiceRobot/uros_ws/build/drive_base_msgs/rosidl_generator_py/drive_base_msgs/msg/_trv_command.py
No problems found
-- run_test.py: return code 0
-- run_test.py: verify result file '/home/duong/Arduino/ROS2_ServiceRobot/uros_ws/build/drive_base_msgs/test_results/drive_base_msgs/pep257_rosidl_generated_py.xunit.xml'
<end of output>
Test time =   0.26 sec
----------------------------------------------------------
Test Passed.
"pep257_rosidl_generated_py" end time: Aug 01 02:04 +07
"pep257_rosidl_generated_py" time elapsed: 00:00:00
----------------------------------------------------------

29/29 Testing: uncrustify_rosidl_generated_py
29/29 Test: uncrustify_rosidl_generated_py
Command: "/usr/bin/python3.10" "-u" "/opt/ros/iron/share/ament_cmake_test/cmake/run_test.py" "/home/duong/Arduino/ROS2_ServiceRobot/uros_ws/build/drive_base_msgs/test_results/drive_base_msgs/uncrustify_rosidl_generated_py.xunit.xml" "--package-name" "drive_base_msgs" "--output-file" "/home/duong/Arduino/ROS2_ServiceRobot/uros_ws/build/drive_base_msgs/ament_uncrustify/uncrustify_rosidl_generated_py.txt" "--command" "/opt/ros/iron/bin/ament_uncrustify" "--xunit-file" "/home/duong/Arduino/ROS2_ServiceRobot/uros_ws/build/drive_base_msgs/test_results/drive_base_msgs/uncrustify_rosidl_generated_py.xunit.xml" "--linelength" "0" "/home/duong/Arduino/ROS2_ServiceRobot/uros_ws/build/drive_base_msgs/rosidl_generator_py/drive_base_msgs"
Directory: /home/duong/Arduino/ROS2_ServiceRobot/uros_ws/src/uros/drive_base/drive_base_msgs
"uncrustify_rosidl_generated_py" start time: Aug 01 02:04 +07
Output:
----------------------------------------------------------
-- run_test.py: invoking following command in '/home/duong/Arduino/ROS2_ServiceRobot/uros_ws/src/uros/drive_base/drive_base_msgs':
 - /opt/ros/iron/bin/ament_uncrustify --xunit-file /home/duong/Arduino/ROS2_ServiceRobot/uros_ws/build/drive_base_msgs/test_results/drive_base_msgs/uncrustify_rosidl_generated_py.xunit.xml --linelength 0 /home/duong/Arduino/ROS2_ServiceRobot/uros_ws/build/drive_base_msgs/rosidl_generator_py/drive_base_msgs
No code style divergence in file '/home/duong/Arduino/ROS2_ServiceRobot/uros_ws/build/drive_base_msgs/rosidl_generator_py/drive_base_msgs/_drive_base_msgs_s.ep.rosidl_typesupport_c.c'

No code style divergence in file '/home/duong/Arduino/ROS2_ServiceRobot/uros_ws/build/drive_base_msgs/rosidl_generator_py/drive_base_msgs/_drive_base_msgs_s.ep.rosidl_typesupport_fastrtps_c.c'

No code style divergence in file '/home/duong/Arduino/ROS2_ServiceRobot/uros_ws/build/drive_base_msgs/rosidl_generator_py/drive_base_msgs/_drive_base_msgs_s.ep.rosidl_typesupport_introspection_c.c'

No code style divergence in file '/home/duong/Arduino/ROS2_ServiceRobot/uros_ws/build/drive_base_msgs/rosidl_generator_py/drive_base_msgs/msg/_base_info_s.c'

No code style divergence in file '/home/duong/Arduino/ROS2_ServiceRobot/uros_ws/build/drive_base_msgs/rosidl_generator_py/drive_base_msgs/msg/_command_header_s.c'

No code style divergence in file '/home/duong/Arduino/ROS2_ServiceRobot/uros_ws/build/drive_base_msgs/rosidl_generator_py/drive_base_msgs/msg/_command_status_s.c'

No code style divergence in file '/home/duong/Arduino/ROS2_ServiceRobot/uros_ws/build/drive_base_msgs/rosidl_generator_py/drive_base_msgs/msg/_trv_command_s.c'

No problems found
-- run_test.py: return code 0
-- run_test.py: verify result file '/home/duong/Arduino/ROS2_ServiceRobot/uros_ws/build/drive_base_msgs/test_results/drive_base_msgs/uncrustify_rosidl_generated_py.xunit.xml'
<end of output>
Test time =   0.20 sec
----------------------------------------------------------
Test Passed.
"uncrustify_rosidl_generated_py" end time: Aug 01 02:04 +07
"uncrustify_rosidl_generated_py" time elapsed: 00:00:00
----------------------------------------------------------

End testing: Aug 01 02:04 +07

cppcheck =   1.99 sec*proc

cpplint =   6.79 sec*proc

flake8 =   0.41 sec*proc

linter =  11.74 sec*proc

pep257 =   0.26 sec*proc

uncrustify =   2.28 sec*proc

